140	1.2	0
-2.879793	0.615174	-0.666022
2.380392	2.500101	-0.120466
rec.job237912.bl.pdb	-35.719	-30.332	46.625
lig.job237912.bl.pdb	18.674	3.785	28.739
2.094395	2.187132	-0.479875	22	137	119	1612.724
-0.261799	2.863997	0.549740	8	3	112	1547.771
2.094395	2.089241	-0.114193	20	138	117	1519.583
2.094395	2.404280	-0.174044	18	137	114	1507.975
1.832596	2.404280	-0.174044	16	134	114	1461.000
2.356194	2.089241	-0.114193	22	3	116	1418.601
1.832596	2.455966	-0.641220	19	131	116	1411.842
1.047198	1.872854	1.543456	21	7	112	1347.642
2.879793	2.664082	-1.071402	29	5	123	1333.016
2.094395	1.909857	-0.381669	25	138	121	1316.321
1.308997	2.984978	1.954446	10	6	114	1315.215
2.094395	2.760637	2.781135	13	10	117	1307.494
2.879793	2.407836	1.410646	9	0	111	1296.988
-2.879793	2.979456	-1.009304	27	7	122	1288.477
1.832596	1.555207	1.708892	26	7	122	1288.131
2.879793	1.510910	-0.740472	28	1	123	1271.764
1.047198	2.984978	1.954446	13	6	114	1267.291
2.617994	2.295480	1.008277	14	139	111	1266.159
2.617994	1.756530	-2.105156	17	15	131	1260.248
2.356194	2.115563	0.685730	15	5	110	1253.377
2.356194	1.488617	1.159546	25	10	122	1245.736
2.356194	1.417623	-0.202254	35	0	130	1243.719
1.832596	1.909857	-0.381669	22	134	121	1242.844
-1.570796	2.089241	-0.114193	18	10	116	1236.590
2.356194	1.836682	-0.676006	27	0	123	1231.251
1.570796	2.664082	-1.071402	20	132	117	1229.411
2.356194	2.001437	0.381215	19	6	113	1228.475
1.570796	1.555207	1.708892	29	3	122	1221.158
2.879793	2.295480	1.008277	15	0	111	1213.298
1.570796	1.824694	1.850876	19	11	114	1209.771
1.308997	1.872854	1.543456	21	9	113	1202.039
2.617994	1.875281	0.107086	27	132	114	1196.398
1.047198	2.579248	-2.364801	24	134	120	1195.752
2.617994	2.104282	-0.813972	29	6	125	1192.755
2.617994	1.909857	-0.381669	35	2	128	1192.146
2.879793	2.063651	-2.044600	3	128	118	1191.811
2.617994	2.343981	-1.040456	28	6	123	1190.785
1.047198	1.836682	-0.676006	14	132	121	1187.351
1.832596	2.089241	-0.114193	20	136	117	1186.874
1.047198	1.569311	-3.003978	22	14	128	1185.853
1.047198	1.909857	-0.381669	13	132	118	1184.946
1.308997	2.073035	2.027405	19	14	115	1183.330
0.785398	2.138223	1.678323	16	9	108	1181.446
2.617994	1.510910	-0.740472	28	138	122	1181.423
2.356194	2.760637	2.781135	10	11	116	1175.152
0.523599	2.393226	1.857173	22	12	114	1171.021
2.356194	1.696674	-1.253233	34	132	31	1170.082
1.308997	2.174483	2.653697	17	31	121	1169.233
0.000000	2.863997	0.549740	10	1	114	1167.529
0.785398	1.872854	1.543456	24	4	113	1161.067
1.308997	2.295480	1.008277	9	139	106	1156.459
0.785398	2.704512	1.488683	13	2	111	1156.106
2.617994	2.108018	1.311430	15	4	115	1151.118
0.785398	2.393226	1.857173	20	17	114	1140.993
2.094395	1.488617	1.159546	28	6	122	1136.494
-2.879793	2.579248	-2.364801	9	10	121	1132.302
2.094395	1.699788	2.452890	14	12	122	1129.373
1.308997	2.299159	2.264663	17	17	114	1128.593
2.356194	1.721184	-0.153948	32	138	124	1128.520
1.570796	1.569311	-3.003978	30	5	139	1127.001
2.094395	1.683268	0.374177	18	133	109	1125.947
1.308997	0.850607	-1.335383	9	107	37	1124.885
1.308997	1.662363	0.915448	24	6	117	1124.570
2.617994	2.063651	-2.044600	0	129	118	1123.971
2.094395	2.455966	-0.641220	22	137	117	1121.283
1.570796	1.998705	2.370472	18	18	119	1121.202
2.879793	2.719179	-1.780644	26	18	128	1120.060
-2.356194	2.664082	-1.071402	19	6	120	1119.396
1.570796	1.554776	0.100351	15	125	110	1118.783
1.570796	2.407836	1.410646	9	5	106	1116.109
2.356194	1.510910	-0.740472	25	131	121	1115.425
2.094395	1.510910	-0.740472	29	137	129	1114.533
1.832596	1.367556	0.358405	24	133	112	1114.462
2.356194	2.187132	-0.479875	25	0	117	1113.137
2.356194	1.872854	1.543456	13	13	113	1111.458
0.523599	1.184361	0.625864	2	21	116	1110.336
2.617994	1.413347	-1.339188	31	135	35	1110.239
1.308997	1.488617	1.159546	20	8	108	1109.291
1.308997	2.115563	0.685730	12	138	110	1106.791
2.617994	2.115563	0.685730	23	1	115	1105.125
2.356194	1.367556	0.358405	22	13	110	1104.259
1.832596	2.247462	0.191623	8	123	108	1103.753
1.308997	2.164094	-2.991358	35	13	1	1103.428
-0.785398	1.025536	1.576859	12	137	110	1102.860
0.261799	2.984978	1.954446	21	4	114	1101.565
1.570796	2.108018	1.311430	13	5	108	1099.507
1.308997	1.998705	2.370472	30	14	131	1099.255
2.094395	2.115563	0.685730	15	1	110	1096.044
2.356194	1.433411	-1.035986	22	16	128	1094.876
-1.308997	1.606104	-0.451151	28	137	129	1093.935
0.785398	2.984978	1.954446	23	14	123	1093.656
2.617994	2.247462	0.191623	20	125	111	1092.710
1.570796	1.574060	2.783565	23	19	129	1092.686
0.000000	1.134796	2.434290	21	116	33	1088.200
2.356194	2.063651	-2.044600	138	133	117	1086.834
0.000000	0.733948	3.021411	27	121	37	1085.524
1.570796	2.104282	-0.813972	26	132	26	1084.919
2.356194	1.554776	0.100351	21	6	110	1083.647
1.570796	2.637879	2.121598	16	7	115	1083.442
2.879793	0.591903	2.010408	22	135	119	1082.533
2.356194	2.153910	-1.714959	32	14	20	1081.953
2.356194	1.301460	-0.509251	37	137	139	1080.890
2.094395	0.290380	-0.796960	14	119	121	1079.171
1.570796	1.766067	2.153843	22	16	120	1079.157
-0.523599	0.370812	-2.547742	11	138	110	1079.044
-1.570796	2.404280	-0.174044	22	11	118	1078.620
2.879793	2.592629	0.909713	17	136	115	1077.108
2.094395	1.977582	0.969896	21	0	114	1076.777
-3.141593	2.704512	1.488683	8	135	112	1075.505
2.879793	0.866955	-0.931351	38	131	27	1074.685
2.094395	2.247462	0.191623	17	139	113	1073.405
0.261799	0.297065	2.160177	20	26	15	1072.770
1.570796	2.724429	-0.348782	10	130	112	1071.719
1.047198	1.998705	2.370472	20	27	118	1069.925
2.879793	2.343981	-1.040456	29	8	126	1069.364
2.356194	1.195355	1.200319	28	13	128	1069.298
0.785398	2.478122	2.609777	24	25	122	1069.243
2.094395	1.335669	0.897240	32	3	126	1069.174
-2.617994	2.979456	-1.009304	23	12	121	1068.788
1.570796	2.187132	-0.479875	18	131	117	1068.504
1.570796	0.418037	1.360082	36	3	22	1068.178
-1.832596	2.587733	0.232235	24	2	113	1067.989
2.094395	1.875281	0.107086	22	2	118	1067.841
2.356194	2.295480	1.008277	13	138	111	1067.799
2.094395	1.555207	1.708892	24	10	122	1065.080
2.094395	1.836682	-0.676006	27	137	123	1064.677
-0.785398	2.033014	2.977192	14	18	119	1063.302
0.261799	0.929350	-2.910676	28	125	38	1063.203
2.879793	2.379497	0.561089	22	138	113	1061.647
1.570796	2.455966	-0.641220	17	131	117	1059.463
-0.261799	1.696674	-1.253233	115	117	13	1059.137
0.523599	2.704512	1.488683	15	2	111	1058.904
2.356194	2.343981	-1.040456	29	1	123	1058.753
-2.617994	2.396274	-1.959260	10	9	123	1058.534
0.000000	0.640596	-2.797608	27	128	39	1058.505
1.832596	1.721184	-0.153948	24	137	122	1053.889
1.570796	1.909857	-0.381669	21	131	120	1053.515
2.879793	2.456751	-1.503343	29	16	131	1053.113
1.047198	2.379497	0.561089	5	18	109	1051.858
1.570796	1.367556	0.358405	22	131	111	1051.152
1.832596	1.766067	2.153843	18	18	120	1050.963
1.570796	1.699788	2.452890	22	19	124	1050.145
1.308997	2.247462	0.191623	12	139	110	1049.871
1.308997	1.824694	1.850876	22	9	115	1048.895
-0.523599	2.760637	2.781135	30	139	124	1047.122
2.617994	2.396274	-1.959260	14	23	113	1046.553
-2.617994	1.440580	2.260026	8	129	29	1045.930
1.570796	2.379497	0.561089	11	3	108	1045.920
-1.570796	2.379497	0.561089	18	139	108	1045.104
-2.617994	0.379747	-1.713059	127	135	23	1044.850
2.617994	2.979456	-1.009304	27	137	116	1044.237
-0.261799	1.050534	3.042579	23	111	36	1043.896
1.832596	1.606104	-0.451151	26	135	124	1043.853
0.785398	1.909857	-0.381669	10	131	117	1043.121
0.523599	1.870545	-2.976234	21	1	124	1042.820
1.570796	1.977582	0.969896	15	1	110	1042.071
0.523599	2.588535	-2.976617	23	132	118	1041.222
-2.356194	2.724429	-0.348782	29	4	119	1041.205
-2.879793	0.992645	-1.723759	20	13	134	1041.191
1.570796	1.184361	0.625864	28	135	115	1040.503
1.570796	0.685216	-1.712745	6	113	41	1039.771
2.094395	1.662363	0.915448	21	7	113	1039.648
1.570796	1.506530	1.988858	31	6	126	1039.597
2.879793	2.724429	-0.348782	30	138	118	1038.025
1.308997	1.599406	1.426070	24	9	114	1037.042
2.617994	1.113094	-0.272241	43	133	11	1036.534
2.356194	1.135834	-1.431087	20	136	129	1036.177
-1.047198	1.824694	1.850876	139	107	116	1036.036
1.308997	2.251330	-2.330739	26	137	125	1035.862
1.570796	1.736875	3.023612	30	5	133	1035.286
1.308997	1.699788	2.452890	18	31	119	1034.165
2.356194	2.247462	0.191623	17	1	113	1033.918
0.261799	0.914445	2.687814	32	119	32	1033.814
0.785398	2.592629	0.909713	4	136	107	1033.732
2.356194	0.866955	-0.931351	21	2	125	1032.518
0.785398	2.063651	-2.044600	11	17	119	1032.060
0.785398	1.555207	1.708892	20	6	105	1032.008
2.094395	2.881233	-2.582574	27	16	126	1031.829
-1.308997	2.089241	-0.114193	15	11	115	1031.712
-3.141593	2.343981	-1.040456	28	12	126	1030.618
2.094395	2.138223	1.678323	15	6	113	1030.124
0.523599	1.683268	0.374177	12	7	114	1029.771
2.617994	1.721184	-0.153948	33	4	124	1029.170
1.570796	2.247462	0.191623	3	123	108	1029.167
2.617994	2.379497	0.561089	21	136	113	1026.742
2.356194	1.699788	2.452890	13	13	122	1025.614
1.570796	1.256302	0.062705	21	2	115	1025.196
0.523599	1.599406	1.426070	19	115	115	1024.911
-1.570796	1.721184	-0.153948	27	134	131	1024.751
1.570796	1.504028	0.636812	22	135	110	1024.389
2.879793	1.836682	-0.676006	27	138	120	1023.980
-1.047198	0.700570	1.559208	6	134	112	1022.849
-0.523599	2.704512	1.488683	24	11	112	1022.200
0.523599	2.592629	0.909713	10	136	110	1021.371
-2.356194	2.456751	-1.503343	10	8	120	1020.951
1.570796	2.349581	-2.702517	24	7	122	1018.120
0.785398	2.033014	2.977192	23	9	118	1017.690
2.617994	1.824694	1.850876	14	11	120	1017.615
1.832596	2.187132	-0.479875	22	133	119	1017.604
2.617994	1.606104	-0.451151	36	4	133	1016.855
1.308997	2.407836	1.410646	9	2	106	1016.759
1.832596	2.251330	-2.330739	33	3	132	1014.824
1.570796	1.214854	-1.966664	10	17	30	1013.871
-2.879793	0.571433	-1.188419	25	1	126	1010.987
0.000000	2.104282	-0.813972	6	118	36	1010.436
2.094395	1.554776	0.100351	31	136	122	1009.863
0.785398	2.108018	1.311430	15	9	108	1009.346
2.617994	2.251330	-2.330739	23	26	2	1009.105
1.308997	2.379497	0.561089	9	139	107	1008.565
-0.785398	2.724429	-0.348782	8	15	118	1008.541
0.261799	1.948085	-2.363031	14	11	118	1008.071
2.356194	1.732874	-0.951685	23	5	122	1006.869
1.308997	2.041297	-2.664597	32	138	132	1006.846
1.047198	2.704512	1.488683	13	1	112	1006.365
1.308997	2.579248	-2.364801	36	3	135	1006.225
1.832596	1.683268	0.374177	24	136	117	1005.984
-3.141593	2.104282	-0.813972	28	9	122	1005.213
-0.261799	2.404280	-0.174044	3	15	113	1004.911
0.261799	1.374601	-2.456031	25	12	138	1004.580
0.785398	2.396274	-1.959260	19	133	123	1004.386
2.617994	1.846342	-1.796954	18	12	124	1003.288
0.785398	2.001437	0.381215	8	14	113	1002.756
2.879793	0.850607	-1.335383	21	9	129	1002.236
2.356194	1.335669	0.897240	30	8	126	1002.029
1.832596	2.299159	2.264663	12	23	113	1001.445
2.879793	0.899350	-2.069907	22	136	35	1000.592
1.308997	1.741644	-2.695914	31	138	137	1000.472
1.832596	1.214854	-1.966664	8	20	30	1000.109
-3.141593	2.760637	2.781135	24	129	130	1000.003
1.832596	0.203748	0.590255	33	129	33	999.752
1.308997	2.349581	-2.702517	30	139	125	999.660
1.308997	2.637879	2.121598	18	5	115	999.536
1.047198	2.356369	3.005869	35	12	134	999.256
0.000000	1.554776	0.100351	5	138	112	998.627
1.308997	2.478122	2.609777	18	17	115	998.590
1.570796	2.138223	1.678323	14	7	109	998.444
2.356194	2.251330	-2.330739	28	22	2	997.869
2.356194	0.458961	-0.107937	39	131	21	997.030
1.832596	1.875281	0.107086	16	125	110	996.457
1.832596	2.724429	-0.348782	14	133	113	996.235
1.832596	1.872854	1.543456	22	4	116	995.899
2.617994	2.138223	1.678323	14	6	116	995.356
2.356194	1.683268	0.374177	24	10	117	995.311
1.570796	1.325504	-1.671296	12	13	29	995.085
1.047198	1.218453	2.777284	38	137	25	995.042
2.617994	1.662363	0.915448	25	8	121	994.968
1.047198	2.881233	-2.582574	34	0	127	994.897
0.785398	2.407836	1.410646	14	138	108	994.661
2.617994	1.506530	1.988858	15	10	120	994.615
2.879793	1.448123	-2.163292	16	15	133	994.024
0.261799	1.662363	0.915448	7	111	113	992.725
1.047198	2.349581	-2.702517	29	134	125	992.708
0.785398	1.824694	1.850876	18	10	106	992.698
1.832596	0.418037	1.360082	33	11	20	992.399
-2.617994	1.168678	2.108595	8	126	30	992.375
-1.047198	0.297065	2.160177	10	15	111	991.906
1.047198	1.732874	-0.951685	21	128	30	991.896
-2.094395	0.080730	-2.622036	20	123	122	990.280
0.000000	0.370812	-2.547742	25	136	38	990.269
2.356194	2.456751	-1.503343	26	13	121	990.109
2.617994	2.001437	0.381215	17	9	109	989.599
2.356194	2.979456	-1.009304	25	135	114	989.462
0.785398	1.836682	-0.676006	10	129	120	989.326
2.094395	2.719179	-1.780644	30	1	121	989.018
-1.047198	2.247462	0.191623	19	9	116	988.856
1.832596	1.506530	1.988858	28	9	126	988.841
2.356194	1.756530	-2.105156	18	8	129	987.651
1.832596	1.977582	0.969896	22	137	114	986.565
0.785398	2.724429	-0.348782	11	133	117	985.864
2.356194	1.977582	0.969896	22	3	115	985.089
0.523599	2.063651	-2.044600	13	14	119	984.189
1.832596	1.809167	1.213774	17	8	112	984.168
0.785398	1.809167	1.213774	16	9	108	983.794
2.879793	1.194549	-0.801900	40	135	24	982.564
2.094395	1.599406	1.426070	18	118	34	981.834
1.570796	2.984978	1.954446	7	6	113	981.715
-2.094395	1.301460	-0.509251	24	124	29	981.249
1.570796	1.809167	1.213774	19	7	112	980.873
-2.879793	1.696674	-1.253233	12	127	126	979.947
-0.261799	1.134796	2.434290	19	113	33	979.864
-2.879793	1.904882	-1.478089	15	126	128	979.701
1.832596	0.914445	2.687814	12	18	118	978.885
-0.523599	1.195355	1.200319	11	4	107	978.482
2.356194	0.290380	-0.796960	27	122	36	977.486
1.308997	1.045978	0.343692	21	130	113	977.090
1.570796	2.033014	2.977192	22	13	123	976.452
2.094395	1.413430	2.550734	15	14	124	976.095
-3.141593	2.979456	-1.009304	29	4	121	976.083
2.356194	2.455966	-0.641220	29	136	118	974.990
1.570796	2.299159	2.264663	16	19	114	974.984
0.000000	1.050534	3.042579	26	115	36	974.879
1.832596	1.699788	2.452890	18	21	124	974.805
1.047198	2.478122	2.609777	20	11	115	974.750
1.047198	2.174483	2.653697	22	25	121	974.602
1.308997	1.367556	0.358405	21	128	111	973.952
-2.879793	2.724429	-0.348782	27	2	116	973.732
-2.617994	2.863997	0.549740	27	136	116	972.768
1.832596	1.824694	1.850876	17	15	115	972.719
-2.094395	2.138223	1.678323	19	14	126	972.539
1.832596	1.574060	2.783565	18	15	127	972.438
2.356194	1.909857	-0.381669	26	2	120	972.036
1.570796	0.203748	0.590255	31	122	35	971.689
-2.356194	1.606104	-0.451151	21	121	33	971.380
-3.141593	1.194549	-0.801900	29	14	127	970.610
2.617994	1.488617	1.159546	23	14	123	970.225
0.523599	0.733948	3.021411	32	130	35	970.031
2.879793	1.721184	-0.153948	32	135	119	968.680
2.356194	1.599406	1.426070	22	11	120	968.385
1.047198	2.164094	-2.991358	26	138	123	967.564
0.523599	1.218453	2.777284	36	121	28	967.306
2.879793	1.948085	-2.363031	17	29	10	966.559
1.047198	2.592629	0.909713	5	138	107	966.437
-1.047198	0.419640	2.974122	27	128	125	966.036
0.261799	2.393226	1.857173	25	8	114	966.007
2.094395	0.418037	1.360082	30	15	21	965.806
2.617994	2.456751	-1.503343	31	9	130	965.780
2.879793	1.982574	-1.115518	34	138	131	965.721
1.832596	1.113094	-0.272241	22	136	117	965.653
-1.832596	2.379497	0.561089	19	137	109	963.976
2.617994	2.664082	-1.071402	29	2	120	963.888
1.047198	0.496451	0.593859	24	130	119	963.727
0.261799	1.128190	-2.288622	22	17	0	963.348
1.570796	1.756530	-2.105156	24	19	19	963.086
2.094395	2.396274	-1.959260	37	10	8	962.741
2.094395	2.251330	-2.330739	20	7	124	962.525
0.523599	1.554776	0.100351	9	3	113	961.809
-1.308997	2.704512	1.488683	18	129	109	961.762
2.356194	1.413347	-1.339188	29	130	36	960.754
-2.094395	2.587733	0.232235	24	0	112	960.456
2.094395	1.606104	-0.451151	34	125	23	960.128
2.094395	2.724429	-0.348782	21	128	113	959.922
0.261799	0.866395	-2.492918	32	128	7	959.559
0.000000	1.391910	3.030322	25	109	32	958.655
1.832596	1.756530	-2.105156	21	3	131	958.550
0.261799	1.488617	1.159546	12	109	115	958.371
1.832596	1.510910	-0.740472	27	133	129	958.305
2.094395	1.766067	2.153843	15	18	120	957.858
1.570796	1.869911	2.701025	22	19	124	957.517
-1.308997	0.700570	1.559208	4	134	111	957.500
-2.356194	2.719179	-1.780644	19	126	131	957.478
1.047198	1.736875	3.023612	24	17	126	957.073
-3.141593	1.555207	1.708892	20	5	123	956.685
2.617994	0.910508	1.903534	15	28	136	956.266
1.570796	0.762244	-0.273349	19	123	119	955.619
1.047198	0.961715	0.014085	14	124	115	955.453
-0.523599	0.618092	2.539118	28	135	123	955.227
0.000000	2.041297	-2.664597	11	23	118	954.913
2.617994	1.433411	-1.035986	20	21	129	954.817
2.094395	1.440580	2.260026	18	13	125	954.303
2.094395	1.113094	-0.272241	38	132	3	953.473
-0.261799	1.977582	0.969896	16	7	108	952.977
0.785398	2.247462	0.191623	7	133	110	952.815
1.308997	0.203748	0.590255	30	133	27	952.443
1.832596	0.290380	-0.796960	32	120	22	952.112
0.785398	1.870545	-2.976234	23	7	123	951.693
1.832596	1.374601	-2.456031	23	133	42	951.569
2.094395	1.433411	-1.035986	23	11	129	951.426
-2.617994	2.455966	-0.641220	26	11	120	951.302
-2.879793	2.760637	2.781135	23	3	130	950.584
1.047198	0.297065	2.160177	32	6	27	950.440
0.785398	1.683268	0.374177	12	9	114	950.347
1.047198	1.335669	0.897240	23	136	111	949.840
-1.047198	2.587733	0.232235	24	10	119	949.757
1.570796	2.587733	0.232235	7	130	109	949.109
2.094395	1.809167	1.213774	20	123	35	948.486
1.308997	0.496451	0.593859	34	130	21	948.447
-0.785398	1.195355	1.200319	10	2	107	948.297
2.617994	1.872854	1.543456	15	9	117	948.052
-2.356194	0.080730	-2.622036	16	117	40	948.029
2.879793	2.180315	-1.357379	30	13	133	947.694
0.523599	2.108018	1.311430	13	5	105	947.581
-1.832596	0.080730	-2.622036	25	124	122	946.751
2.094395	1.872854	1.543456	13	16	113	945.739
1.570796	2.295480	1.008277	10	1	106	945.542
-2.356194	2.115563	0.685730	25	139	110	945.457
1.570796	2.089241	-0.114193	10	121	111	945.131
0.785398	2.115563	0.685730	14	0	112	944.701
2.356194	2.108018	1.311430	16	4	113	944.441
0.000000	0.615174	-0.666022	14	126	32	943.982
1.570796	1.870545	-2.976234	32	4	134	943.630
2.617994	0.762244	-0.273349	42	132	18	943.492
1.832596	2.108018	1.311430	8	135	107	943.227
2.617994	0.961715	0.014085	32	137	27	943.078
0.261799	1.168678	2.108595	25	118	29	942.364
1.570796	1.872854	1.543456	18	8	111	942.359
-0.785398	2.478122	2.609777	28	135	120	941.376
-3.141593	0.571433	-1.188419	24	135	127	941.319
1.570796	1.135813	-2.658866	28	139	36	940.610
2.356194	1.440580	2.260026	17	14	125	940.571
1.047198	2.396274	-1.959260	23	137	124	940.521
1.308997	1.574060	2.783565	29	23	13	940.430
1.308997	2.664082	-1.071402	15	128	117	940.093
2.879793	0.571433	-1.188419	22	11	129	939.882
1.308997	0.674054	1.013609	34	121	29	939.859
2.356194	0.864993	2.278281	10	17	114	939.772
2.094395	2.379497	0.561089	12	137	108	939.160
1.570796	2.164094	-2.991358	31	5	129	938.596
-2.879793	2.153910	-1.714959	20	10	127	938.437
1.047198	1.766067	2.153843	20	22	113	938.405
1.832596	2.138223	1.678323	13	8	111	938.073
0.785398	1.325504	-1.671296	25	136	22	938.010
1.047198	1.367556	0.358405	17	3	114	937.592
2.879793	1.325504	-1.671296	22	3	132	937.465
1.047198	1.741644	-2.695914	20	19	130	937.341
1.570796	2.251330	-2.330739	27	5	126	937.237
2.879793	1.872854	1.543456	14	12	118	937.225
-1.570796	0.419640	2.974122	22	121	124	937.018
0.261799	1.809167	1.213774	11	116	111	936.251
2.094395	1.732874	-0.951685	34	6	5	936.037
2.094395	1.756530	-2.105156	31	1	31	936.017
2.879793	1.506530	1.988858	15	10	121	935.854
2.356194	2.881233	-2.582574	25	16	127	935.796
1.308997	1.909857	-0.381669	16	137	117	935.667
2.094395	0.615174	-0.666022	31	123	34	935.456
-2.094395	2.579248	-2.364801	139	23	119	935.064
0.523599	2.356369	3.005869	23	136	120	935.030
1.832596	1.732874	-0.951685	34	0	5	934.125
0.523599	2.295480	1.008277	10	132	106	934.110
0.000000	1.256302	0.062705	4	133	114	933.704
-0.523599	2.984978	1.954446	26	134	115	933.544
2.879793	2.404280	-0.174044	31	1	120	933.514
0.785398	1.732874	-0.951685	11	128	123	932.657
1.570796	1.721184	-0.153948	24	133	122	932.145
1.308997	1.721184	-0.153948	18	133	119	932.045
0.000000	1.218453	2.777284	27	110	31	931.940
0.261799	1.554776	0.100351	6	139	111	931.936
1.832596	0.899350	-2.069907	10	119	44	931.755
2.356194	1.662363	0.915448	26	6	120	931.548
1.832596	2.396274	-1.959260	27	7	124	931.415
-1.047198	2.724429	-0.348782	11	0	115	930.847
1.570796	1.599406	1.426070	22	12	114	930.701
2.356194	2.349581	-2.702517	18	18	124	930.627
1.570796	1.875281	0.107086	19	133	117	930.080
-0.523599	2.478122	2.609777	22	106	122	929.948
1.308997	2.393226	1.857173	23	3	118	929.688
-2.356194	1.545873	-1.877082	13	21	135	929.602
1.047198	2.393226	1.857173	15	12	109	928.818
0.523599	2.041297	-2.664597	27	6	133	928.175
1.308997	2.881233	-2.582574	35	7	128	928.023
1.832596	1.836682	-0.676006	33	123	22	928.013
2.094395	2.001437	0.381215	19	2	113	927.548
2.356194	2.073035	2.027405	9	19	114	927.146
0.000000	0.297065	2.160177	23	22	14	926.786
-3.141593	2.396274	-1.959260	23	8	129	926.572
-2.879793	0.685216	-1.712745	21	13	134	926.535
0.000000	0.866395	-2.492918	32	123	6	926.324
0.261799	2.760637	2.781135	26	131	115	926.116
2.617994	0.615174	-0.666022	38	127	24	925.579
-0.261799	1.554776	0.100351	4	137	111	924.758
0.261799	0.733948	3.021411	31	126	34	924.440
2.356194	2.379497	0.561089	12	139	109	924.391
2.617994	2.760637	2.781135	8	14	116	924.086
1.047198	2.299159	2.264663	31	11	128	923.749
1.832596	2.063651	-2.044600	34	0	137	923.520
2.879793	1.214854	-1.966664	22	1	136	923.475
1.832596	2.379497	0.561089	11	136	108	923.306
1.570796	2.760637	2.781135	24	18	125	922.198
0.000000	2.588535	-2.976617	31	138	129	922.197
1.570796	1.658653	-2.409879	20	18	130	921.836
2.617994	1.194549	-0.801900	30	138	126	921.271
1.832596	1.812176	0.656819	16	135	107	921.103
-3.141593	0.992645	-1.723759	21	9	134	920.630
1.570796	0.674054	1.013609	24	18	17	920.027
2.356194	1.875281	0.107086	24	128	113	920.006
0.785398	2.719179	-1.780644	12	2	109	919.156
1.832596	2.001437	0.381215	19	135	113	918.953
-3.141593	2.719179	-1.780644	18	19	118	918.935
-2.617994	1.904882	-1.478089	18	128	129	918.929
1.308997	0.591903	2.010408	36	8	21	918.803
1.570796	1.836682	-0.676006	23	129	122	918.433
2.617994	0.619654	-2.216909	14	116	41	918.406
1.570796	1.247695	1.809890	37	139	14	918.371
2.094395	0.379747	-1.713059	13	110	36	918.033
2.879793	1.555207	1.708892	8	27	121	916.914
1.047198	2.664082	-1.071402	11	126	114	916.709
0.523599	0.571433	-1.188419	17	128	32	916.600
2.356194	2.104282	-0.813972	29	2	125	916.027
0.785398	1.569311	-3.003978	22	138	125	915.904
2.094395	1.195355	1.200319	31	10	128	915.454
2.094395	2.073035	2.027405	11	14	115	915.331
0.261799	0.571433	-1.188419	17	128	32	914.522
-2.617994	2.588535	-2.976617	23	130	125	914.406
-0.261799	1.218453	2.777284	24	106	30	914.404
-2.094395	2.187132	-0.479875	24	12	120	914.318
-2.879793	1.325504	-1.671296	20	13	132	914.228
-3.141593	2.295480	1.008277	10	15	110	914.214
2.617994	1.699788	2.452890	17	0	120	914.204
1.832596	0.496451	0.593859	26	132	115	914.084
-2.617994	1.836682	-0.676006	25	13	121	913.453
-2.879793	2.664082	-1.071402	25	12	124	913.331
2.879793	2.108018	1.311430	13	7	113	913.331
-3.141593	1.325504	-1.671296	22	7	132	913.217
0.523599	2.478122	2.609777	28	12	118	912.610
-0.261799	2.478122	2.609777	20	124	115	912.525
2.094395	1.846342	-1.796954	21	2	128	912.281
0.785398	2.356369	3.005869	27	6	120	910.975
1.570796	1.683268	0.374177	23	139	117	910.844
-1.047198	2.719179	-1.780644	119	115	126	910.664
0.000000	2.592629	0.909713	10	138	109	910.376
2.094395	1.506530	1.988858	25	13	126	909.904
1.047198	2.001437	0.381215	13	132	111	909.774
1.832596	1.134497	-1.109631	29	132	138	909.258
1.308997	1.812176	0.656819	20	3	115	908.808
1.570796	2.115563	0.685730	13	138	110	908.668
2.617994	2.174483	2.653697	8	15	119	908.496
2.094395	0.203748	0.590255	29	139	120	908.229
-1.832596	1.256302	0.062705	28	4	21	907.974
-1.570796	1.606104	-0.451151	21	14	128	907.620
-3.141593	2.456751	-1.503343	10	25	109	907.489
1.308997	1.766067	2.153843	30	5	121	907.244
1.570796	1.391910	3.030322	19	23	129	907.188
1.047198	1.242974	-2.977882	18	18	128	907.149
2.617994	0.290380	-0.796960	27	124	38	907.038
-3.141593	2.033014	2.977192	25	128	122	906.960
-2.356194	2.588535	-2.976617	25	134	125	906.818
1.832596	0.615174	-0.666022	29	120	34	906.480
1.308997	1.569311	-3.003978	32	129	32	906.082
0.261799	0.640596	-2.797608	28	131	38	905.475
-1.570796	2.174483	2.653697	21	12	124	905.434
1.832596	1.599406	1.426070	27	4	120	905.400
0.261799	0.864993	2.278281	24	122	34	905.320
2.879793	0.379747	-1.713059	32	124	26	905.009
1.570796	1.168678	2.108595	35	0	20	905.008
0.785398	2.588535	-2.976617	26	134	119	904.668
0.523599	1.050534	3.042579	33	126	33	904.345
0.261799	2.588535	-2.976617	31	133	125	904.115
0.000000	2.984978	1.954446	27	3	116	904.109
2.617994	2.719179	-1.780644	29	13	128	904.015
-2.617994	2.001437	0.381215	3	33	112	903.982
0.523599	1.696674	-1.253233	22	128	29	903.562
2.617994	1.870545	-2.976234	9	130	113	903.294
2.356194	2.138223	1.678323	10	10	110	903.238
2.617994	0.864993	2.278281	18	132	116	902.511
2.617994	1.448123	-2.163292	17	11	132	902.458
-1.308997	1.909857	-0.381669	28	137	136	902.202
-2.617994	1.606104	-0.451151	20	120	33	902.077
1.832596	1.310100	1.488307	32	6	127	902.011
0.261799	1.574060	2.783565	29	112	28	901.738
0.785398	0.418037	1.360082	24	22	9	901.266
2.617994	1.948085	-2.363031	22	21	19	901.254
1.832596	1.998705	2.370472	17	24	119	901.123
1.308997	1.869911	2.701025	19	31	124	900.813
1.047198	2.063651	-2.044600	29	5	8	900.357
1.308997	1.555207	1.708892	33	138	122	900.262
1.308997	1.545873	-1.877082	26	115	40	900.112
2.879793	1.135834	-1.431087	23	4	130	899.570
-0.523599	1.050534	3.042579	20	107	36	899.567
1.832596	1.335669	0.897240	22	16	111	898.872
1.832596	2.073035	2.027405	0	37	111	897.527
2.617994	1.836682	-0.676006	25	133	119	897.453
0.261799	1.050534	3.042579	32	120	34	897.409
2.094395	1.824694	1.850876	12	7	113	897.321
-3.141593	0.910508	1.903534	23	135	121	897.190
2.094395	2.478122	2.609777	16	12	119	896.929
2.617994	0.992645	-1.723759	21	138	133	896.632
1.570796	2.356369	3.005869	29	19	133	896.315
2.356194	1.809167	1.213774	14	12	110	895.967
-1.570796	2.881233	-2.582574	28	0	130	895.709
-3.141593	0.379747	-1.713059	32	127	28	895.400
2.617994	2.592629	0.909713	12	134	109	894.854
1.308997	1.732874	-0.951685	22	130	30	894.456
1.308997	1.242974	-2.977882	21	16	130	894.272
1.570796	2.478122	2.609777	24	9	120	894.072
1.570796	0.379747	-1.713059	129	25	19	893.156
2.617994	1.440580	2.260026	18	137	120	892.330
1.570796	1.606104	-0.451151	25	131	125	891.934
2.617994	0.960688	-0.577532	41	130	19	891.545
-2.879793	0.914445	2.687814	27	139	117	891.005
2.356194	2.404280	-0.174044	19	1	113	890.797
2.617994	2.407836	1.410646	11	0	111	890.680
0.523599	1.417623	-0.202254	15	5	126	890.572
2.356194	1.194549	-0.801900	32	10	13	890.047
2.094395	0.831641	0.616218	37	137	22	889.894
1.308997	2.587733	0.232235	132	122	107	889.693
1.047198	2.041297	-2.664597	28	137	128	889.222
2.879793	1.569311	-3.003978	14	139	113	889.218
0.523599	2.637879	2.121598	30	136	24	889.188
0.785398	1.374601	-2.456031	27	10	1	889.005
2.879793	0.960688	-0.577532	41	135	21	888.903
1.570796	2.579248	-2.364801	35	8	135	888.777
-0.261799	0.700570	1.559208	16	1	113	888.739
1.308997	2.404280	-0.174044	11	124	112	888.559
1.832596	2.588535	-2.976617	28	18	131	888.445
2.094395	1.025536	1.576859	31	2	21	887.995
0.261799	1.683268	0.374177	13	4	114	887.989
1.047198	1.325504	-1.671296	21	114	41	887.774
0.261799	0.618092	2.539118	39	123	28	887.611
1.047198	1.134796	2.434290	38	6	15	887.326
1.308997	1.184361	0.625864	26	132	113	886.534
1.308997	1.391910	3.030322	23	18	129	886.295
-0.785398	0.906588	1.252948	8	139	108	885.890
2.094395	0.762244	-0.273349	32	122	34	885.664
-0.785398	1.741644	-2.695914	17	10	113	885.559
1.832596	0.866955	-0.931351	21	105	36	885.428
1.047198	1.756530	-2.105156	27	8	11	885.302
0.261799	2.041297	-2.664597	8	25	119	884.941
0.523599	1.433411	-1.035986	17	126	33	884.837
0.000000	1.658653	-2.409879	13	8	112	884.629
0.785398	1.433411	-1.035986	18	126	32	884.376
2.617994	2.153910	-1.714959	25	30	9	883.738
2.094395	1.045978	0.343692	19	26	124	883.484
-2.094395	2.174483	2.653697	6	129	116	882.955
0.261799	1.256302	0.062705	8	135	114	882.934
-0.261799	2.588535	-2.976617	31	132	129	882.848
1.047198	0.914445	2.687814	35	8	23	882.782
0.000000	0.929350	-2.910676	27	121	38	882.699
-2.356194	2.247462	0.191623	32	125	21	882.517
-0.261799	0.618092	2.539118	20	21	19	882.391
1.832596	0.961715	0.014085	37	123	25	882.366
-2.879793	1.025536	1.576859	24	136	125	881.945
1.832596	2.587733	0.232235	9	131	109	881.943
1.570796	1.448123	-2.163292	29	127	39	881.695
2.617994	0.866955	-0.931351	23	9	123	881.118
0.523599	1.836682	-0.676006	15	25	126	880.696
0.523599	1.488617	1.159546	17	109	117	880.181
2.617994	1.025536	1.576859	19	26	132	879.800
1.832596	1.662363	0.915448	22	1	113	879.288
-0.261799	2.089241	-0.114193	2	9	110	879.137
2.617994	2.180315	-1.357379	24	18	126	878.451
2.879793	2.587733	0.232235	25	134	114	878.333
1.047198	2.455966	-0.641220	139	114	115	877.938
2.879793	0.615174	-0.666022	38	131	29	877.859
-0.785398	2.704512	1.488683	26	5	113	877.752
0.261799	2.664082	-1.071402	9	131	119	877.239
1.570796	1.310100	1.488307	27	14	119	877.224
1.832596	1.417623	-0.202254	23	137	117	876.956
-1.308997	0.297065	2.160177	12	12	111	876.856
0.523599	1.448123	-2.163292	29	3	9	876.589
2.617994	2.588535	-2.976617	12	14	118	876.275
-3.141593	1.510910	-0.740472	28	14	124	876.067
-0.523599	1.870545	-2.976234	14	99	0	876.020
1.832596	2.164094	-2.991358	27	9	127	875.975
1.047198	2.295480	1.008277	20	136	115	875.512
-2.094395	1.836682	-0.676006	16	3	117	875.496
1.308997	1.325504	-1.671296	24	115	40	875.184
2.356194	1.545873	-1.877082	30	1	139	874.683
1.308997	2.760637	2.781135	25	6	118	874.590
2.094395	0.619654	-2.216909	5	118	42	874.566
-2.879793	2.704512	1.488683	12	138	112	874.563
2.094395	1.696674	-1.253233	33	127	32	874.523
0.261799	1.909857	-0.381669	123	105	135	874.316
-2.356194	1.417623	-0.202254	138	38	12	874.281
1.047198	2.247462	0.191623	7	128	110	874.166
1.570796	2.393226	1.857173	21	4	117	874.018
-1.047198	1.875281	0.107086	12	7	112	873.778
2.356194	2.719179	-1.780644	29	5	122	873.778
2.094395	2.349581	-2.702517	21	12	124	873.647
1.047198	1.870545	-2.976234	23	13	124	873.541
1.832596	1.045978	0.343692	37	124	22	873.313
1.570796	0.864993	2.278281	30	18	12	873.284
2.879793	2.704512	1.488683	6	134	111	873.241
-1.308997	1.242974	-2.977882	32	136	16	872.740
2.356194	2.393226	1.857173	7	18	110	872.571
-0.785398	2.637879	2.121598	19	126	112	872.533
0.000000	1.504028	0.636812	19	136	116	872.291
0.261799	2.247462	0.191623	5	14	113	872.229
-0.523599	2.396274	-1.959260	25	5	123	872.225
0.523599	0.914445	2.687814	35	124	30	871.931
0.523599	1.510910	-0.740472	15	25	123	871.603
2.094395	2.063651	-2.044600	32	5	137	871.472
-3.141593	1.696674	-1.253233	7	127	123	871.354
-1.047198	1.413430	2.550734	18	13	122	871.155
1.047198	2.637879	2.121598	24	13	121	871.088
0.785398	2.299159	2.264663	25	15	116	871.059
0.000000	2.455966	-0.641220	138	104	7	870.955
1.047198	2.073035	2.027405	22	11	115	870.874
2.617994	0.685216	-1.712745	20	129	40	870.560
-0.261799	0.290380	-0.796960	111	16	26	869.652
-1.047198	2.174483	2.653697	22	126	117	869.379
1.570796	0.914445	2.687814	30	14	13	869.299
2.879793	0.203748	0.590255	26	14	27	869.100
1.832596	2.295480	1.008277	139	130	104	869.024
0.261799	0.591903	2.010408	23	22	14	868.844
2.356194	1.606104	-0.451151	26	1	120	868.665
1.308997	0.762244	-0.273349	29	115	30	868.647
1.047198	2.760637	2.781135	22	29	123	868.624
1.047198	1.869911	2.701025	31	14	127	868.544
-0.261799	0.203748	0.590255	5	104	29	868.257
0.261799	2.592629	0.909713	9	138	109	868.204
0.000000	2.187132	-0.479875	121	109	132	868.035
1.832596	2.760637	2.781135	12	19	109	867.961
-1.308997	1.998705	2.370472	17	24	125	867.836
1.570796	2.979456	-1.009304	2	111	118	867.826
0.785398	2.164094	-2.991358	23	7	118	867.701
1.047198	0.992645	-1.723759	12	15	27	867.403
2.094395	0.496451	0.593859	35	135	29	866.484
2.094395	2.407836	1.410646	8	14	108	866.239
2.617994	1.135834	-1.431087	22	139	130	865.974
-2.617994	0.914445	2.687814	28	1	118	865.841
2.094395	2.108018	1.311430	25	124	33	865.603
-2.879793	2.719179	-1.780644	24	6	126	865.592
1.308997	1.870545	-2.976234	20	24	130	865.584
1.832596	0.618092	2.539118	18	28	20	865.516
1.308997	0.864993	2.278281	31	132	32	865.388
0.523599	2.404280	-0.174044	0	103	138	865.035
0.785398	0.297065	2.160177	33	132	33	864.786
0.000000	2.637879	2.121598	26	10	113	864.371
2.617994	0.571433	-1.188419	27	128	38	863.921
-0.523599	2.033014	2.977192	16	99	132	863.617
2.879793	2.979456	-1.009304	30	3	120	863.612
1.832596	1.413430	2.550734	19	20	127	863.541
2.356194	1.904882	-1.478089	27	0	127	863.466
0.523599	0.850607	-1.335383	13	121	38	863.198
-0.785398	1.699788	2.452890	6	100	127	863.172
0.785398	1.574060	2.783565	33	123	28	862.608
1.570796	1.741644	-2.695914	31	3	138	862.604
-1.308997	2.863997	0.549740	24	5	115	862.582
-2.617994	0.080730	-2.622036	14	116	40	862.545
0.000000	1.168678	2.108595	28	103	136	862.029
0.523599	2.247462	0.191623	129	110	118	861.914
-0.261799	1.128190	-2.288622	23	16	0	861.293
-0.261799	2.247462	0.191623	9	8	113	861.084
0.000000	2.407836	1.410646	20	7	110	860.987
1.047198	1.045978	0.343692	17	127	113	860.537
2.879793	1.617114	-1.572037	22	5	128	860.096
0.785398	2.174483	2.653697	26	17	119	859.319
1.308997	2.588535	-2.976617	31	0	121	859.305
1.047198	1.488617	1.159546	19	4	107	859.271
-3.141593	1.909857	-0.381669	25	28	126	859.199
2.879793	1.756530	-2.105156	5	133	115	859.193
0.785398	2.379497	0.561089	122	129	102	859.170
1.047198	2.180315	-1.357379	26	1	20	859.025
2.356194	2.664082	-1.071402	28	138	118	858.896
-0.261799	2.407836	1.410646	20	18	107	858.834
2.094395	0.899350	-2.069907	12	120	44	858.638
1.308997	2.704512	1.488683	14	2	114	858.009
-2.356194	1.836682	-0.676006	19	3	117	857.990
2.094395	0.960688	-0.577532	32	4	15	857.927
2.356194	1.824694	1.850876	19	3	20	857.692
-2.094395	2.356369	3.005869	102	133	116	857.685
2.356194	2.587733	0.232235	14	118	110	857.675
0.785398	0.700570	1.559208	32	116	29	857.289
2.879793	1.135813	-2.658866	14	132	108	857.278
0.785398	2.760637	2.781135	26	23	123	857.128
1.832596	1.869911	2.701025	18	22	123	857.076
-0.785398	2.407836	1.410646	22	4	107	857.045
1.308997	1.504028	0.636812	28	109	128	856.956
0.523599	2.724429	-0.348782	6	103	1	856.680
0.261799	2.637879	2.121598	27	12	116	856.660
0.523599	2.379497	0.561089	10	4	112	856.418
1.047198	0.619654	-2.216909	18	4	33	856.080
0.523599	1.809167	1.213774	14	117	111	855.947
-2.356194	2.455966	-0.641220	29	10	123	855.907
2.617994	1.809167	1.213774	21	8	119	855.580
-2.617994	2.760637	2.781135	24	9	129	855.441
2.094395	2.174483	2.653697	12	25	117	855.191
-3.141593	2.393226	1.857173	20	10	127	854.995
1.308997	1.948085	-2.363031	29	136	132	854.990
-1.832596	1.699788	2.452890	124	100	137	854.941
1.308997	2.138223	1.678323	11	26	112	854.885
-3.141593	1.335669	0.897240	21	23	138	854.742
1.832596	2.478122	2.609777	21	11	120	854.729
0.261799	2.404280	-0.174044	124	110	124	854.657
1.308997	0.960688	-0.577532	29	115	28	854.415
2.356194	0.571433	-1.188419	3	13	109	854.393
2.617994	1.247695	1.809890	20	14	128	854.354
-1.308997	2.984978	1.954446	26	130	118	854.042
-3.141593	2.664082	-1.071402	34	3	127	854.007
1.308997	1.696674	-1.253233	18	129	125	853.905
-0.523599	2.587733	0.232235	4	137	110	853.741
1.308997	1.050534	3.042579	13	16	117	853.702
-2.879793	0.709924	0.218797	9	43	6	853.672
1.832596	1.488617	1.159546	24	9	115	853.161
0.785398	1.736875	3.023612	24	9	122	852.766
1.570796	1.545873	-1.877082	21	16	23	852.652
-1.832596	2.404280	-0.174044	23	9	116	852.591
1.308997	1.128190	-2.288622	27	131	38	852.385
1.047198	2.456751	-1.503343	8	104	128	852.213
1.570796	1.948085	-2.363031	34	139	139	851.922
-0.785398	0.700570	1.559208	9	136	111	851.454
1.308997	0.618092	2.539118	31	13	24	851.391
1.570796	0.733948	3.021411	12	19	120	851.046
0.523599	2.001437	0.381215	10	11	114	850.913
-1.570796	1.569311	-3.003978	28	129	24	850.677
-2.617994	2.984978	1.954446	20	133	126	850.473
-2.094395	2.153910	-1.714959	9	20	128	850.350
0.523599	0.418037	1.360082	28	114	32	850.316
0.000000	2.356369	3.005869	31	2	125	850.190
2.879793	0.906588	1.252948	18	27	6	850.148
-1.308997	2.187132	-0.479875	7	9	112	849.729
-0.785398	2.863997	0.549740	18	15	113	849.446
2.617994	1.367556	0.358405	17	27	113	849.162
-1.308997	0.419640	2.974122	25	124	125	849.126
1.570796	1.846342	-1.796954	37	125	27	848.900
0.785398	1.696674	-1.253233	21	130	31	848.867
-3.141593	2.455966	-0.641220	25	24	120	848.840
-1.832596	2.299159	2.264663	21	113	24	848.466
1.570796	1.374601	-2.456031	25	130	42	848.386
2.094395	1.374601	-2.456031	5	27	32	848.361
-2.356194	2.299159	2.264663	10	133	115	847.941
-0.523599	0.615174	-0.666022	25	139	113	847.906
2.356194	0.762244	-0.273349	40	129	18	847.898
0.261799	0.961715	0.014085	8	130	117	847.859
0.785398	2.349581	-2.702517	25	132	122	847.845
2.094395	2.456751	-1.503343	30	0	123	847.659
0.523599	1.872854	1.543456	18	120	112	847.607
-0.261799	0.418037	1.360082	22	103	24	847.470
2.617994	1.555207	1.708892	5	12	101	847.266
2.094395	0.571433	-1.188419	26	123	36	846.990
1.832596	2.033014	2.977192	25	10	125	846.873
2.617994	1.982574	-1.115518	33	7	133	846.839
-3.141593	0.290380	-0.796960	36	130	32	846.655
2.094395	2.104282	-0.813972	26	137	122	846.564
2.879793	2.089241	-0.114193	29	132	115	846.457
-0.785398	2.984978	1.954446	24	132	114	846.412
2.094395	0.709924	0.218797	41	129	14	846.040
-3.141593	2.579248	-2.364801	14	11	120	845.901
-0.261799	2.356369	3.005869	30	136	124	845.650
1.047198	2.115563	0.685730	16	6	115	845.578
0.523599	0.899350	-2.069907	15	0	108	845.562
0.000000	1.869911	2.701025	17	126	115	845.533
2.356194	1.413430	2.550734	19	136	30	845.383
-2.879793	2.180315	-1.357379	19	9	124	845.208
1.832596	1.554776	0.100351	18	129	110	845.090
1.047198	0.850607	-1.335383	5	107	37	845.082
2.879793	1.014500	0.906702	24	26	135	844.892
0.000000	2.719179	-1.780644	8	132	118	844.754
0.000000	1.948085	-2.363031	15	12	116	844.556
0.261799	1.417623	-0.202254	129	101	4	844.524
-0.785398	1.045978	0.343692	28	6	125	844.310
-0.261799	0.297065	2.160177	26	128	121	844.303
0.523599	0.640596	-2.797608	27	135	38	844.165
0.523599	1.242974	-2.977882	13	139	116	844.052
-2.879793	0.379747	-1.713059	23	127	39	843.900
2.094395	1.812176	0.656819	21	5	113	843.806
1.570796	1.025536	1.576859	37	7	11	843.773
-1.308997	2.724429	-0.348782	11	27	114	843.447
0.000000	1.025536	1.576859	20	10	113	843.092
0.000000	2.073035	2.027405	32	127	23	842.928
0.261799	1.599406	1.426070	16	111	115	842.884
1.047198	1.128190	-2.288622	27	136	33	842.794
-0.261799	1.504028	0.636812	19	135	116	842.636
0.261799	2.295480	1.008277	11	132	107	842.524
2.094395	1.569311	-3.003978	9	129	114	841.972
2.879793	0.290380	-0.796960	36	125	32	841.411
1.047198	1.391910	3.030322	32	127	33	841.353
2.094395	1.617114	-1.572037	21	6	130	841.174
-2.356194	0.960688	-0.577532	24	12	123	841.156
0.523599	1.904882	-1.478089	14	18	116	841.035
-0.523599	1.721184	-0.153948	3	1	111	841.010
1.832596	2.637879	2.121598	15	6	116	840.899
-1.832596	0.864993	2.278281	24	124	20	840.714
1.308997	0.992645	-1.723759	9	15	29	840.708
0.000000	0.571433	-1.188419	18	129	32	840.463
0.523599	0.203748	0.590255	17	112	37	840.163
2.356194	0.831641	0.616218	34	15	2	840.125
-0.261799	1.809167	1.213774	18	120	22	840.075
2.356194	1.555207	1.708892	133	39	110	839.904
-3.141593	0.685216	-1.712745	22	6	134	839.705
1.308997	1.617114	-1.572037	29	131	29	839.700
0.785398	0.961715	0.014085	7	15	122	839.617
-1.047198	2.407836	1.410646	22	138	107	838.990
1.308997	0.733948	3.021411	15	16	122	838.871
1.047198	1.135834	-1.431087	21	117	37	838.790
1.308997	0.899350	-2.069907	10	16	103	838.750
1.832596	1.448123	-2.163292	26	132	41	838.664
2.356194	2.592629	0.909713	3	115	110	838.570
1.570796	2.041297	-2.664597	31	4	131	838.422
-1.570796	1.982574	-1.115518	24	125	124	838.341
-2.094395	2.104282	-0.813972	12	12	116	838.338
-1.308997	0.618092	2.539118	13	118	118	838.307
2.617994	1.545873	-1.877082	17	11	128	838.124
0.261799	2.104282	-0.813972	9	115	35	838.101
0.523599	1.391910	3.030322	35	119	30	838.076
1.308997	1.982574	-1.115518	24	5	18	838.043
-3.141593	2.404280	-0.174044	35	137	122	837.897
-3.141593	1.836682	-0.676006	27	3	120	837.785
0.523599	0.496451	0.593859	32	118	20	837.520
-1.832596	2.174483	2.653697	24	8	124	837.122
1.832596	2.984978	1.954446	7	12	113	836.974
-0.261799	1.417623	-0.202254	2	136	113	836.759
1.832596	0.831641	0.616218	36	126	26	836.679
-2.617994	0.709924	0.218797	2	43	7	836.602
0.000000	1.184361	0.625864	17	130	115	836.256
2.356194	2.407836	1.410646	10	4	109	835.558
1.832596	1.569311	-3.003978	5	130	113	835.016
1.832596	1.450119	-2.739050	6	136	111	834.978
1.832596	0.709924	0.218797	41	123	14	834.958
-2.094395	1.545873	-1.877082	9	25	133	834.695
2.617994	1.214854	-1.966664	17	134	45	834.695
0.523599	1.736875	3.023612	31	115	29	834.615
1.570796	1.128190	-2.288622	13	22	29	834.238
0.523599	1.741644	-2.695914	37	117	18	834.085
-2.617994	1.545873	-1.877082	17	17	135	833.914
1.570796	2.174483	2.653697	28	9	125	833.582
2.617994	0.379747	-1.713059	21	125	38	833.456
1.570796	1.440580	2.260026	35	2	17	833.197
1.308997	2.001437	0.381215	14	131	111	833.170
1.047198	0.899350	-2.069907	22	127	39	833.069
0.523599	0.379747	-1.713059	20	132	31	833.024
1.570796	0.591903	2.010408	32	14	20	832.900
-1.832596	2.724429	-0.348782	28	11	123	832.886
-3.141593	0.960688	-0.577532	27	18	124	832.808
-2.094395	2.863997	0.549740	24	136	113	832.690
1.570796	2.073035	2.027405	18	19	115	832.677
-3.141593	2.407836	1.410646	29	118	2	832.594
2.879793	1.413347	-1.339188	31	139	35	832.519
0.261799	0.910508	1.903534	139	110	128	832.447
0.785398	1.904882	-1.478089	3	104	131	832.359
0.785398	1.367556	0.358405	13	101	123	832.234
0.785398	2.041297	-2.664597	27	11	133	832.232
1.047198	2.404280	-0.174044	12	109	27	832.096
1.570796	1.662363	0.915448	28	117	123	831.668
0.261799	0.850607	-1.335383	19	124	32	831.375
2.094395	1.391910	3.030322	24	130	32	831.278
-0.785398	0.419640	2.974122	30	134	126	831.155
0.523599	2.407836	1.410646	12	7	105	831.134
-0.261799	0.458961	-0.107937	130	27	16	831.094
0.785398	0.762244	-0.273349	16	138	28	830.874
2.094395	1.301460	-0.509251	34	6	8	830.809
-0.523599	1.662363	0.915448	13	1	106	830.740
-1.047198	1.025536	1.576859	11	136	110	830.709
1.047198	1.247695	1.809890	39	129	14	830.643
1.308997	1.836682	-0.676006	17	137	119	830.454
-1.308997	1.736875	3.023612	127	101	10	830.324
1.047198	2.343981	-1.040456	14	123	117	830.283
-1.570796	0.618092	2.539118	17	12	113	830.169
2.879793	2.760637	2.781135	5	16	116	829.989
-0.523599	2.719179	-1.780644	10	131	121	829.904
-2.094395	0.370812	-2.547742	25	121	126	829.894
0.785398	1.135834	-1.431087	19	135	31	829.647
1.047198	2.138223	1.678323	21	139	110	829.480
2.356194	2.579248	-2.364801	14	22	110	829.462
1.308997	1.335669	0.897240	24	0	110	829.424
0.785398	0.992645	-1.723759	22	138	28	829.393
1.570796	0.496451	0.593859	31	119	33	829.023
-0.261799	0.370812	-2.547742	12	2	110	828.934
-0.785398	2.187132	-0.479875	1	12	110	828.324
-2.617994	0.831641	0.616218	20	13	115	828.309
-2.617994	2.187132	-0.479875	17	135	114	828.260
1.570796	1.134796	2.434290	33	1	25	828.158
-1.047198	0.080730	-2.622036	32	138	125	828.022
0.523599	2.138223	1.678323	22	8	112	827.943
2.094395	0.640596	-2.797608	130	28	30	827.773
-1.570796	1.836682	-0.676006	7	27	113	827.749
-0.785398	1.872854	1.543456	1	116	109	827.747
1.047198	0.866955	-0.931351	7	101	32	827.714
0.000000	1.809167	1.213774	19	8	110	827.622
-3.141593	1.982574	-1.115518	33	5	130	827.504
1.832596	2.174483	2.653697	16	21	118	825.913
0.523599	1.756530	-2.105156	15	10	116	825.818
-1.570796	2.187132	-0.479875	8	7	112	825.637
-1.047198	1.658653	-2.409879	118	129	27	825.627
0.000000	1.367556	0.358405	13	136	115	825.596
-1.832596	1.301460	-0.509251	25	126	29	825.200
-1.570796	0.733948	3.021411	125	110	16	825.140
2.356194	1.134497	-1.109631	21	0	122	825.009
1.832596	1.301460	-0.509251	32	121	29	824.607
2.617994	2.587733	0.232235	16	119	110	824.384
-2.617994	0.685216	-1.712745	124	137	22	824.314
2.094395	1.050534	3.042579	8	31	132	824.312
0.261799	1.904882	-1.478089	17	14	116	824.292
0.000000	0.591903	2.010408	26	137	117	824.245
-1.570796	1.732874	-0.951685	21	123	122	824.160
1.308997	0.458961	-0.107937	16	99	27	823.987
-2.617994	2.719179	-1.780644	15	123	129	823.908
2.879793	1.545873	-1.877082	22	3	131	823.729
1.570796	2.396274	-1.959260	27	0	123	823.601
2.094395	1.325504	-1.671296	24	125	43	823.386
2.617994	1.256302	0.062705	36	1	17	823.366
0.261799	2.863997	0.549740	7	6	111	823.312
2.617994	1.812176	0.656819	34	132	0	823.026
-0.261799	2.760637	2.781135	29	133	121	822.730
0.785398	2.187132	-0.479875	11	110	31	822.422
1.308997	1.413347	-1.339188	23	108	38	822.081
1.832596	1.242974	-2.977882	23	138	38	821.907
1.308997	0.700570	1.559208	37	1	18	821.745
-2.617994	2.251330	-2.330739	9	14	126	821.617
1.832596	1.617114	-1.572037	22	0	129	821.407
2.617994	1.168678	2.108595	17	16	126	821.162
2.879793	0.992645	-1.723759	22	139	135	821.136
-3.141593	1.977582	0.969896	6	24	107	820.920
2.356194	0.960688	-0.577532	28	138	123	820.756
1.308997	0.571433	-1.188419	5	106	38	820.493
2.356194	1.846342	-1.796954	35	2	26	820.401
0.785398	2.881233	-2.582574	34	135	127	820.361
-2.617994	1.846342	-1.796954	12	134	114	820.352
0.523599	1.134796	2.434290	37	120	24	820.317
2.356194	0.496451	0.593859	38	2	19	820.304
2.617994	1.977582	0.969896	19	6	112	820.286
-0.523599	1.683268	0.374177	28	9	1	820.168
1.047198	1.504028	0.636812	17	133	108	820.010
-1.047198	2.478122	2.609777	25	130	120	819.853
-0.785398	2.251330	-2.330739	8	106	135	819.698
1.047198	1.413347	-1.339188	20	130	32	819.569
-0.261799	0.960688	-0.577532	26	8	119	819.485
0.261799	2.001437	0.381215	7	138	107	819.380
1.570796	1.045978	0.343692	36	119	22	819.362
0.261799	1.218453	2.777284	30	115	32	819.343
1.047198	1.662363	0.915448	25	1	117	819.000
0.785398	0.571433	-1.188419	18	129	31	818.582
-0.523599	2.187132	-0.479875	0	12	110	818.514
-2.356194	1.732874	-0.951685	20	6	121	818.426
1.047198	2.407836	1.410646	20	138	114	818.338
-0.261799	1.391910	3.030322	24	103	6	818.221
-0.785398	1.870545	-2.976234	6	98	0	818.133
2.617994	2.089241	-0.114193	26	128	114	817.475
1.308997	2.592629	0.909713	8	134	110	817.376
1.570796	1.904882	-1.478089	37	122	23	817.153
2.094395	0.914445	2.687814	10	19	117	816.982
-1.832596	2.984978	1.954446	136	111	116	816.982
-3.141593	0.709924	0.218797	15	40	6	816.918
1.308997	1.756530	-2.105156	20	10	129	816.836
-0.261799	2.719179	-1.780644	5	129	118	816.822
0.523599	2.164094	-2.991358	26	136	124	816.752
2.879793	2.396274	-1.959260	10	26	114	816.424
1.570796	0.866395	-2.492918	5	26	29	816.369
1.832596	0.458961	-0.107937	38	117	20	816.057
1.570796	2.404280	-0.174044	16	135	113	815.991
0.000000	1.135834	-1.431087	24	136	26	815.941
-0.261799	1.721184	-0.153948	4	0	112	815.662
1.047198	2.588535	-2.976617	32	136	122	815.429
1.047198	0.674054	1.013609	35	129	20	815.213
1.047198	1.184361	0.625864	19	134	111	815.203
2.094395	2.295480	1.008277	16	137	112	814.908
1.570796	1.732874	-0.951685	21	2	124	814.866
-2.879793	0.496451	0.593859	3	43	9	814.773
-0.261799	2.587733	0.232235	2	136	110	814.482
-2.617994	0.290380	-0.796960	30	1	124	814.196
2.094395	2.343981	-1.040456	28	7	122	814.063
-0.523599	2.588535	-2.976617	17	102	128	814.037
0.785398	1.846342	-1.796954	28	3	14	813.841
0.523599	1.374601	-2.456031	22	15	136	813.837
2.356194	0.203748	0.590255	31	136	35	813.811
2.094395	1.450119	-2.739050	22	1	37	813.655
2.617994	1.732874	-0.951685	16	18	112	813.400
1.570796	2.719179	-1.780644	28	9	121	813.162
-0.261799	1.488617	1.159546	13	12	107	813.086
-2.094395	1.732874	-0.951685	16	8	121	812.971
2.356194	1.812176	0.656819	27	2	117	812.948
2.879793	1.875281	0.107086	26	136	113	812.838
1.832596	1.325504	-1.671296	26	118	41	812.627
2.879793	1.128190	-2.288622	21	0	139	812.601
2.356194	1.168678	2.108595	23	12	130	812.264
2.094395	1.310100	1.488307	12	6	105	812.109
2.617994	0.418037	1.360082	6	42	11	812.001
-2.879793	0.080730	-2.622036	16	106	33	811.944
0.261799	0.290380	-0.796960	14	130	32	811.922
-1.832596	1.184361	0.625864	25	137	124	811.725
-2.879793	1.194549	-0.801900	26	16	124	811.375
-2.879793	1.510910	-0.740472	27	18	124	811.341
2.879793	0.685216	-1.712745	22	0	134	810.982
-2.094395	2.881233	-2.582574	25	132	129	810.937
-2.617994	0.961715	0.014085	25	24	118	810.837
-2.356194	0.203748	0.590255	19	4	28	810.647
1.570796	1.488617	1.159546	19	20	111	810.624
1.308997	2.033014	2.977192	33	14	139	810.522
1.832596	1.504028	0.636812	23	139	110	810.285
-2.094395	2.379497	0.561089	26	3	111	810.023
2.094395	1.194549	-0.801900	33	116	32	809.776
1.570796	0.992645	-1.723759	24	3	25	809.705
1.570796	1.413347	-1.339188	30	113	35	809.638
-1.570796	2.164094	-2.991358	25	113	136	809.584
-3.141593	1.134796	2.434290	12	130	31	809.198
-0.523599	2.349581	-2.702517	12	100	133	809.191
-0.261799	1.045978	0.343692	23	13	126	809.066
-1.308997	0.619654	-2.216909	135	20	30	808.953
0.785398	1.218453	2.777284	32	122	33	808.920
1.047198	2.724429	-0.348782	4	125	111	808.874
0.785398	0.910508	1.903534	6	112	126	808.844
-1.570796	2.863997	0.549740	27	1	114	808.724
-2.879793	1.391910	3.030322	22	6	113	808.667
-0.261799	1.113094	-0.272241	26	11	125	808.543
-2.617994	0.762244	-0.273349	123	10	110	808.534
2.879793	2.187132	-0.479875	35	5	127	808.474
0.785398	0.733948	3.021411	33	136	33	808.127
2.879793	1.242974	-2.977882	16	6	112	807.714
0.785398	1.134796	2.434290	41	129	21	807.648
-0.785398	2.356369	3.005869	12	101	127	807.514
-3.141593	1.545873	-1.877082	22	8	132	807.297
-1.832596	2.187132	-0.479875	11	9	113	806.910
0.523599	2.187132	-0.479875	6	111	31	806.906
2.356194	1.741644	-2.695914	28	1	29	806.888
-0.261799	2.704512	1.488683	29	131	23	806.793
-0.261799	2.187132	-0.479875	0	12	112	806.774
-2.617994	1.510910	-0.740472	17	116	32	806.750
1.308997	1.413430	2.550734	30	23	9	806.700
0.523599	2.174483	2.653697	0	113	138	806.555
0.523599	1.569311	-3.003978	20	0	122	806.501
0.523599	1.606104	-0.451151	11	5	124	806.301
2.879793	1.310100	1.488307	20	16	130	806.097
0.261799	2.174483	2.653697	27	14	115	806.011
1.570796	2.456751	-1.503343	25	2	122	805.846
2.094395	2.984978	1.954446	5	13	113	805.746
0.000000	2.724429	-0.348782	121	116	122	805.670
-3.141593	1.875281	0.107086	28	5	113	805.383
1.047198	1.310100	1.488307	35	1	9	805.308
1.047198	1.812176	0.656819	18	136	113	805.277
0.000000	0.674054	1.013609	7	23	115	805.243
1.832596	2.881233	-2.582574	25	5	118	805.177
2.094395	2.356369	3.005869	23	23	1	804.983
0.785398	1.721184	-0.153948	7	122	111	804.963
2.617994	1.599406	1.426070	131	35	104	804.777
0.785398	1.440580	2.260026	21	5	109	804.709
-3.141593	0.080730	-2.622036	11	106	33	804.700
-0.261799	2.984978	1.954446	25	137	114	804.667
1.570796	1.113094	-0.272241	35	117	24	804.478
2.879793	1.977582	0.969896	12	16	109	804.020
2.617994	0.866395	-2.492918	125	20	32	803.898
2.094395	2.579248	-2.364801	30	8	128	803.750
2.879793	1.433411	-1.035986	19	26	130	803.715
2.879793	0.674054	1.013609	11	125	117	803.469
-2.617994	0.370812	-2.547742	12	120	42	803.312
1.570796	1.218453	2.777284	32	3	27	803.203
-2.356194	1.325504	-1.671296	133	36	17	803.190
1.570796	0.929350	-2.910676	27	2	35	803.153
1.047198	2.033014	2.977192	30	137	124	803.080
1.047198	0.203748	0.590255	27	117	34	803.044
-0.523599	2.356369	3.005869	18	101	127	802.993
-0.261799	0.685216	-1.712745	11	128	42	802.917
-2.879793	0.290380	-0.796960	28	134	38	802.754
1.570796	2.588535	-2.976617	28	5	121	802.645
-2.879793	2.588535	-2.976617	21	127	125	802.148
2.094395	1.721184	-0.153948	21	12	114	802.061
1.570796	1.696674	-1.253233	22	139	125	802.046
2.094395	1.869911	2.701025	14	26	123	801.850
1.832596	1.184361	0.625864	39	131	13	801.837
0.261799	2.379497	0.561089	2	130	108	801.823
2.094395	2.153910	-1.714959	39	139	17	801.701
0.523599	0.290380	-0.796960	130	23	21	801.578
2.356194	1.869911	2.701025	9	0	117	801.563
1.832596	1.736875	3.023612	19	20	128	801.321
-0.523599	2.579248	-2.364801	8	101	132	800.960
-3.141593	2.063651	-2.044600	8	130	119	800.793
-3.141593	1.732874	-0.951685	32	4	128	800.737
-3.141593	1.736875	3.023612	19	3	118	800.718
2.879793	1.683268	0.374177	14	26	109	800.538
-3.141593	1.617114	-1.572037	22	7	130	800.493
1.570796	2.881233	-2.582574	29	1	119	800.455
1.308997	1.014500	0.906702	26	0	113	800.333
2.094395	0.864993	2.278281	12	16	112	800.331
1.308997	0.831641	0.616218	35	118	24	800.184
-3.141593	1.391910	3.030322	20	1	113	800.033
-1.047198	2.760637	2.781135	15	103	122	800.000
2.356194	0.709924	0.218797	36	137	26	799.912
2.094395	2.587733	0.232235	11	132	108	799.779
0.785398	0.914445	2.687814	36	130	31	799.701
0.000000	0.618092	2.539118	17	24	20	799.625
0.785398	1.256302	0.062705	13	137	115	799.621
-2.094395	1.113094	-0.272241	27	125	27	799.504
-2.356194	1.134497	-1.109631	29	9	132	799.476
1.047198	0.700570	1.559208	33	119	29	799.457
1.570796	1.335669	0.897240	13	105	13	799.044
2.617994	0.496451	0.593859	23	34	5	798.946
-3.141593	2.108018	1.311430	14	11	115	798.836
-0.785398	1.736875	3.023612	22	122	121	798.822
1.047198	0.906588	1.252948	34	118	25	798.721
1.832596	1.014500	0.906702	38	134	17	798.463
-0.261799	0.080730	-2.622036	8	134	110	798.327
1.832596	1.135813	-2.658866	135	110	12	798.314
0.523599	0.419640	2.974122	32	134	35	798.210
-3.141593	1.128190	-2.288622	28	119	5	797.764
2.094395	1.367556	0.358405	28	9	123	797.673
1.832596	0.762244	-0.273349	34	121	30	797.621
-1.832596	2.664082	-1.071402	18	123	130	797.620
0.523599	0.591903	2.010408	20	25	16	797.547
1.832596	1.741644	-2.695914	18	26	127	797.287
1.832596	1.846342	-1.796954	34	139	139	797.149
2.094395	1.168678	2.108595	10	13	109	797.115
1.832596	1.658653	-2.409879	16	27	27	797.049
2.356194	2.863997	0.549740	11	130	109	797.043
-1.308997	2.592629	0.909713	23	135	110	797.038
0.523599	2.760637	2.781135	28	11	118	797.004
1.570796	0.850607	-1.335383	14	106	37	796.874
0.785398	1.756530	-2.105156	13	11	116	796.628
0.523599	1.574060	2.783565	32	118	28	796.617
1.308997	1.135834	-1.431087	24	119	37	796.532
0.000000	2.089241	-0.114193	19	5	135	796.344
1.832596	2.115563	0.685730	22	132	36	796.144
2.356194	2.033014	2.977192	15	33	9	795.848
1.570796	1.510910	-0.740472	25	131	126	795.824
0.261799	1.440580	2.260026	37	125	26	795.811
2.617994	0.591903	2.010408	16	16	120	795.762
2.879793	2.153910	-1.714959	24	9	126	795.600
-2.356194	0.370812	-2.547742	14	122	42	795.569
-2.617994	2.033014	2.977192	24	131	119	795.549
1.308997	1.247695	1.809890	39	134	15	795.524
2.356194	1.014500	0.906702	29	135	23	795.448
-1.308997	1.555207	1.708892	15	6	108	795.372
1.308997	1.904882	-1.478089	18	6	126	795.365
-3.141593	2.153910	-1.714959	22	9	127	795.348
-3.141593	0.619654	-2.216909	25	119	36	795.241
-1.832596	2.393226	1.857173	16	19	126	795.121
1.047198	1.025536	1.576859	36	0	15	795.053
0.261799	0.379747	-1.713059	21	131	30	794.984
-0.523599	1.025536	1.576859	14	0	110	794.906
0.785398	1.135813	-2.658866	29	126	38	794.665
2.356194	2.396274	-1.959260	19	8	116	794.648
-0.785398	0.080730	-2.622036	28	132	38	794.381
-2.356194	2.180315	-1.357379	15	15	123	794.351
-1.832596	0.379747	-1.713059	32	0	130	794.308
-0.785398	1.766067	2.153843	6	102	121	793.957
1.308997	0.866395	-2.492918	22	133	41	793.500
2.879793	0.080730	-2.622036	5	107	34	793.468
-3.141593	2.724429	-0.348782	31	5	119	793.338
-1.570796	1.417623	-0.202254	117	32	10	793.277
1.047198	0.571433	-1.188419	2	107	37	793.276
1.570796	0.831641	0.616218	36	122	25	793.270
-1.047198	1.440580	2.260026	0	102	23	793.189
2.356194	1.982574	-1.115518	26	4	123	793.044
-2.879793	1.721184	-0.153948	27	16	114	792.844
0.261799	0.992645	-1.723759	24	9	16	792.747
1.570796	0.866955	-0.931351	23	103	30	792.603
2.094395	1.128190	-2.288622	23	136	39	792.475
-2.356194	0.685216	-1.712745	27	132	42	792.348
-0.523599	2.404280	-0.174044	17	17	137	791.976
0.523599	0.992645	-1.723759	15	119	41	791.888
1.308997	1.135813	-2.658866	23	16	25	791.619
-0.785398	1.812176	0.656819	17	27	134	791.594
1.047198	1.574060	2.783565	24	16	122	791.436
1.570796	0.615174	-0.666022	27	118	33	791.420
0.523599	1.128190	-2.288622	20	123	42	791.217
-3.141593	2.881233	-2.582574	19	124	131	791.084
-0.261799	1.766067	2.153843	31	122	26	790.977
0.523599	1.247695	1.809890	26	0	109	790.938
-0.785398	0.297065	2.160177	23	122	121	790.637
2.094395	1.184361	0.625864	38	137	13	790.070
1.308997	1.809167	1.213774	9	21	99	789.942
2.617994	1.417623	-0.202254	36	7	130	789.835
-2.879793	2.587733	0.232235	28	1	115	789.737
-0.523599	1.824694	1.850876	20	133	31	789.664
2.094395	1.948085	-2.363031	20	4	127	789.143
1.308997	2.343981	-1.040456	29	132	25	789.089
2.356194	0.379747	-1.713059	17	109	36	788.944
0.523599	1.325504	-1.671296	16	112	38	788.691
-1.570796	2.579248	-2.364801	26	136	125	788.660
2.617994	0.709924	0.218797	30	136	31	788.424
-1.832596	1.218453	2.777284	22	120	26	788.394
1.570796	1.433411	-1.035986	11	128	120	788.238
-2.356194	2.404280	-0.174044	24	6	113	788.202
0.785398	1.413430	2.550734	38	124	22	788.201
0.523599	1.662363	0.915448	13	2	106	787.892
2.356194	0.418037	1.360082	14	38	11	787.516
2.356194	0.700570	1.559208	24	24	10	787.423
1.047198	2.251330	-2.330739	27	134	126	787.357
-2.356194	0.831641	0.616218	24	8	16	787.105
1.832596	1.194549	-0.801900	30	134	135	787.066
2.879793	1.374601	-2.456031	18	5	130	787.002
1.570796	1.413430	2.550734	20	9	31	786.987
0.261799	1.545873	-1.877082	11	106	39	786.932
-0.261799	1.812176	0.656819	20	0	116	786.917
0.523599	2.719179	-1.780644	1	103	126	786.913
2.094395	2.979456	-1.009304	33	132	125	786.711
0.523599	1.721184	-0.153948	6	1	111	786.644
0.785398	0.866395	-2.492918	23	129	41	786.621
2.617994	0.700570	1.559208	19	27	12	786.602
2.617994	0.899350	-2.069907	23	136	0	786.508
0.000000	2.251330	-2.330739	32	126	2	786.492
0.261799	1.045978	0.343692	14	127	115	786.439
-1.308997	1.732874	-0.951685	30	123	30	786.368
-1.570796	2.299159	2.264663	17	12	122	786.337
2.617994	1.335669	0.897240	28	11	126	786.285
-1.308997	1.417623	-0.202254	28	137	127	786.159
2.356194	0.906588	1.252948	30	19	135	786.108
-0.523599	1.218453	2.777284	19	102	30	786.060
0.785398	0.290380	-0.796960	139	106	33	785.979
1.308997	2.356369	3.005869	21	30	128	785.904
1.570796	2.001437	0.381215	19	137	37	785.773
2.094395	1.135813	-2.658866	19	138	40	785.550
2.879793	1.846342	-1.796954	17	19	125	785.414
0.261799	2.089241	-0.114193	4	11	111	785.407
2.879793	1.599406	1.426070	126	34	104	785.333
0.785398	0.591903	2.010408	10	111	127	785.281
1.570796	1.617114	-1.572037	28	128	35	785.238
1.047198	2.153910	-1.714959	23	133	125	785.074
-2.094395	1.413430	2.550734	9	108	31	785.032
-2.617994	2.115563	0.685730	8	29	114	784.891
-1.832596	1.413430	2.550734	14	109	31	784.688
-1.570796	1.574060	2.783565	21	121	29	784.670
0.261799	1.736875	3.023612	28	108	27	784.628
0.261799	2.455966	-0.641220	3	101	7	784.495
-2.879793	0.458961	-0.107937	20	139	37	784.492
1.832596	0.700570	1.559208	33	139	27	784.131
2.356194	1.374601	-2.456031	23	3	35	784.121
-0.523599	0.496451	0.593859	1	103	24	784.092
2.356194	1.134796	2.434290	20	20	17	783.964
-2.617994	0.571433	-1.188419	27	7	127	783.779
-2.617994	0.992645	-1.723759	19	15	131	783.725
-0.523599	0.418037	1.360082	11	18	114	783.669
-0.785398	2.760637	2.781135	19	106	119	783.442
-2.356194	2.984978	1.954446	20	135	125	783.440
2.617994	1.904882	-1.478089	20	134	122	783.349
1.308997	1.433411	-1.035986	24	116	34	783.326
0.523599	1.977582	0.969896	127	129	101	783.305
-2.094395	2.393226	1.857173	20	111	23	783.199
0.261799	1.448123	-2.163292	33	126	13	783.147
1.047198	1.413430	2.550734	20	15	112	783.113
-1.570796	2.979456	-1.009304	19	123	131	783.078
0.785398	2.664082	-1.071402	14	27	129	782.837
2.356194	2.984978	1.954446	3	16	113	782.668
-1.832596	2.349581	-2.702517	31	136	123	782.572
2.094395	1.417623	-0.202254	38	133	136	782.549
1.832596	1.247695	1.809890	33	3	16	782.501
-1.308997	1.824694	1.850876	18	133	106	782.469
2.879793	1.812176	0.656819	32	133	12	782.369
1.832596	1.218453	2.777284	12	5	37	782.358
0.000000	1.413430	2.550734	26	111	28	782.348
1.047198	0.418037	1.360082	22	26	10	782.297
1.308997	1.554776	0.100351	13	123	109	782.158
-2.356194	1.510910	-0.740472	20	119	32	782.085
-2.879793	2.299159	2.264663	25	135	129	782.084
-1.570796	2.587733	0.232235	25	4	114	782.081
2.617994	0.674054	1.013609	27	21	15	782.043
-2.879793	2.396274	-1.959260	11	125	124	782.011
-0.523599	1.569311	-3.003978	15	101	3	781.877
0.000000	0.850607	-1.335383	18	124	33	781.479
1.308997	1.736875	3.023612	38	134	24	781.454
1.570796	0.290380	-0.796960	15	103	33	781.339
0.261799	0.866955	-0.931351	5	0	35	781.309
-0.261799	1.195355	1.200319	17	136	110	781.252
0.785398	0.850607	-1.335383	20	124	33	781.200
-2.094395	1.214854	-1.966664	130	31	20	781.029
1.570796	0.960688	-0.577532	32	118	29	780.670
2.356194	0.619654	-2.216909	125	14	33	780.577
-1.570796	1.809167	1.213774	15	7	104	780.511
-0.785398	2.001437	0.381215	17	5	113	780.467
0.785398	0.929350	-2.910676	21	17	130	780.366
-1.570796	1.909857	-0.381669	15	14	118	780.134
-2.879793	1.413430	2.550734	106	25	117	780.037
1.570796	1.014500	0.906702	40	129	16	779.902
-0.261799	1.214854	-1.966664	30	121	17	779.757
1.832596	2.349581	-2.702517	24	8	124	779.721
0.785398	1.168678	2.108595	35	115	137	779.719
1.308997	1.846342	-1.796954	37	121	25	779.700
0.523599	0.619654	-2.216909	15	134	108	779.570
2.879793	0.961715	0.014085	41	137	16	779.565
0.000000	1.766067	2.153843	32	127	26	779.510
2.879793	1.184361	0.625864	27	22	135	779.508
2.617994	1.301460	-0.509251	34	135	28	779.474
0.523599	0.700570	1.559208	29	125	29	779.396
-2.094395	1.218453	2.777284	21	118	27	779.277
0.785398	1.134497	-1.109631	17	113	35	779.211
2.356194	1.325504	-1.671296	28	131	39	779.099
-2.879793	2.343981	-1.040456	26	18	126	779.037
1.570796	0.899350	-2.069907	9	118	44	778.952
1.832596	1.870545	-2.976234	6	39	132	778.950
-2.094395	0.419640	2.974122	8	117	41	778.730
1.047198	1.617114	-1.572037	23	5	21	778.655
0.523599	2.349581	-2.702517	22	137	120	778.651
0.000000	0.619654	-2.216909	20	132	41	778.580
-2.094395	1.699788	2.452890	9	126	116	778.264
-2.879793	1.301460	-0.509251	19	31	18	778.230
-2.094395	0.640596	-2.797608	26	127	36	778.145
-1.047198	1.982574	-1.115518	30	127	31	778.089
0.523599	1.812176	0.656819	126	123	105	778.035
2.356194	2.356369	3.005869	15	15	121	777.929
-2.879793	2.108018	1.311430	17	18	126	777.914
0.261799	1.875281	0.107086	8	6	112	777.852
-0.785398	1.391910	3.030322	21	120	121	777.850
0.261799	2.587733	0.232235	5	3	111	777.804
1.832596	1.433411	-1.035986	32	118	33	777.643
-1.047198	1.736875	3.023612	17	25	117	777.607
-0.785398	2.881233	-2.582574	12	135	118	777.571
0.523599	2.863997	0.549740	6	7	111	777.556
1.570796	1.194549	-0.801900	23	103	33	777.530
-1.047198	0.733948	3.021411	29	130	130	777.456
0.523599	1.699788	2.452890	25	115	27	777.286
0.261799	2.724429	-0.348782	119	116	121	777.244
2.617994	1.184361	0.625864	37	139	5	777.104
-0.261799	0.571433	-1.188419	19	129	32	777.078
-0.523599	0.297065	2.160177	30	112	30	777.042
1.308997	1.506530	1.988858	24	11	113	776.952
0.785398	1.045978	0.343692	13	129	112	776.932
0.261799	1.510910	-0.740472	14	121	34	776.770
-0.261799	1.824694	1.850876	24	4	109	776.608
0.000000	2.579248	-2.364801	133	105	133	776.418
2.094395	1.870545	-2.976234	27	18	15	776.277
1.047198	1.696674	-1.253233	18	138	32	775.952
1.308997	2.396274	-1.959260	27	134	123	775.792
1.047198	1.555207	1.708892	38	129	8	775.707
0.785398	0.685216	-1.712745	9	25	17	775.529
2.879793	2.588535	-2.976617	16	8	124	775.290
-1.308997	2.455966	-0.641220	11	11	116	775.168
1.047198	2.089241	-0.114193	11	137	115	775.076
2.879793	1.554776	0.100351	16	28	113	774.992
-1.832596	1.683268	0.374177	125	121	138	774.976
2.879793	2.251330	-2.330739	18	29	3	774.947
1.308997	2.456751	-1.503343	23	137	122	774.732
1.047198	1.050534	3.042579	34	138	31	774.725
0.000000	0.864993	2.278281	4	109	129	774.480
-1.832596	1.870545	-2.976234	5	113	124	774.440
0.785398	1.050534	3.042579	35	129	33	774.126
1.308997	2.455966	-0.641220	14	128	117	774.113
-2.094395	2.760637	2.781135	23	18	126	773.992
0.523599	0.618092	2.539118	33	126	34	773.986
1.047198	1.214854	-1.966664	23	121	41	773.845
1.570796	1.417623	-0.202254	21	131	117	773.602
0.261799	2.180315	-1.357379	25	132	30	773.577
1.047198	1.809167	1.213774	14	8	101	773.555
1.308997	2.104282	-0.813972	19	126	118	773.368
-1.832596	2.153910	-1.714959	12	26	15	773.320
-2.356194	0.910508	1.903534	8	123	30	773.190
1.047198	1.134497	-1.109631	21	114	35	772.885
1.047198	0.910508	1.903534	20	110	138	772.682
2.094395	0.458961	-0.107937	33	131	125	772.608
1.832596	0.929350	-2.910676	10	6	101	772.460
-3.141593	1.824694	1.850876	20	3	122	772.446
0.261799	0.619654	-2.216909	18	131	42	772.337
-2.879793	0.700570	1.559208	25	139	124	772.037
-1.570796	1.824694	1.850876	19	25	130	771.934
-2.094395	2.588535	-2.976617	27	139	125	771.877
2.094395	2.033014	2.977192	19	30	9	771.226
0.523599	0.866395	-2.492918	32	133	9	770.932
0.785398	1.504028	0.636812	16	106	119	770.845
-2.879793	1.433411	-1.035986	28	18	131	770.747
0.785398	0.618092	2.539118	35	132	32	770.481
-2.879793	1.606104	-0.451151	9	37	12	770.398
1.832596	0.674054	1.013609	37	135	24	770.332
-2.617994	1.128190	-2.288622	17	15	129	770.244
-0.785398	1.134796	2.434290	8	102	29	770.199
2.094395	1.014500	0.906702	31	134	23	770.103
0.000000	1.440580	2.260026	22	112	28	770.103
0.785398	1.450119	-2.739050	20	16	132	769.826
0.261799	1.242974	-2.977882	29	117	36	769.685
-1.832596	0.419640	2.974122	13	11	109	769.526
-2.094395	1.256302	0.062705	131	36	12	769.450
0.000000	1.301460	-0.509251	23	16	124	769.299
-3.141593	2.592629	0.909713	12	13	112	769.278
2.094395	1.998705	2.370472	13	27	119	769.123
0.523599	0.674054	1.013609	14	100	24	769.122
-2.094395	1.025536	1.576859	7	122	29	769.110
2.094395	0.906588	1.252948	33	1	21	769.077
2.356194	1.574060	2.783565	22	136	29	768.984
1.832596	1.696674	-1.253233	36	118	29	768.835
-0.261799	0.929350	-2.910676	20	116	42	768.576
-2.879793	0.370812	-2.547742	12	120	42	768.519
-0.261799	1.310100	1.488307	18	6	109	768.469
2.617994	1.135813	-2.658866	13	133	108	768.464
-1.570796	2.760637	2.781135	12	0	117	768.405
-1.047198	1.909857	-0.381669	114	137	13	768.334
-0.261799	1.875281	0.107086	7	2	112	768.282
-1.570796	1.875281	0.107086	11	6	109	767.705
2.617994	1.134497	-1.109631	32	131	35	767.541
-3.141593	1.247695	1.809890	17	14	123	767.493
0.261799	2.299159	2.264663	26	11	115	767.452
-1.308997	0.910508	1.903534	22	125	22	767.293
2.617994	1.504028	0.636812	36	134	139	767.145
0.261799	1.134796	2.434290	24	118	32	767.031
1.047198	1.846342	-1.796954	25	7	13	766.867
2.094395	2.299159	2.264663	9	26	113	766.656
2.879793	1.732874	-0.951685	29	136	123	766.652
-2.879793	1.184361	0.625864	14	31	5	766.531
0.261799	0.762244	-0.273349	6	126	119	766.499
2.617994	1.683268	0.374177	31	130	113	766.460
0.261799	0.419640	2.974122	34	131	35	766.292
0.261799	0.899350	-2.069907	14	139	106	766.228
0.000000	0.914445	2.687814	26	112	35	766.214
1.047198	0.618092	2.539118	31	132	36	766.168
0.523599	1.135813	-2.658866	30	128	38	765.953
1.308997	0.929350	-2.910676	27	137	38	765.945
1.308997	1.168678	2.108595	31	1	25	765.944
2.094395	0.674054	1.013609	35	1	24	765.850
2.356194	1.218453	2.777284	20	21	18	765.718
-2.617994	2.138223	1.678323	22	139	124	765.577
-2.356194	2.174483	2.653697	25	138	123	765.565
-2.617994	1.504028	0.636812	32	139	13	765.517
0.261799	1.413430	2.550734	30	114	28	765.514
-2.617994	2.664082	-1.071402	23	3	120	765.330
-0.785398	0.618092	2.539118	26	129	123	765.220
2.094395	1.574060	2.783565	25	134	29	765.187
1.832596	0.640596	-2.797608	134	30	30	765.145
-0.785398	1.875281	0.107086	28	5	0	765.136
2.094395	1.242974	-2.977882	138	35	26	765.117
2.356194	1.736875	3.023612	14	33	15	765.002
-2.879793	2.407836	1.410646	31	122	2	764.694
-1.308997	2.247462	0.191623	15	8	111	764.477
-2.617994	1.417623	-0.202254	3	39	12	764.406
2.879793	0.709924	0.218797	29	3	28	764.380
-1.047198	2.881233	-2.582574	12	135	119	764.349
-2.879793	1.413347	-1.339188	6	34	129	764.328
1.047198	2.719179	-1.780644	16	138	107	764.328
-0.785398	2.073035	2.027405	27	136	112	764.284
2.356194	0.297065	2.160177	26	8	15	764.207
-2.094395	2.455966	-0.641220	26	14	123	763.888
-0.785398	0.290380	-0.796960	16	1	30	763.766
2.356194	1.948085	-2.363031	19	12	129	763.754
-3.141593	0.496451	0.593859	7	42	10	763.422
-1.047198	1.869911	2.701025	19	124	116	763.381
1.832596	2.104282	-0.813972	24	133	123	763.314
0.261799	2.704512	1.488683	20	14	113	763.237
0.523599	0.961715	0.014085	12	17	123	763.178
2.879793	0.929350	-2.910676	118	24	27	763.085
-2.094395	0.733948	3.021411	26	0	11	762.978
-0.261799	0.914445	2.687814	21	102	9	762.711
-1.308997	2.579248	-2.364801	27	0	125	762.628
1.308997	0.619654	-2.216909	6	21	31	762.480
2.617994	0.831641	0.616218	32	20	2	762.402
-0.523599	1.335669	0.897240	11	1	110	762.384
-2.356194	1.256302	0.062705	136	38	12	762.201
1.832596	2.719179	-1.780644	21	14	110	762.131
-2.617994	1.214854	-1.966664	18	15	135	761.982
1.047198	2.863997	0.549740	3	107	19	761.906
-0.785398	2.174483	2.653697	25	130	117	761.787
-1.832596	1.134796	2.434290	21	118	25	761.763
-0.523599	0.419640	2.974122	17	25	21	761.742
-0.523599	0.619654	-2.216909	8	32	30	761.699
1.570796	0.961715	0.014085	35	118	25	761.446
-1.570796	0.591903	2.010408	119	20	109	761.436
0.261799	1.195355	1.200319	17	6	103	761.145
-3.141593	0.203748	0.590255	21	19	26	760.955
0.261799	2.356369	3.005869	22	131	119	760.931
1.570796	2.343981	-1.040456	17	6	115	760.904
-0.523599	1.310100	1.488307	16	5	109	760.851
0.000000	1.113094	-0.272241	0	131	115	760.787
2.879793	0.418037	1.360082	139	43	11	760.711
2.617994	2.187132	-0.479875	20	17	109	760.480
0.261799	2.719179	-1.780644	11	134	118	760.340
-2.879793	0.961715	0.014085	13	42	2	760.336
1.570796	1.050534	3.042579	23	24	20	760.240
0.785398	1.699788	2.452890	31	133	30	760.138
1.832596	0.960688	-0.577532	21	108	32	760.114
-0.523599	0.591903	2.010408	12	105	35	760.074
0.261799	2.108018	1.311430	20	15	111	760.049
1.308997	1.134497	-1.109631	20	131	131	759.957
1.308997	0.914445	2.687814	32	138	32	759.824
-1.832596	0.571433	-1.188419	30	8	131	759.819
-1.308997	2.164094	-2.991358	27	116	136	759.436
0.000000	1.128190	-2.288622	32	122	13	759.360
2.094395	1.982574	-1.115518	24	137	122	759.219
0.523599	2.664082	-1.071402	11	129	119	759.188
1.308997	1.218453	2.777284	36	11	10	759.095
-1.832596	2.089241	-0.114193	19	10	113	758.695
0.785398	1.128190	-2.288622	24	12	5	758.691
2.356194	2.478122	2.609777	19	100	0	758.620
1.570796	0.571433	-1.188419	16	106	34	758.547
-0.785398	0.591903	2.010408	7	105	34	758.489
1.832596	0.910508	1.903534	34	5	21	758.444
-0.523599	2.247462	0.191623	0	130	110	758.389
1.570796	2.592629	0.909713	8	9	110	758.382
0.523599	1.134497	-1.109631	13	113	36	758.333
-2.617994	2.724429	-0.348782	26	4	118	758.324
-1.047198	1.134796	2.434290	25	135	21	758.239
1.832596	2.153910	-1.714959	32	13	11	758.104
-0.785398	0.203748	0.590255	120	131	32	757.781
1.047198	0.866395	-2.492918	23	131	41	757.748
-2.879793	1.736875	3.023612	103	23	123	757.731
-0.261799	1.413430	2.550734	23	103	24	757.663
1.047198	0.591903	2.010408	39	132	27	757.656
1.832596	1.440580	2.260026	24	12	126	757.611
2.617994	0.929350	-2.910676	122	26	28	757.565
0.261799	1.135813	-2.658866	24	119	39	757.530
-3.141593	0.418037	1.360082	12	26	17	757.504
-2.356194	0.290380	-0.796960	29	5	124	757.386
1.308997	1.875281	0.107086	10	107	26	757.214
2.094395	2.592629	0.909713	11	134	109	757.185
2.356194	1.256302	0.062705	21	22	120	756.977
2.879793	0.618092	2.539118	13	136	35	756.854
2.617994	2.404280	-0.174044	32	136	121	756.761
0.523599	1.135834	-1.431087	14	112	39	756.724
2.094395	1.413347	-1.339188	18	130	123	756.571
-2.094395	1.574060	2.783565	2	121	118	756.467
0.000000	0.906588	1.252948	15	5	109	756.237
0.785398	0.419640	2.974122	29	137	36	756.217
0.785398	1.448123	-2.163292	28	110	10	756.195
-2.356194	1.413347	-1.339188	21	11	129	756.175
-0.785398	1.194549	-0.801900	26	138	116	756.056
-2.094395	0.685216	-1.712745	23	19	134	756.026
2.356194	1.310100	1.488307	13	30	112	755.949
-0.523599	2.881233	-2.582574	15	6	121	755.913
-0.261799	2.579248	-2.364801	31	122	1	755.838
1.308997	1.450119	-2.739050	21	16	131	755.781
-1.570796	2.247462	0.191623	18	5	111	755.715
-2.879793	1.440580	2.260026	108	26	111	755.689
-2.879793	1.014500	0.906702	24	6	15	755.566
0.261799	1.658653	-2.409879	11	11	111	755.521
2.617994	2.455966	-0.641220	29	2	117	755.504
0.000000	1.696674	-1.253233	118	111	13	755.475
-2.094395	1.846342	-1.796954	15	27	18	755.176
-2.094395	0.864993	2.278281	13	126	29	755.161
-0.523599	0.674054	1.013609	122	125	23	755.063
1.832596	1.134796	2.434290	29	6	25	755.040
0.523599	1.168678	2.108595	32	110	136	755.003
2.356194	1.135813	-2.658866	131	28	33	754.911
2.617994	0.080730	-2.622036	139	109	35	754.837
2.094395	0.370812	-2.547742	124	22	30	754.318
-0.261799	2.637879	2.121598	23	112	123	754.168
2.356194	1.025536	1.576859	24	24	132	754.153
-2.356194	0.379747	-1.713059	32	128	37	754.075
-1.570796	1.391910	3.030322	20	115	124	753.985
0.785398	1.025536	1.576859	31	108	137	753.947
1.047198	1.606104	-0.451151	15	95	14	753.916
1.570796	1.450119	-2.739050	26	20	20	753.498
-2.356194	2.979456	-1.009304	26	13	123	753.462
2.094395	1.134796	2.434290	11	34	127	753.324
-1.308997	0.080730	-2.622036	35	125	33	753.310
-1.047198	1.335669	0.897240	8	1	106	753.287
-1.832596	1.721184	-0.153948	15	9	114	753.280
0.785398	1.417623	-0.202254	11	0	113	753.177
1.832596	2.579248	-2.364801	34	13	134	753.166
-3.141593	2.180315	-1.357379	21	7	123	753.113
1.832596	2.407836	1.410646	10	3	108	752.911
-1.570796	1.998705	2.370472	20	18	124	752.795
-2.356194	1.135834	-1.431087	28	6	137	752.710
0.523599	1.982574	-1.115518	12	134	124	752.607
1.047198	1.195355	1.200319	32	110	132	752.588
-1.570796	1.846342	-1.796954	131	112	7	752.576
-2.356194	1.025536	1.576859	25	4	124	752.505
2.094395	0.733948	3.021411	136	38	18	752.494
0.000000	2.478122	2.609777	20	127	115	752.340
-1.308997	2.174483	2.653697	19	16	124	752.270
-2.356194	2.587733	0.232235	0	32	111	752.224
1.832596	1.050534	3.042579	23	3	36	752.201
-2.094395	1.606104	-0.451151	17	34	121	752.167
2.617994	2.881233	-2.582574	14	29	118	751.897
0.785398	1.545873	-1.877082	18	110	42	751.773
0.785398	2.251330	-2.330739	23	2	125	751.753
-3.141593	1.195355	1.200319	19	25	134	751.680
2.356194	1.870545	-2.976234	25	13	20	751.470
1.832596	1.904882	-1.478089	34	129	32	751.414
-1.570796	1.301460	-0.509251	117	31	17	751.284
1.047198	1.904882	-1.478089	24	5	22	751.133
-1.308997	0.899350	-2.069907	128	20	30	751.068
-0.523599	2.979456	-1.009304	120	119	121	751.000
0.523599	0.866955	-0.931351	17	122	33	750.970
0.785398	2.455966	-0.641220	15	128	119	750.902
-2.356194	1.168678	2.108595	7	126	31	750.898
-2.879793	1.836682	-0.676006	27	8	120	750.839
0.523599	2.115563	0.685730	11	2	107	750.813
-2.094395	2.349581	-2.702517	25	135	119	750.802
-2.879793	0.619654	-2.216909	31	128	30	750.801
2.617994	2.863997	0.549740	31	128	0	750.627
-2.094395	1.391910	3.030322	21	120	28	750.462
-1.047198	0.379747	-1.713059	15	135	111	750.456
2.094395	1.214854	-1.966664	25	13	22	750.289
-2.094395	0.866955	-0.931351	24	11	126	749.968
-2.617994	2.379497	0.561089	3	28	109	749.915
-2.356194	1.948085	-2.363031	5	21	125	749.906
-1.308997	1.310100	1.488307	115	112	130	749.888
2.356194	0.615174	-0.666022	23	6	121	749.681
-1.570796	2.592629	0.909713	23	132	110	749.681
1.308997	0.418037	1.360082	31	122	35	749.626
-1.047198	0.591903	2.010408	18	103	27	749.404
-3.141593	1.413430	2.550734	13	133	30	749.351
1.308997	0.961715	0.014085	17	125	115	749.149
0.785398	0.379747	-1.713059	9	21	21	749.133
-1.570796	0.080730	-2.622036	26	136	33	748.949
0.261799	0.370812	-2.547742	11	12	111	748.922
1.570796	1.812176	0.656819	26	114	122	748.914
2.617994	0.458961	-0.107937	34	135	32	748.903
-1.047198	0.370812	-2.547742	29	135	38	748.782
0.261799	2.407836	1.410646	17	138	108	748.729
2.879793	1.870545	-2.976234	4	34	16	748.695
0.000000	1.506530	1.988858	18	113	29	748.685
2.879793	1.741644	-2.695914	23	122	17	748.543
-1.570796	2.984978	1.954446	21	110	115	748.538
0.785398	2.863997	0.549740	12	139	116	748.534
-1.047198	1.741644	-2.695914	19	5	113	748.491
1.832596	1.128190	-2.288622	27	136	37	748.301
-2.094395	1.194549	-0.801900	22	13	124	748.159
1.832596	1.545873	-1.877082	30	127	39	748.003
-3.141593	2.247462	0.191623	17	23	10	747.969
-2.094395	0.910508	1.903534	8	123	30	747.843
-1.832596	2.251330	-2.330739	24	131	119	747.719
0.785398	2.587733	0.232235	132	112	116	747.632
-0.523599	2.863997	0.549740	17	1	112	747.507
2.356194	0.929350	-2.910676	126	30	29	747.403
-0.523599	1.045978	0.343692	25	10	125	747.313
-2.879793	0.866395	-2.492918	21	121	40	747.297
-2.879793	2.984978	1.954446	6	131	113	747.281
1.832596	0.685216	-1.712745	20	113	37	747.217
-1.308997	1.836682	-0.676006	29	138	131	747.198
1.047198	1.721184	-0.153948	22	128	121	747.194
2.879793	0.700570	1.559208	18	22	9	747.098
2.879793	0.619654	-2.216909	28	125	5	747.091
-2.879793	1.982574	-1.115518	31	11	130	747.078
1.308997	1.440580	2.260026	34	5	128	747.018
0.000000	2.760637	2.781135	25	129	116	746.882
-1.570796	2.001437	0.381215	14	0	106	746.745
-2.617994	0.619654	-2.216909	134	0	39	746.716
1.047198	1.875281	0.107086	15	136	117	746.637
1.308997	1.134796	2.434290	36	137	25	746.615
-2.356194	1.846342	-1.796954	19	25	18	746.447
-1.308997	0.914445	2.687814	16	5	113	746.427
-2.879793	1.050534	3.042579	24	136	114	746.148
0.523599	0.685216	-1.712745	16	19	105	746.133
2.879793	0.640596	-2.797608	118	17	29	746.124
-3.141593	1.662363	0.915448	26	10	4	746.033
0.785398	1.741644	-2.695914	39	124	19	745.968
-0.523599	0.960688	-0.577532	7	111	0	745.951
-1.570796	1.214854	-1.966664	117	135	25	745.874
1.047198	1.506530	1.988858	23	14	109	745.864
0.523599	2.881233	-2.582574	30	112	121	745.764
-0.261799	1.440580	2.260026	20	108	28	745.580
-3.141593	1.869911	2.701025	108	29	115	745.574
2.617994	1.569311	-3.003978	11	133	111	745.543
-0.261799	1.168678	2.108595	35	116	25	745.384
1.832596	0.864993	2.278281	26	21	11	745.363
-1.570796	0.864993	2.278281	26	128	20	745.227
1.832596	1.413347	-1.339188	31	117	36	745.205
-2.879793	2.478122	2.609777	114	23	16	745.164
-0.523599	2.001437	0.381215	15	4	113	745.120
1.047198	1.554776	0.100351	13	133	39	745.098
2.356194	1.214854	-1.966664	19	131	45	745.063
1.308997	2.108018	1.311430	21	136	113	744.880
0.000000	1.242974	-2.977882	35	123	38	744.878
-2.879793	1.545873	-1.877082	20	126	46	744.877
-2.617994	1.134497	-1.109631	21	22	123	744.776
1.570796	0.709924	0.218797	34	119	29	744.701
-1.832596	2.979456	-1.009304	21	26	4	744.660
-2.617994	0.866395	-2.492918	24	127	38	744.655
2.094395	1.658653	-2.409879	17	23	129	744.564
-2.617994	2.247462	0.191623	26	18	113	744.524
0.261799	1.869911	2.701025	28	13	116	744.496
-0.261799	0.910508	1.903534	17	113	33	744.353
-1.832596	0.914445	2.687814	26	128	19	744.180
-2.356194	2.379497	0.561089	1	30	108	744.141
-2.879793	2.104282	-0.813972	27	15	123	744.055
1.047198	1.168678	2.108595	33	138	25	744.030
0.785398	0.640596	-2.797608	26	139	38	743.944
-3.141593	0.899350	-2.069907	21	1	137	743.931
0.785398	2.579248	-2.364801	33	134	131	743.871
-2.879793	0.203748	0.590255	10	32	24	743.836
-1.308997	0.370812	-2.547742	8	30	131	743.789
-1.832596	2.164094	-2.991358	23	111	136	743.777
1.308997	2.089241	-0.114193	13	109	28	743.761
1.832596	1.982574	-1.115518	39	130	16	743.574
-2.879793	2.251330	-2.330739	10	12	126	743.561
0.523599	2.587733	0.232235	3	16	107	743.560
0.523599	0.910508	1.903534	28	123	30	743.549
-2.879793	1.168678	2.108595	9	127	30	743.443
-2.879793	1.488617	1.159546	2	33	120	743.291
-1.047198	1.599406	1.426070	15	15	110	743.184
1.308997	2.063651	-2.044600	33	132	134	743.044
2.356194	0.961715	0.014085	44	126	14	743.019
1.308997	0.910508	1.903534	38	135	22	742.880
1.047198	1.699788	2.452890	29	137	30	742.591
1.308997	0.866955	-0.931351	13	101	32	742.427
0.000000	0.203748	0.590255	125	124	29	742.426
0.261799	2.349581	-2.702517	32	138	134	742.345
-1.308997	0.866395	-2.492918	139	106	7	742.262
2.356194	1.045978	0.343692	37	139	19	742.248
1.308997	0.297065	2.160177	28	136	37	742.238
-0.785398	0.733948	3.021411	16	20	23	742.148
0.000000	1.045978	0.343692	13	129	116	742.049
-3.141593	1.417623	-0.202254	23	18	21	741.938
0.785398	1.658653	-2.409879	27	9	0	741.917
1.047198	1.982574	-1.115518	15	134	120	741.871
-2.094395	0.203748	0.590255	6	26	118	741.750
-2.094395	2.724429	-0.348782	28	8	119	741.633
-0.261799	0.850607	-1.335383	11	128	40	741.531
2.879793	1.113094	-0.272241	35	5	22	741.485
0.000000	2.174483	2.653697	19	124	118	741.341
2.879793	2.455966	-0.641220	30	3	121	741.278
-0.785398	2.164094	-2.991358	7	99	133	741.153
0.523599	1.732874	-0.951685	14	28	120	740.980
0.523599	0.297065	2.160177	32	127	34	740.918
-0.785398	1.310100	1.488307	0	99	133	740.688
-1.047198	0.864993	2.278281	19	5	21	740.521
1.832596	0.571433	-1.188419	21	107	34	740.468
-0.261799	0.733948	3.021411	25	116	38	740.264
-2.094395	1.440580	2.260026	9	108	26	740.247
-2.617994	1.413430	2.550734	11	130	29	740.177
-1.047198	1.836682	-0.676006	33	124	30	740.063
-2.617994	0.864993	2.278281	31	0	121	740.027
1.047198	0.733948	3.021411	31	0	33	739.954
2.094395	2.164094	-2.991358	20	137	38	739.786
1.308997	1.417623	-0.202254	11	118	112	739.721
1.832596	0.370812	-2.547742	127	24	31	739.719
1.308997	1.448123	-2.163292	27	123	41	739.609
1.308997	1.510910	-0.740472	13	123	37	739.547
0.523599	1.214854	-1.966664	29	133	18	739.536
0.261799	1.367556	0.358405	14	139	115	739.149
-0.785398	2.979456	-1.009304	121	130	111	739.012
-2.617994	1.325504	-1.671296	18	18	132	739.001
1.832596	0.419640	2.974122	10	24	26	738.555
0.523599	0.458961	-0.107937	18	115	33	738.293
-2.094395	1.335669	0.897240	12	3	106	738.273
1.308997	2.187132	-0.479875	17	131	117	738.135
2.617994	2.041297	-2.664597	20	28	8	738.020
-1.047198	2.592629	0.909713	21	14	108	737.653
-2.356194	2.187132	-0.479875	14	2	112	737.586
2.356194	2.180315	-1.357379	31	5	129	737.507
1.832596	0.591903	2.010408	31	5	28	737.453
-3.141593	1.014500	0.906702	25	10	13	737.421
1.570796	0.458961	-0.107937	34	125	17	737.339
0.523599	2.251330	-2.330739	28	3	136	737.278
1.832596	0.733948	3.021411	14	25	22	737.268
-2.094395	1.909857	-0.381669	8	2	110	737.264
-1.308997	2.299159	2.264663	15	17	122	737.232
-2.094395	1.510910	-0.740472	131	44	6	737.217
0.000000	2.001437	0.381215	13	4	113	737.178
1.832596	1.948085	-2.363031	22	3	128	737.160
2.879793	1.904882	-1.478089	34	3	137	737.157
-2.356194	2.637879	2.121598	19	136	123	737.097
0.785398	1.948085	-2.363031	30	5	4	736.958
1.047198	1.374601	-2.456031	30	127	38	736.944
1.832596	0.379747	-1.713059	3	110	40	736.901
2.617994	0.850607	-1.335383	22	1	128	736.865
-2.094395	2.115563	0.685730	23	121	41	736.854
-1.308997	0.733948	3.021411	15	10	111	736.826
-0.523599	0.914445	2.687814	20	104	33	736.666
1.570796	1.242974	-2.977882	26	136	38	736.550
-3.141593	0.700570	1.559208	15	22	12	736.441
1.308997	0.906588	1.252948	39	136	12	736.257
-2.094395	1.998705	2.370472	14	122	115	736.167
0.785398	0.619654	-2.216909	26	1	21	736.084
2.356194	0.850607	-1.335383	20	137	130	735.907
0.785398	0.203748	0.590255	21	112	37	735.821
0.785398	2.089241	-0.114193	0	102	125	735.773
2.617994	1.195355	1.200319	24	18	126	735.743
1.308997	0.709924	0.218797	28	100	17	735.627
0.261799	0.418037	1.360082	32	107	23	735.627
-1.047198	1.325504	-1.671296	119	13	34	735.625
-1.570796	0.929350	-2.910676	33	134	8	735.575
-3.141593	1.554776	0.100351	12	32	114	735.570
0.000000	1.683268	0.374177	14	138	114	735.480
-1.308997	1.554776	0.100351	139	112	4	735.438
0.785398	2.456751	-1.503343	2	103	129	735.316
0.000000	1.325504	-1.671296	19	6	111	735.244
1.047198	0.864993	2.278281	39	133	26	735.232
-0.523599	0.733948	3.021411	14	22	25	735.188
-0.523599	2.041297	-2.664597	11	99	0	735.166
2.356194	1.766067	2.153843	12	6	117	735.134
-2.617994	2.587733	0.232235	3	30	111	734.792
-1.832596	2.704512	1.488683	21	18	10	734.719
0.523599	1.025536	1.576859	137	110	128	734.682
2.356194	0.866395	-2.492918	128	23	33	734.451
-0.523599	1.433411	-1.035986	7	121	39	734.424
2.617994	1.736875	3.023612	12	125	115	734.396
-0.523599	1.812176	0.656819	14	31	134	734.270
-3.141593	1.504028	0.636812	22	18	6	734.211
-2.879793	1.417623	-0.202254	14	35	11	734.043
1.832596	1.391910	3.030322	28	4	30	733.789
-0.523599	1.413430	2.550734	12	102	28	733.710
-2.617994	1.683268	0.374177	32	139	20	733.687
1.832596	2.592629	0.909713	10	9	111	733.657
-0.785398	2.349581	-2.702517	6	100	133	733.566
0.785398	1.113094	-0.272241	17	137	31	733.472
1.570796	0.619654	-2.216909	139	123	46	733.457
-0.523599	2.251330	-2.330739	23	12	121	733.455
-2.356194	1.194549	-0.801900	25	10	125	733.431
-0.785398	1.658653	-2.409879	9	105	5	733.189
1.570796	0.906588	1.252948	25	21	12	733.148
-2.617994	0.419640	2.974122	133	18	29	733.059
2.879793	1.391910	3.030322	19	1	115	732.942
-2.617994	1.135834	-1.431087	0	36	18	732.886
-2.617994	1.569311	-3.003978	106	14	122	732.867
2.879793	1.301460	-0.509251	28	10	121	732.799
1.308997	1.214854	-1.966664	27	125	38	732.610
-3.141593	1.870545	-2.976234	0	120	38	732.601
-2.356194	2.881233	-2.582574	23	128	129	732.598
0.523599	2.984978	1.954446	22	5	115	732.592
-3.141593	2.984978	1.954446	34	7	14	732.505
-2.617994	2.456751	-1.503343	19	11	124	732.493
0.000000	0.418037	1.360082	27	104	24	732.472
0.785398	1.554776	0.100351	11	4	114	732.421
-2.356194	1.128190	-2.288622	0	27	26	732.023
2.356194	1.128190	-2.288622	21	138	39	731.416
0.785398	0.496451	0.593859	34	121	20	731.376
0.523599	1.413430	2.550734	38	119	22	731.304
0.261799	2.164094	-2.991358	29	3	128	731.276
2.356194	0.992645	-1.723759	21	136	133	731.266
-2.879793	2.863997	0.549740	23	117	113	731.250
2.356194	0.674054	1.013609	36	7	11	731.193
2.356194	0.910508	1.903534	18	30	136	731.047
-0.261799	0.640596	-2.797608	27	125	39	730.906
-1.832596	2.592629	0.909713	16	107	14	730.857
-1.570796	1.869911	2.701025	25	113	27	730.844
0.785398	1.617114	-1.572037	20	107	35	730.582
1.047198	1.450119	-2.739050	21	0	127	730.538
2.879793	1.025536	1.576859	17	26	133	730.521
-3.141593	1.413347	-1.339188	7	129	120	730.381
-1.832596	2.881233	-2.582574	28	135	130	730.304
-2.094395	1.555207	1.708892	13	135	106	730.287
2.356194	0.733948	3.021411	17	5	33	730.252
2.617994	2.164094	-2.991358	15	24	128	730.174
-0.261799	2.881233	-2.582574	131	107	124	730.076
0.523599	0.864993	2.278281	36	120	26	730.054
2.617994	1.325504	-1.671296	21	0	131	729.808
-1.570796	0.379747	-1.713059	12	134	110	729.789
0.000000	1.545873	-1.877082	30	136	16	729.752
0.523599	1.194549	-0.801900	16	21	118	729.709
-2.617994	1.736875	3.023612	5	111	33	729.679
-0.261799	1.736875	3.023612	23	101	139	729.676
0.523599	2.455966	-0.641220	12	112	30	729.674
0.785398	2.637879	2.121598	15	10	108	729.663
2.879793	2.247462	0.191623	18	19	11	729.641
-1.832596	1.732874	-0.951685	9	21	115	729.460
-0.261799	1.836682	-0.676006	104	122	135	729.356
1.047198	0.709924	0.218797	19	125	116	729.253
-0.261799	2.001437	0.381215	14	4	113	729.244
-1.308997	0.379747	-1.713059	15	135	111	729.052
2.617994	1.128190	-2.288622	23	125	39	728.973
-2.879793	1.367556	0.358405	16	30	7	728.891
-2.617994	1.998705	2.370472	10	126	115	728.761
-1.047198	0.866955	-0.931351	16	128	34	728.736
2.094395	2.041297	-2.664597	31	15	14	728.651
-2.356194	2.153910	-1.714959	14	19	128	728.640
1.047198	2.108018	1.311430	17	9	109	728.512
-1.308997	2.881233	-2.582574	9	132	119	728.449
-2.356194	1.135813	-2.658866	120	5	35	728.406
-2.879793	2.033014	2.977192	28	133	122	728.157
0.261799	0.831641	0.616218	25	127	18	728.058
0.785398	1.247695	1.809890	32	112	133	727.965
2.094395	1.256302	0.062705	31	131	118	727.847
-1.832596	0.290380	-0.796960	14	130	111	727.788
0.523599	1.869911	2.701025	23	5	114	727.598
-1.047198	0.290380	-0.796960	22	2	30	727.353
0.261799	2.478122	2.609777	25	129	115	727.220
2.617994	1.696674	-1.253233	21	23	127	727.119
0.000000	2.379497	0.561089	6	130	108	727.051
0.000000	2.664082	-1.071402	7	131	119	727.006
-0.785398	1.413430	2.550734	6	102	29	726.930
-0.261799	1.242974	-2.977882	19	110	38	726.607
-0.785398	1.050534	3.042579	14	105	36	726.502
1.832596	0.906588	1.252948	31	22	133	726.471
-3.141593	0.850607	-1.335383	33	131	36	726.401
0.261799	0.080730	-2.622036	24	4	34	726.345
2.617994	1.014500	0.906702	35	3	4	726.199
-0.523599	0.080730	-2.622036	7	134	109	726.172
2.356194	1.113094	-0.272241	37	133	25	726.042
-1.832596	1.846342	-1.796954	6	25	129	726.039
-2.094395	0.290380	-0.796960	17	137	42	726.002
-2.094395	0.496451	0.593859	4	26	19	725.968
0.523599	0.929350	-2.910676	30	127	37	725.929
2.617994	2.579248	-2.364801	17	31	123	725.927
1.047198	0.762244	-0.273349	26	112	29	725.909
-1.308997	1.721184	-0.153948	26	137	131	725.880
1.832596	2.180315	-1.357379	20	15	121	725.851
-0.785398	1.433411	-1.035986	118	116	4	725.845
0.523599	2.089241	-0.114193	4	12	110	725.536
0.000000	0.992645	-1.723759	29	131	21	725.448
1.308997	1.683268	0.374177	6	3	95	725.416
-0.523599	2.164094	-2.991358	14	99	134	725.340
-2.879793	1.554776	0.100351	15	30	9	725.258
2.617994	1.045978	0.343692	34	117	21	725.212
2.094395	1.218453	2.777284	8	36	133	725.184
0.523599	2.579248	-2.364801	15	136	110	724.882
-3.141593	1.214854	-1.966664	19	2	135	724.666
1.832596	2.356369	3.005869	28	18	1	724.548
-0.523599	1.440580	2.260026	20	1	25	724.533
2.879793	2.863997	0.549740	22	137	116	724.472
-1.570796	1.599406	1.426070	14	4	106	724.420
2.879793	1.699788	2.452890	16	6	23	724.221
-2.617994	2.104282	-0.813972	29	12	124	724.178
0.785398	1.194549	-0.801900	124	101	2	724.042
0.261799	1.824694	1.850876	11	133	32	723.955
1.047198	1.545873	-1.877082	24	113	40	723.943
0.785398	2.104282	-0.813972	8	128	115	723.779
0.523599	1.413347	-1.339188	22	130	30	723.737
-1.570796	1.014500	0.906702	24	14	121	723.727
-2.879793	0.850607	-1.335383	127	138	25	723.492
-0.523599	1.555207	1.708892	1	109	114	723.269
-0.523599	1.488617	1.159546	13	10	107	723.154
1.308997	1.025536	1.576859	34	11	125	723.119
-2.617994	1.184361	0.625864	30	139	17	723.109
-0.523599	2.664082	-1.071402	120	114	126	723.057
2.617994	0.297065	2.160177	21	135	116	723.011
-2.094395	2.180315	-1.357379	12	17	122	722.965
2.617994	1.413430	2.550734	17	0	118	722.707
2.617994	1.617114	-1.572037	22	136	126	722.573
-2.879793	1.869911	2.701025	105	21	114	722.562
-3.141593	2.587733	0.232235	25	136	113	722.528
-2.879793	0.864993	2.278281	139	108	130	722.516
1.047198	0.290380	-0.796960	18	119	35	722.439
-3.141593	0.297065	2.160177	10	132	36	722.269
2.617994	0.203748	0.590255	25	134	39	722.256
-0.785398	1.721184	-0.153948	1	1	110	722.206
2.617994	1.374601	-2.456031	23	132	39	722.127
-1.570796	1.195355	1.200319	116	117	1	721.804
2.617994	2.724429	-0.348782	15	23	11	721.688
-1.570796	0.370812	-2.547742	31	130	130	721.588
-0.785398	1.135813	-2.658866	11	105	13	721.488
-1.570796	0.458961	-0.107937	27	9	12	721.386
0.000000	1.824694	1.850876	13	135	32	721.246
2.879793	1.696674	-1.253233	30	16	22	721.204
2.879793	2.104282	-0.813972	30	7	123	720.925
2.617994	1.658653	-2.409879	30	1	27	720.703
0.785398	0.899350	-2.069907	19	124	42	720.698
2.356194	1.448123	-2.163292	26	2	35	720.594
1.832596	0.619654	-2.216909	132	20	33	720.578
1.832596	1.256302	0.062705	38	123	19	720.498
-2.617994	2.343981	-1.040456	17	7	120	720.488
-3.141593	2.115563	0.685730	33	124	16	720.410
-0.785398	2.379497	0.561089	19	6	111	720.379
-0.523599	0.831641	0.616218	110	137	12	720.379
0.000000	2.115563	0.685730	130	123	108	720.162
-2.617994	0.418037	1.360082	26	5	122	720.061
-1.832596	2.760637	2.781135	7	133	114	719.820
-2.879793	1.824694	1.850876	1	11	100	719.683
-2.617994	1.732874	-0.951685	23	4	121	719.642
-3.141593	1.488617	1.159546	33	132	2	719.383
-2.617994	0.899350	-2.069907	20	14	139	719.088
-0.785398	1.506530	1.988858	3	101	122	718.852
-3.141593	0.615174	-0.666022	32	1	32	718.726
0.523599	2.299159	2.264663	28	11	117	718.545
-0.261799	1.135834	-1.431087	5	116	39	718.496
1.570796	2.863997	0.549740	12	107	22	718.340
-2.356194	1.766067	2.153843	138	8	98	718.316
-1.047198	1.450119	-2.739050	14	5	109	718.289
2.617994	1.554776	0.100351	19	25	113	718.232
0.261799	0.496451	0.593859	3	95	19	718.011
2.094395	2.664082	-1.071402	29	134	118	718.006
-0.523599	0.906588	1.252948	10	1	108	717.977
-0.785398	1.488617	1.159546	16	138	108	717.963
-1.047198	1.510910	-0.740472	118	120	2	717.821
1.570796	0.700570	1.559208	37	9	14	717.683
-0.261799	1.574060	2.783565	24	101	139	717.645
1.047198	1.824694	1.850876	24	8	114	717.579
-1.832596	1.417623	-0.202254	122	35	11	717.348
