Charm++> No provisioning arguments specified. Running with a single PE.
         Use +auto-provision to fully subscribe resources or +p1 to silence this message.
Charm++: standalone mode (not using charmrun)
Charm++> Running in Multicore mode: 1 threads (PEs)
Charm++> Using recursive bisection (scheme 3) for topology aware partitions
Charm++ warning> fences and atomic operations not available in native assembly
Converse/Charm++ Commit ID: v6.10.2-0-g7bf00fa-namd-charm-6.10.2-build-2020-Aug-05-556
Charm++> Disabling isomalloc because mmap() does not work.
CharmLB> Load balancer assumes all CPUs are same.
Charm++> Running on 1 hosts (1 sockets x 4 cores x 1 PUs = 4-way SMP)
Charm++> cpu topology info is gathered in 0.009 seconds.
Info: Built with CUDA version 10010
Did not find +devices i,j,k,... argument, using all
Pe 0 physical rank 0 binding to CUDA device 0 on OUTERHEAVEN: 'GeForce GTX 1060 6GB'  Mem: 6144MB  Rev: 6.1  PCI: 0:1:0
Info: NAMD 2.14 for Win64-multicore-CUDA
Info: 
Info: Please visit http://www.ks.uiuc.edu/Research/namd/
Info: for updates, documentation, and support information.
Info: 
Info: Please cite Phillips et al., J. Chem. Phys. 153:044130 (2020) doi:10.1063/5.0014475
Info: in all publications reporting results obtained with NAMD.
Info: 
Info: Based on Charm++/Converse 61002 for multicore-win64
Info: Built Wed, Aug 05, 2020 9:54:41 PM by jim on europa
Info: Running on 1 processors, 1 nodes, 1 physical nodes.
Info: CPU topology information available.
Info: Charm++/Converse parallel runtime startup completed at 0.7 s
CkLoopLib is used in SMP with simple dynamic scheduling (converse-level notification)
Info: 257.68 MB of memory in use based on GetProcessMemoryInfo
Info: Configuration file is ubq_wb_eq.conf
Info: Working in the current directory C:\Users\YaKerTaker\Desktop\Bioinformatics\LabSession5
TCL: Suspending until startup complete.
Info: SIMULATION PARAMETERS:
Info: TIMESTEP               2
Info: NUMBER OF STEPS        0
Info: STEPS PER CYCLE        10
Info: PERIODIC CELL BASIS 1  50.682 0 0
Info: PERIODIC CELL BASIS 2  0 52.371 0
Info: PERIODIC CELL BASIS 3  0 0 56.265
Info: PERIODIC CELL CENTER   30.8417 29.1532 17.9016
Info: WRAPPING ALL CLUSTERS AROUND PERIODIC BOUNDARIES ON OUTPUT.
Info: LOAD BALANCER  Centralized
Info: LOAD BALANCING STRATEGY  New Load Balancers -- DEFAULT
Info: LDB PERIOD             2000 steps
Info: FIRST LDB TIMESTEP     50
Info: LAST LDB TIMESTEP     -1
Info: LDB BACKGROUND SCALING 1
Info: HOM BACKGROUND SCALING 1
Info: PME BACKGROUND SCALING 1
Info: MIN ATOMS PER PATCH    40
Info: INITIAL TEMPERATURE    310
Info: CENTER OF MASS MOVING INITIALLY? NO
Info: DIELECTRIC             1
Info: EXCLUDE                SCALED ONE-FOUR
Info: 1-4 ELECTROSTATICS SCALED BY 1
Info: MODIFIED 1-4 VDW PARAMETERS WILL BE USED
Info: DCD FILENAME           ubq_wb_eq.dcd
Info: DCD FREQUENCY          250
Info: DCD FIRST STEP         250
Info: DCD FILE WILL CONTAIN UNIT CELL DATA
Info: XST FILENAME           ubq_wb_eq.xst
Info: XST FREQUENCY          250
Info: NO VELOCITY DCD OUTPUT
Info: NO FORCE DCD OUTPUT
Info: OUTPUT FILENAME        ubq_wb_eq
Info: BINARY OUTPUT FILES WILL BE USED
Info: RESTART FILENAME       ubq_wb_eq.restart
Info: RESTART FREQUENCY      500
Info: BINARY RESTART FILES WILL BE USED
Info: SWITCHING ACTIVE
Info: SWITCHING ON           10
Info: SWITCHING OFF          12
Info: PAIRLIST DISTANCE      14
Info: PAIRLIST SHRINK RATE   0.01
Info: PAIRLIST GROW RATE     0.01
Info: PAIRLIST TRIGGER       0.3
Info: PAIRLISTS PER CYCLE    2
Info: PAIRLISTS ENABLED
Info: MARGIN                 0.495
Info: HYDROGEN GROUP CUTOFF  2.5
Info: PATCH DIMENSION        16.995
Info: ENERGY OUTPUT STEPS    100
Info: CROSSTERM ENERGY INCLUDED IN DIHEDRAL
Info: TIMING OUTPUT STEPS    1000
Info: PRESSURE OUTPUT STEPS  100
Info: LANGEVIN DYNAMICS ACTIVE
Info: LANGEVIN TEMPERATURE   310
Info: LANGEVIN USING BBK INTEGRATOR
Info: LANGEVIN DAMPING COEFFICIENT IS 1 INVERSE PS
Info: LANGEVIN DYNAMICS NOT APPLIED TO HYDROGENS
Info: LANGEVIN PISTON PRESSURE CONTROL ACTIVE
Info:        TARGET PRESSURE IS 1.01325 BAR
Info:     OSCILLATION PERIOD IS 100 FS
Info:             DECAY TIME IS 50 FS
Info:     PISTON TEMPERATURE IS 310 K
Info:       PRESSURE CONTROL IS GROUP-BASED
Info:    INITIAL STRAIN RATE IS 0 0 0
Info:       CELL FLUCTUATION IS ISOTROPIC
Info: PARTICLE MESH EWALD (PME) ACTIVE
Info: PME TOLERANCE               1e-06
Info: PME EWALD COEFFICIENT       0.257952
Info: PME INTERPOLATION ORDER     4
Info: PME GRID DIMENSIONS         54 54 60
Info: PME MAXIMUM GRID SPACING    1
Info: FULL ELECTROSTATIC EVALUATION FREQUENCY      2
Info: USING VERLET I (r-RESPA) MTS SCHEME.
Info: C1 SPLITTING OF LONG RANGE ELECTROSTATICS
Info: PLACING ATOMS IN PATCHES BY HYDROGEN GROUPS
Info: RIGID BONDS TO HYDROGEN : ALL
Info:         ERROR TOLERANCE : 1e-08
Info:          MAX ITERATIONS : 100
Info: RIGID WATER USING SETTLE ALGORITHM
Info: RANDOM NUMBER SEED     1604707672
Info: USE HYDROGEN BONDS?    NO
Info: COORDINATE PDB         solvate.pdb
Info: STRUCTURE FILE         solvate.psf
Info: PARAMETER file: CHARMM format! 
Info: PARAMETERS             ./toppar_c36_jul20/par_all36_prot.prm
Info: PARAMETERS             ./toppar_c36_jul20/param19.inp
Info: USING ARITHMETIC MEAN TO COMBINE L-J SIGMA PARAMETERS

Warning: DUPLICATE BOND ENTRY FOR C-N
PREVIOUS VALUES  k=260  x0=1.3
   USING VALUES  k=471  x0=1.33

Warning: DUPLICATE BOND ENTRY FOR C-NC2
PREVIOUS VALUES  k=450  x0=1.365
   USING VALUES  k=400  x0=1.33

Warning: DUPLICATE BOND ENTRY FOR C-NH1
PREVIOUS VALUES  k=370  x0=1.345
   USING VALUES  k=471  x0=1.33

Warning: DUPLICATE BOND ENTRY FOR C-O
PREVIOUS VALUES  k=620  x0=1.23
   USING VALUES  k=580  x0=1.23

Warning: DUPLICATE BOND ENTRY FOR H-NH1
PREVIOUS VALUES  k=440  x0=0.997
   USING VALUES  k=405  x0=0.98

Warning: DUPLICATE BOND ENTRY FOR H-NH2
PREVIOUS VALUES  k=480  x0=1
   USING VALUES  k=405  x0=0.98

Warning: DUPLICATE BOND ENTRY FOR H-OH1
PREVIOUS VALUES  k=545  x0=0.96
   USING VALUES  k=450  x0=0.96

Warning: DUPLICATE BOND ENTRY FOR HC-NC2
PREVIOUS VALUES  k=455  x0=1
   USING VALUES  k=405  x0=1

Warning: DUPLICATE BOND ENTRY FOR HC-NH3
PREVIOUS VALUES  k=403  x0=1.04
   USING VALUES  k=405  x0=1.04

Warning: DUPLICATE ANGLE ENTRY FOR N-C-O
PREVIOUS VALUES  k=80  theta0=122.5 k_ub=0 r_ub=0
   USING VALUES  k=85  theta0=121 k_ub=0 r_ub=0

Warning: DUPLICATE ANGLE ENTRY FOR NC2-C-NC2
PREVIOUS VALUES  k=40  theta0=120 k_ub=70 r_ub=2.31
   USING VALUES  k=70  theta0=120 k_ub=0 r_ub=0

Warning: DUPLICATE ANGLE ENTRY FOR NH1-C-O
PREVIOUS VALUES  k=80  theta0=122.5 k_ub=0 r_ub=0
   USING VALUES  k=65  theta0=121 k_ub=0 r_ub=0

Warning: DUPLICATE ANGLE ENTRY FOR C-NC2-HC
PREVIOUS VALUES  k=49  theta0=120 k_ub=0 r_ub=0
   USING VALUES  k=35  theta0=120 k_ub=0 r_ub=0

Warning: DUPLICATE ANGLE ENTRY FOR HC-NC2-HC
PREVIOUS VALUES  k=25  theta0=120 k_ub=0 r_ub=0
   USING VALUES  k=40  theta0=120 k_ub=0 r_ub=0

Warning: DUPLICATE ANGLE ENTRY FOR C-NH1-H
PREVIOUS VALUES  k=34  theta0=123 k_ub=0 r_ub=0
   USING VALUES  k=30  theta0=120 k_ub=0 r_ub=0

Warning: DUPLICATE ANGLE ENTRY FOR H-NH2-H
PREVIOUS VALUES  k=23  theta0=120 k_ub=0 r_ub=0
   USING VALUES  k=40  theta0=125 k_ub=0 r_ub=0

Warning: DUPLICATE ANGLE ENTRY FOR HC-NH3-HC
PREVIOUS VALUES  k=44  theta0=109.5 k_ub=0 r_ub=0
   USING VALUES  k=40  theta0=109.5 k_ub=0 r_ub=0

Warning: DUPLICATE DIHEDRAL ENTRY FOR X-C-NC2-X
PREVIOUS VALUES MULTIPLICITY: 1
  k=2.25  n=2  delta=180
Warning: IDENTICAL PERIODICITY! REPLACING OLD VALUES BY: 
  k=8.2  n=2  delta=180

Warning: DUPLICATE IMPROPER DIHEDRAL ENTRY FOR O-X-X-C
PREVIOUS VALUES MULTIPLICITY 1
  k=120  n=0  delta=0
USING VALUES MULTIPLICITY 1
  k=100  n=0  delta=0
Warning: DUPLICATE IMPROPER DIHEDRAL ENTRY FOR NC2-X-X-HC
PREVIOUS VALUES MULTIPLICITY 1
  k=-2  n=0  delta=0
USING VALUES MULTIPLICITY 1
  k=45  n=0  delta=0
Warning: DUPLICATE IMPROPER DIHEDRAL ENTRY FOR NH1-X-X-H
PREVIOUS VALUES MULTIPLICITY 1
  k=20  n=0  delta=0
USING VALUES MULTIPLICITY 1
  k=45  n=0  delta=0
Warning: DUPLICATE IMPROPER DIHEDRAL ENTRY FOR NH2-X-X-H
PREVIOUS VALUES MULTIPLICITY 1
  k=4  n=0  delta=0
USING VALUES MULTIPLICITY 1
  k=45  n=0  delta=0Warning: DUPLICATE vdW ENTRY FOR H
PREVIOUS VALUES  sigma=0.400014 epsilon=0.046 sigma14=0.400014 epsilon14=0.046
   USING VALUES  sigma=1.42544 epsilon=0.0498 sigma14=1.42544 epsilon14=0.0498
Warning: DUPLICATE vdW ENTRY FOR HC
PREVIOUS VALUES  sigma=0.400014 epsilon=0.046 sigma14=0.400014 epsilon14=0.046
   USING VALUES  sigma=1.06908 epsilon=0.0498 sigma14=1.06908 epsilon14=0.0498
Warning: DUPLICATE vdW ENTRY FOR HA
PREVIOUS VALUES  sigma=2.35197 epsilon=0.022 sigma14=2.35197 epsilon14=0.022
   USING VALUES  sigma=2.61568 epsilon=0.045 sigma14=2.61568 epsilon14=0.045
Warning: DUPLICATE vdW ENTRY FOR C
PREVIOUS VALUES  sigma=3.56359 epsilon=0.11 sigma14=3.56359 epsilon14=0.11
   USING VALUES  sigma=3.74177 epsilon=0.12 sigma14=3.38542 epsilon14=0.1
Warning: DUPLICATE vdW ENTRY FOR OC
PREVIOUS VALUES  sigma=3.02906 epsilon=0.12 sigma14=3.02906 epsilon14=0.12
   USING VALUES  sigma=2.85088 epsilon=0.6469 sigma14=2.85088 epsilon14=0.6469
Info: SUMMARY OF PARAMETERS:
Info: 202 BONDS
Info: 560 ANGLES
Info: 758 DIHEDRAL
Info: 78 IMPROPER
Info: 6 CROSSTERM
Info: 71 VDW
Info: 3 VDW_PAIRS
Info: 0 NBTHOLE_PAIRS
Info: TIME FOR READING PSF FILE: 0.11
Info: Reading pdb file solvate.pdb
Info: TIME FOR READING PDB FILE: 0.029
Info: 
Info: ****************************
Info: STRUCTURE SUMMARY:
Info: 13660 ATOMS
Info: 9523 BONDS
Info: 6400 ANGLES
Info: 3293 DIHEDRALS
Info: 212 IMPROPERS
Info: 74 CROSSTERMS
Info: 0 EXCLUSIONS
Info: 13058 RIGID BONDS
Info: 27922 DEGREES OF FREEDOM
Info: 4745 HYDROGEN GROUPS
Info: 4 ATOMS IN LARGEST HYDROGEN GROUP
Info: 4745 MIGRATION GROUPS
Info: 4 ATOMS IN LARGEST MIGRATION GROUP
Info: TOTAL MASS = 83202.7 amu
Info: TOTAL CHARGE = 1.0021e-06 e
Info: MASS DENSITY = 0.925153 g/cm^3
Info: ATOM DENSITY = 0.0914677 atoms/A^3
Info: *****************************
Info: 
Info: Entering startup at 0.968 s, 262.195 MB of memory in use
Info: Startup phase 0 took 0 s, 262.195 MB of memory in use
Info: ADDED 19187 IMPLICIT EXCLUSIONS
Info: Startup phase 1 took 0.00699997 s, 265.039 MB of memory in use
Info: NONBONDED TABLE R-SQUARED SPACING: 0.0625
Info: NONBONDED TABLE SIZE: 769 POINTS
Info: ABSOLUTE IMPRECISION IN FAST TABLE FORCE: 2.64698e-23 AT 11.9138
Info: RELATIVE IMPRECISION IN FAST TABLE FORCE: 1.40436e-16 AT 11.9138
Info: INCONSISTENCY IN FAST TABLE ENERGY VS FORCE: 0.000325096 AT 11.9556
Info: ABSOLUTE IMPRECISION IN SCOR TABLE FORCE: 4.10282e-22 AT 11.9138
Info: RELATIVE IMPRECISION IN SCOR TABLE FORCE: 3.56912e-15 AT 11.9138
Info: INCONSISTENCY IN SCOR TABLE ENERGY VS FORCE: 0.000324844 AT 11.9556
Info: ABSOLUTE IMPRECISION IN VDWA TABLE ENERGY: 9.86076e-32 AT 11.8295
Info: RELATIVE IMPRECISION IN VDWA TABLE ENERGY: 6.75473e-14 AT 11.9138
Info: ABSOLUTE IMPRECISION IN VDWA TABLE FORCE: 4.62223e-32 AT 11.9138
Info: RELATIVE IMPRECISION IN VDWA TABLE FORCE: 2.12237e-15 AT 11.9138
Info: INCONSISTENCY IN VDWA TABLE ENERGY VS FORCE: 0.0040507 AT 0.251946
Info: ABSOLUTE IMPRECISION IN VDWB TABLE ENERGY: 4.1359e-25 AT 11.8295
Info: RELATIVE IMPRECISION IN VDWB TABLE ENERGY: 7.56853e-15 AT 11.9138
Info: ABSOLUTE IMPRECISION IN VDWB TABLE FORCE: 3.87741e-26 AT 11.9138
Info: RELATIVE IMPRECISION IN VDWB TABLE FORCE: 5.97409e-16 AT 11.9138
Info: INCONSISTENCY IN VDWB TABLE ENERGY VS FORCE: 0.00150189 AT 0.251946
Info: Startup phase 2 took 0.000999928 s, 265.402 MB of memory in use
Info: Startup phase 3 took 0 s, 265.402 MB of memory in use
Info: Startup phase 4 took 0 s, 265.402 MB of memory in use
Info: Startup phase 5 took 0 s, 265.402 MB of memory in use
Info: PATCH GRID IS 2 (PERIODIC) BY 3 (PERIODIC) BY 3 (PERIODIC)
Info: PATCH GRID IS 1-AWAY BY 1-AWAY BY 1-AWAY
Info: REMOVING COM VELOCITY 0.0559008 -0.0540202 0.0232948
Info: LARGEST PATCH (7) HAS 796 ATOMS
Info: TORUS A SIZE 1 USING 0
Info: TORUS B SIZE 1 USING 0
Info: TORUS C SIZE 1 USING 0
Info: TORUS MINIMAL MESH SIZE IS 1 BY 1 BY 1
Info: Placed 100% of base nodes on same physical node as patch
Info: Startup phase 6 took 0.00500011 s, 268.375 MB of memory in use
Info: PME using 1 x 1 x 1 pencil grid for FFT and reciprocal sum.
Info: Startup phase 7 took 0.000999928 s, 268.375 MB of memory in use
Info: Updated CUDA force table with 4096 elements.
Info: Updated CUDA LJ table with 66 x 66 elements.
Info: Startup phase 8 took 0.03 s, 270.379 MB of memory in use
Info: Startup phase 9 took 0 s, 270.379 MB of memory in use
Info: Startup phase 10 took 0 s, 270.379 MB of memory in use
Info: Startup phase 11 took 0.00300002 s, 272.383 MB of memory in use
LDB: Central LB being created...
Info: Startup phase 12 took 0.949 s, 393.934 MB of memory in use
Info: CREATING 386 COMPUTE OBJECTS
Info: Found 213 unique exclusion lists needing 616 bytes
Info: Startup phase 13 took 0.0420001 s, 394.762 MB of memory in use
Info: Startup phase 14 took 0 s, 394.762 MB of memory in use
Info: Startup phase 15 took 0 s, 397.398 MB of memory in use
Info: Finished startup at 2.006 s, 397.398 MB of memory in use

TCL: Minimizing for 100 steps
PRESSURE: 0 64501 -166945 132540 -166946 1.43057e+06 -1.086e+06 132541 -1.08599e+06 945615
GPRESSURE: 0 22468.8 -188260 114443 -38682.7 1.58871e+06 -945123 33156.8 -1.23417e+06 804470
ETITLE:      TS           BOND          ANGLE          DIHED          IMPRP               ELECT            VDW       BOUNDARY           MISC        KINETIC               TOTAL           TEMP      POTENTIAL         TOTAL3        TEMPAVG            PRESSURE      GPRESSURE         VOLUME       PRESSAVG      GPRESSAVG

ENERGY:       0       243.8379       365.6204       706.5914         9.3182         -40150.5361    611443.6874         0.0000         0.0000         0.0000         572618.5192         0.0000    572618.5192    572618.5192         0.0000         813563.6438    805217.0940    149342.3422    813563.6438    805217.0940

OPENING EXTENDED SYSTEM TRAJECTORY FILE
MINIMIZER SLOWLY MOVING 40 ATOMS WITH BAD CONTACTS DOWNHILL
PRESSURE: 1 49629.7 -167896 135660 -167889 1.38981e+06 -1.08299e+06 135662 -1.083e+06 904127
GPRESSURE: 1 8885.04 -185947 120926 -64749.7 1.50918e+06 -969512 54803.4 -1.20151e+06 784096
ENERGY:       1       243.5467       364.9304       706.6998         9.5318         -40163.8928    414537.5675         0.0000         0.0000         0.0000         375698.3835         0.0000    375698.3835    375698.3835         0.0000         781189.2284    767387.2818    149342.3422    781189.2284    767387.2818

MINIMIZER SLOWLY MOVING 14 ATOMS WITH BAD CONTACTS DOWNHILL
PRESSURE: 2 29538.5 -19878.4 17591 -19878.9 192944 -128559 17591.7 -128557 134363
GPRESSURE: 2 -222.03 -21881.9 16012.1 -8207.55 179336 -119097 8422.24 -140949 97434.9
ENERGY:       2       243.5467       364.9304       706.6998         9.5318         -40183.1859     58826.4658         0.0000         0.0000         0.0000          19967.9887         0.0000     19967.9887     19967.9887         0.0000         118948.3867     92182.8083    149342.3422    118948.3867     92182.8083

MINIMIZER SLOWLY MOVING 5 ATOMS WITH BAD CONTACTS DOWNHILL
PRESSURE: 3 27311 -2841.38 4362.57 -2841.23 57129.5 -20482.7 4362.63 -20482.7 46982.1
GPRESSURE: 3 -1309.78 -3328.35 3676.46 -527.269 30559.6 -18688.2 2598.49 -22227.7 17148.5
ENERGY:       3       243.5467       364.9304       706.6998         9.5318         -40181.2189     18517.1504         0.0000         0.0000         0.0000         -20339.3597         0.0000    -20339.3597    -20339.3597         0.0000          43807.5579     15466.1012    149342.3422     43807.5579     15466.1012

MINIMIZER SLOWLY MOVING 2 ATOMS WITH BAD CONTACTS DOWNHILL
PRESSURE: 4 26973.3 -163.331 2267.73 -163.344 35990.3 -3740.79 2267.71 -3740.8 33573.7
GPRESSURE: 4 -1481.72 -435.689 1660.24 904.991 7712.57 -2955.31 1432.63 -4134.1 4828.31
ENERGY:       4       243.5467       364.9304       706.6998         9.5318         -40181.0346     12290.1590         0.0000         0.0000         0.0000         -26566.1669         0.0000    -26566.1669    -26566.1669         0.0000          32179.1049      3686.3862    149342.3422     32179.1049      3686.3862

MINIMIZER SLOWLY MOVING 2 ATOMS WITH BAD CONTACTS DOWNHILL
PRESSURE: 5 26912.5 364.184 1852.71 364.179 31832.9 -441.722 1852.71 -441.72 30936.9
GPRESSURE: 5 -1515.93 127.219 1261.8 1217.82 3258.32 162.791 1179.96 -600.231 2373.14
ENERGY:       5       243.5467       364.9304       706.6998         9.5318         -40179.8643     11070.8412         0.0000         0.0000         0.0000         -27784.3143         0.0000    -27784.3143    -27784.3143         0.0000          29894.1107      1371.8413    149342.3422     29894.1107      1371.8413

MINIMIZER SLOWLY MOVING 2 ATOMS WITH BAD CONTACTS DOWNHILL
PRESSURE: 6 26903.7 488.329 1753.72 488.326 30858.6 337.325 1753.73 337.327 30314.6
GPRESSURE: 6 -1515.43 264.518 1174.14 1261.18 2166.94 853.029 1145.15 272.752 1823.77
ENERGY:       6       243.5467       364.9304       706.6998         9.5318         -40178.3642     10786.9159         0.0000         0.0000         0.0000         -28066.7396         0.0000    -28066.7396    -28066.7396         0.0000          29358.9563       825.0968    149342.3422     29358.9563       825.0968

MINIMIZER STARTING CONJUGATE GRADIENT ALGORITHM
LINE MINIMIZER REDUCING GRADIENT FROM 1.09996e+08 TO 109996
PRESSURE: 7 23303.5 335.345 1040.75 335.349 26032.8 16.258 1040.75 16.2662 25175
GPRESSURE: 7 8032.61 201.984 1310.3 645.111 10794.5 187.322 1089.71 -235.377 11252.2
ENERGY:       7       207.1118       348.8432       706.0790         9.2390         -40195.2679      8388.3941         0.0000         0.0000         0.0000         -30535.6009         0.0000    -30535.6009    -30535.6009         0.0000          24837.0786     10026.4430    149342.3422     24837.0786     10026.4430

PRESSURE: 8 21167.8 339.697 724.355 339.689 23165.3 -66.7558 724.355 -66.7586 22285.4
GPRESSURE: 8 6052.68 206.247 840.01 374.065 8016.64 143.183 609.529 -190.145 8000.42
ENERGY:       8       174.8628       334.7479       705.4936         9.0364         -40215.3518      6996.6359         0.0000         0.0000         0.0000         -31994.5752         0.0000    -31994.5752    -31994.5752         0.0000          22206.1580      7356.5794    149342.3422     22206.1580      7356.5794

PRESSURE: 9 19792.9 363.387 559.628 363.381 21344.1 -82.0024 559.632 -82.0007 20543.8
GPRESSURE: 9 4768.69 246.043 590.843 265.727 6259.5 145.558 380.92 -138.163 6049.91
ENERGY:       9       146.8603       322.5900       704.9426         8.9241         -40236.1369      6127.7213         0.0000         0.0000         0.0000         -32925.0984         0.0000    -32925.0984    -32925.0984         0.0000          20560.2843      5692.7024    149342.3422     20560.2843      5692.7024

LDB: ============= START OF LOAD BALANCING ============== 2.158
LDB: ============== END OF LOAD BALANCING =============== 2.158
LDB: =============== DONE WITH MIGRATION ================ 2.158
MINIMIZER RESTARTING CONJUGATE GRADIENT ALGORITHM DUE TO POOR PROGRESS
LINE MINIMIZER REDUCING GRADIENT FROM 6.10962e+06 TO 6109.62
PRESSURE: 10 17620.7 387.187 351.231 387.186 18608.5 -94.5641 351.231 -94.5638 18393.7
GPRESSURE: 10 2651.39 344.823 323.468 265.952 3553.49 163.013 141.934 -107.573 3588.9
ETITLE:      TS           BOND          ANGLE          DIHED          IMPRP               ELECT            VDW       BOUNDARY           MISC        KINETIC               TOTAL           TEMP      POTENTIAL         TOTAL3        TEMPAVG            PRESSURE      GPRESSURE         VOLUME       PRESSAVG      GPRESSAVG

ENERGY:      10        66.0292       277.7077       701.7004         7.4807         -40406.0652      4887.7633         0.0000         0.0000         0.0000         -34465.3839         0.0000    -34465.3839    -34465.3839         0.0000          18207.5959      3264.5930    149342.3422     18207.5959      3264.5930

PRESSURE: 11 16449.2 447.38 190.125 447.384 17047.6 -96.4289 190.122 -96.4293 17115.1
GPRESSURE: 11 1463.89 445.418 130.571 317.67 1951.22 170.268 -32.8379 -83.6224 2106.39
ENERGY:      11        71.6831       265.0610       699.2068         7.6266         -40562.5205      4201.1919         0.0000         0.0000         0.0000         -35317.7512         0.0000    -35317.7512    -35317.7512         0.0000          16870.6447      1840.5024    149342.3422     16870.6447      1840.5024

PRESSURE: 12 15802 530.925 58.3273 530.925 16109.7 -100.141 58.326 -100.14 16298.4
GPRESSURE: 12 770.495 552.796 -16.3616 399.598 947.479 170.424 -168.569 -66.9362 1142.7
ENERGY:      12       167.7556       282.2659       697.4715         9.3679         -40706.5017      3814.2862         0.0000         0.0000         0.0000         -35735.3547         0.0000    -35735.3547    -35735.3547         0.0000          16070.0219       953.5570    149342.3422     16070.0219       953.5570

PRESSURE: 13 15447.1 632.253 -57.2274 632.254 15521.9 -109.083 -57.2272 -109.083 15736.7
GPRESSURE: 13 353.161 669.424 -141.925 505.231 286.512 168.565 -286.43 -56.1451 463.103
ENERGY:      13       357.0053       327.8873       696.4461        12.7129         -40841.8685      3602.8867         0.0000         0.0000         0.0000         -35844.9304         0.0000    -35844.9304    -35844.9304         0.0000          15568.5690       367.5918    149342.3422     15568.5690       367.5918

PRESSURE: 14 15272 746.539 -164.612 746.542 15147.1 -124.609 -164.613 -124.607 15323.3
GPRESSURE: 14 109.497 790.489 -255.984 627.372 -163.511 165.406 -397.766 -48.9454 -53.3198
ENERGY:      14       641.3948       401.0340       696.0586        17.6730         -40970.3303      3505.1792         0.0000         0.0000         0.0000         -35708.9908         0.0000    -35708.9908    -35708.9908         0.0000          15247.4963       -35.7777    149342.3422     15247.4963       -35.7777

LINE MINIMIZER BRACKET: DX 0.00033529 0.00033529 DU -109.576 135.94 DUDX -770698 33355.3 705444 
PRESSURE: 15 15473.7 621.575 -45.865 621.575 15569.8 -107.873 -45.862 -107.871 15785.2
GPRESSURE: 15 386.289 657.311 -129.56 494.213 341.608 168.654 -275.101 -56.9992 522.219
ENERGY:      15       333.8215       322.0435       696.5188        12.3054         -40829.1037      3618.3887         0.0000         0.0000         0.0000         -35846.0257         0.0000    -35846.0257    -35846.0257         0.0000          15609.5704       416.7055    149342.3422     15609.5704       416.7055

LINE MINIMIZER BRACKET: DX 0.000301761 3.3529e-05 DU -110.671 1.09536 DUDX -770698 -41092.9 33355.3 
PRESSURE: 16 15466.1 624.59 -48.9946 624.586 15556.3 -108.192 -48.996 -108.189 15771.6
GPRESSURE: 16 376.878 660.685 -132.986 497.428 326.038 168.628 -278.344 -56.7637 505.475
ENERGY:      16       340.1824       323.6350       696.4979        12.4172         -40832.8452      3613.9985         0.0000         0.0000         0.0000         -35846.1142         0.0000    -35846.1142    -35846.1142         0.0000          15598.0094       402.7970    149342.3422     15598.0094       402.7970

LINE MINIMIZER BRACKET: DX 9.33951e-06 2.41894e-05 DU -0.0884743 1.18383 DUDX -41092.9 -20590.2 33355.3 
PRESSURE: 17 15463.3 625.729 -50.212 625.731 15551.2 -108.32 -50.2114 -108.319 15766.4
GPRESSURE: 17 373.306 661.96 -134.318 498.649 320.091 168.609 -279.6 -56.6753 499.124
ENERGY:      17       342.6412       324.2511       696.4901        12.4603         -40834.2646      3612.3389         0.0000         0.0000         0.0000         -35846.0829         0.0000    -35846.0829    -35846.0829         0.0000          15593.6205       397.5070    149342.3422     15593.6205       397.5070

LINE MINIMIZER BRACKET: DX 9.33951e-06 3.58165e-06 DU -0.0884743 0.0312803 DUDX -41092.9 -20590.2 -12755.3 
PRESSURE: 18 15466.1 624.591 -48.9945 624.585 15556.3 -108.192 -48.9962 -108.19 15771.6
GPRESSURE: 18 376.876 660.686 -132.985 497.428 326.038 168.628 -278.345 -56.7645 505.474
ENERGY:      18       340.1824       323.6350       696.4979        12.4172         -40832.8456      3613.9985         0.0000         0.0000         0.0000         -35846.1146         0.0000    -35846.1146    -35846.1146         0.0000          15598.0082       402.7957    149342.3422     15598.0082       402.7957

MINIMIZER RESTARTING CONJUGATE GRADIENT ALGORITHM
LINE MINIMIZER REDUCING GRADIENT FROM 2.48275e+06 TO 2482.75
PRESSURE: 19 15416.3 465.566 25.7645 465.564 15593.6 -109.079 25.7644 -109.079 15892.9
GPRESSURE: 19 265.39 477.034 -48.7505 292.312 305.042 181.618 -193.134 -59.9162 595.154
ENERGY:      19       128.4911       280.8059       696.0788        10.8965         -40909.3480      3567.9983         0.0000         0.0000         0.0000         -36225.0775         0.0000    -36225.0775    -36225.0775         0.0000          15634.2777       388.5285    149342.3422     15634.2777       388.5285

PRESSURE: 20 15334.8 311.889 105.418 311.89 15586.5 -114.344 105.418 -114.342 15957.7
GPRESSURE: 20 114.974 296.906 43.1598 90.8223 233.489 193.356 -100.419 -64.4863 623.19
ETITLE:      TS           BOND          ANGLE          DIHED          IMPRP               ELECT            VDW       BOUNDARY           MISC        KINETIC               TOTAL           TEMP      POTENTIAL         TOTAL3        TEMPAVG            PRESSURE      GPRESSURE         VOLUME       PRESSAVG      GPRESSAVG

ENERGY:      20        49.2195       260.8412       695.8360         9.6513         -40984.9553      3525.0685         0.0000         0.0000         0.0000         -36444.3388         0.0000    -36444.3388    -36444.3388         0.0000          15626.3345       323.8844    149342.3422     15626.3345       323.8844

PRESSURE: 21 15221 163.306 189.535 163.307 15534.2 -123.203 189.534 -123.202 15968.1
GPRESSURE: 21 -74.7851 118.278 142.677 -106.675 109.921 204.95 -0.791359 -68.1891 591.554
ENERGY:      21        97.7051       266.1462       695.7800         8.6855         -41060.3084      3485.0924         0.0000         0.0000         0.0000         -36506.8991         0.0000    -36506.8991    -36506.8991         0.0000          15574.4272       208.8966    149342.3422     15574.4272       208.8966

PRESSURE: 22 15075.3 20.0556 277.113 20.0566 15436.3 -135.254 277.112 -135.253 15926.9
GPRESSURE: 22 -303.564 -56.345 248.445 -300.004 -64.9192 216.547 104.74 -71.8341 503.085
ENERGY:      22       267.8007       300.3767       695.9147         8.0052         -41134.8356      3447.9682         0.0000         0.0000         0.0000         -36414.7701         0.0000    -36414.7701    -36414.7701         0.0000          15479.5174        44.8673    149342.3422     15479.5174        44.8673

LINE MINIMIZER BRACKET: DX 0.000185906 0.000185906 DU -62.5603 92.129 DUDX -765779 73060.6 897083 
PRESSURE: 23 15233.8 177.915 180.973 177.916 15541.5 -122.173 180.972 -122.173 15969.4
GPRESSURE: 23 -54.0134 135.974 132.448 -87.0998 124.58 203.78 -11.0227 -67.8275 597.329
ENERGY:      23        87.2675       264.3835       695.7771         8.7694         -41052.8041      3488.9586         0.0000         0.0000         0.0000         -36507.6480         0.0000    -36507.6480    -36507.6480         0.0000          15581.5736       222.6318    149342.3422     15581.5736       222.6318

LINE MINIMIZER BRACKET: DX 0.000167315 1.85906e-05 DU -63.3092 0.748924 DUDX -765779 -10208.6 73060.6 
PRESSURE: 24 15232.5 176.436 181.809 176.437 15540.7 -122.278 181.81 -122.28 15969.3
GPRESSURE: 24 -56.1221 134.179 133.452 -89.0788 123.109 203.898 -10.0218 -67.8653 596.771
ENERGY:      24        88.2668       264.5485       695.7772         8.7608         -41053.5768      3488.5684         0.0000         0.0000         0.0000         -36507.6550         0.0000    -36507.6550    -36507.6550         0.0000          15580.8577       221.2526    149342.3422     15580.8577       221.2526

LINE MINIMIZER BRACKET: DX 1.87927e-06 1.67113e-05 DU -0.00700217 0.755926 DUDX -10208.6 -1788.73 73060.6 
MINIMIZER RESTARTING CONJUGATE GRADIENT ALGORITHM
LINE MINIMIZER REDUCING GRADIENT FROM 934500 TO 934.5
PRESSURE: 25 15092.6 430.596 -66.417 430.596 15348.7 -145.605 -66.4172 -145.605 15487.3
GPRESSURE: 25 -207.216 413.842 -173.718 253.431 -33.5403 138.144 -310.274 -75.1326 37.9818
ENERGY:      25       182.0916       258.2014       693.8588         9.1583         -41385.0771      3313.4052         0.0000         0.0000         0.0000         -36928.3618         0.0000    -36928.3618    -36928.3618         0.0000          15309.5564       -67.5914    149342.3422     15309.5564       -67.5914

PRESSURE: 26 14746.4 692.369 -287.816 692.369 14931.6 -153.688 -287.819 -153.689 14840.7
GPRESSURE: 26 -588.435 698.31 -438.078 594.024 -432.68 99.4403 -577.012 -55.8748 -696.615
ENERGY:      26       977.4852       374.4668       692.5845        10.6424         -41698.8722      3169.7820         0.0000         0.0000         0.0000         -36473.9113         0.0000    -36473.9113    -36473.9113         0.0000          14839.5650      -572.5767    149342.3422     14839.5650      -572.5767

LINE MINIMIZER BRACKET: DX 0.000927232 0.000927232 DU -420.707 454.45 DUDX -934500 15234.9 961994 
PRESSURE: 27 15115.9 404.85 -42.677 404.851 15378.1 -143.94 -42.6772 -143.94 15542.7
GPRESSURE: 27 -181.648 385.824 -144.331 219.189 -6.89199 143.559 -281.728 -75.7816 101.603
ENERGY:      27       141.1288       253.3125       694.0222         9.0693         -41352.3699      3329.4392         0.0000         0.0000         0.0000         -36925.3979         0.0000    -36925.3979    -36925.3979         0.0000          15345.5424       -28.9789    149342.3422     15345.5424       -28.9789

LINE MINIMIZER BRACKET: DX 9.27232e-05 0.000927232 DU -2.96391 454.45 DUDX -79736.2 15234.9 961994 
PRESSURE: 28 15096.6 426.458 -62.6135 426.455 15353.7 -145.346 -62.6156 -145.348 15496.4
GPRESSURE: 28 -202.712 409.36 -169 247.884 -28.8627 139.016 -305.78 -75.3253 48.4707
ENERGY:      28       174.9925       257.3256       693.8850         9.1433         -41379.4808      3315.9882         0.0000         0.0000         0.0000         -36928.1462         0.0000    -36928.1462    -36928.1462         0.0000          15315.5862       -61.0347    149342.3422     15315.5862       -61.0347

LINE MINIMIZER BRACKET: DX 1.49643e-05 0.000927232 DU -0.215594 454.45 DUDX -192.093 15234.9 961994 
LINE MINIMIZER REDUCING GRADIENT FROM 1.40498e+06 TO 1404.98
PRESSURE: 29 14367.7 406.298 -8.68217 406.298 14524.4 -90.7829 -8.68333 -90.7848 14763.3
GPRESSURE: 29 -1213.88 376.111 -124.247 217.407 -1125.33 189.663 -227.55 11.4057 -953.114
ENERGY:      29       118.3499       250.5820       691.7304        10.4179         -42029.8367      3054.9359         0.0000         0.0000         0.0000         -37903.8205         0.0000    -37903.8205    -37903.8205         0.0000          14551.7879     -1097.4422    149342.3422     14551.7879     -1097.4422

PRESSURE: 30 13770.1 390.213 47.3912 390.215 13853.5 -46.928 47.3904 -46.9302 14168.5
GPRESSURE: 30 -2057.59 351.798 -81.4946 191.693 -2030.8 229.425 -149.699 86.7503 -1777.36
ETITLE:      TS           BOND          ANGLE          DIHED          IMPRP               ELECT            VDW       BOUNDARY           MISC        KINETIC               TOTAL           TEMP      POTENTIAL         TOTAL3        TEMPAVG            PRESSURE      GPRESSURE         VOLUME       PRESSAVG      GPRESSAVG

ENERGY:      30       109.9553       269.3486       690.6449        12.9178         -42590.4554      2873.8411         0.0000         0.0000         0.0000         -38633.7477         0.0000    -38633.7477    -38633.7477         0.0000          13930.7000     -1955.2493    149342.3422     13930.7000     -1955.2493

MINIMIZER RESTARTING CONJUGATE GRADIENT ALGORITHM DUE TO POOR PROGRESS
LINE MINIMIZER REDUCING GRADIENT FROM 796503 TO 796.503
PRESSURE: 31 13837.4 283.085 66.4736 283.087 13936.2 -80.5931 66.4727 -80.5926 14305.3
GPRESSURE: 31 -2018.16 235.377 -39.6627 50.3893 -1994.64 202.46 -130.522 37.3067 -1661.08
ENERGY:      31        45.2496       238.1217       690.5228        11.7462         -42652.2348      2856.8269         0.0000         0.0000         0.0000         -38809.7675         0.0000    -38809.7675    -38809.7675         0.0000          14026.2988     -1891.2939    149342.3422     14026.2988     -1891.2939

PRESSURE: 32 13883.4 178.451 91.3015 178.452 13988.7 -122.867 91.3004 -122.867 14396.2
GPRESSURE: 32 -2007.95 118.539 8.80591 -91.3115 -1992.97 170.779 -104.844 -16.9396 -1594.63
ENERGY:      32        63.2195       226.3748       690.5402        10.8598         -42713.4773      2840.9287         0.0000         0.0000         0.0000         -38881.5544         0.0000    -38881.5544    -38881.5544         0.0000          14089.4295     -1865.1833    149342.3422     14089.4295     -1865.1833

PRESSURE: 33 13908.4 76.4156 121.087 76.4139 14010.9 -172.941 121.088 -172.94 14444
GPRESSURE: 33 -2026.76 1.67887 63.0705 -233.058 -2026 135.283 -73.4923 -75.1928 -1575.02
ENERGY:      33       158.2709       237.3020       690.6965        10.2508         -42774.1120      2826.1750         0.0000         0.0000         0.0000         -38851.4167         0.0000    -38851.4167    -38851.4167         0.0000          14121.1007     -1875.9243    149342.3422     14121.1007     -1875.9243

LINE MINIMIZER BRACKET: DX 0.000287423 0.000287423 DU -71.7868 30.1376 DUDX -429816 -71148.4 278944 
PRESSURE: 34 13890.1 157.618 96.9471 157.619 13995.6 -132.394 96.9504 -132.393 14409.3
GPRESSURE: 34 -2009.39 94.9117 19.3327 -119.954 -1996.85 163.874 -98.9238 -28.4304 -1586.97
ENERGY:      34        76.4131       226.6326       690.5606        10.7145         -42725.7628      2837.8553         0.0000         0.0000         0.0000         -38883.5866         0.0000    -38883.5866    -38883.5866         0.0000          14098.3488     -1864.4005    149342.3422     14098.3488     -1864.4005

LINE MINIMIZER BRACKET: DX 5.80948e-05 0.000229328 DU -2.03225 32.1699 DUDX -71148.4 297.252 278944 
LINE MINIMIZER REDUCING GRADIENT FROM 410667 TO 410.667
PRESSURE: 35 13700.4 190.642 30.1886 190.639 13845 -163.387 30.1928 -163.388 14124.5
GPRESSURE: 35 -2316.54 143.802 -43.6219 -66.4161 -2263.24 118.711 -160.623 -61.5081 -2031.05
ENERGY:      35        95.9183       228.3705       689.7573        10.5419         -43120.1630      2738.7657         0.0000         0.0000         0.0000         -39356.8092         0.0000    -39356.8092    -39356.8092         0.0000          13889.9534     -2203.6096    149342.3422     13889.9534     -2203.6096

PRESSURE: 36 13513.6 231.259 -29.1674 231.257 13690.3 -197.457 -29.1663 -197.457 13827.3
GPRESSURE: 36 -2618.1 196.566 -100.268 -7.47548 -2529.27 70.8633 -214.932 -93.213 -2475.01
ENERGY:      36       199.9811       267.6549       690.0825        12.5870         -43482.7838      2657.1779         0.0000         0.0000         0.0000         -39655.3005         0.0000    -39655.3005    -39655.3005         0.0000          13677.0615     -2540.7951    149342.3422     13677.0615     -2540.7951

PRESSURE: 37 13328.2 279.283 -80.7381 279.281 13526.8 -233.267 -80.7398 -233.269 13516.5
GPRESSURE: 37 -2914.99 253.372 -149.964 56.7975 -2799.28 21.681 -261.108 -123.372 -2920.22
ENERGY:      37       387.2568       344.5232       691.4082        16.7270         -43812.5813      2591.5631         0.0000         0.0000         0.0000         -39781.1029         0.0000    -39781.1029    -39781.1029         0.0000          13457.1502     -2878.1630    149342.3422     13457.1502     -2878.1630

PRESSURE: 38 13142.9 334.641 -124.325 334.642 13351.3 -269.856 -124.326 -269.855 13190.9
GPRESSURE: 38 -3207.62 314.595 -192.081 126.634 -3076.02 -27.9661 -298.546 -152.107 -3367.86
ENERGY:      38       657.3299       458.1451       693.6707        22.8588         -44108.9062      2540.8953         0.0000         0.0000         0.0000         -39736.0065         0.0000    -39736.0065    -39736.0065         0.0000          13228.3687     -3217.1676    149342.3422     13228.3687     -3217.1676

LINE MINIMIZER BRACKET: DX 0.00136697 0.00136697 DU -125.802 45.0964 DUDX -155339 -29903.8 94002.1 
PRESSURE: 39 13284.3 291.756 -91.8826 291.757 13486.3 -241.946 -91.8852 -241.946 13440.5
GPRESSURE: 39 -2984.57 267.425 -160.71 72.9347 -2864.12 9.97908 -270.832 -130.473 -3026.13
ENERGY:      39       443.9327       368.2084       691.8624        18.0074         -43885.5012      2578.1851         0.0000         0.0000         0.0000         -39785.3052         0.0000    -39785.3052    -39785.3052         0.0000          13403.6936     -2958.2754    149342.3422     13403.6936     -2958.2754

LINE MINIMIZER BRACKET: DX 0.000324971 0.00104199 DU -4.20223 49.2987 DUDX -29903.8 -390.343 94002.1 
LINE MINIMIZER REDUCING GRADIENT FROM 2.38418e+06 TO 2384.18
PRESSURE: 40 13121.9 249.124 9.63781 249.124 13225.3 -159.758 9.63747 -159.757 13420
GPRESSURE: 40 -3235.43 216.3 -51.584 11.411 -3231.67 103.954 -140.766 -29.6108 -3118
ETITLE:      TS           BOND          ANGLE          DIHED          IMPRP               ELECT            VDW       BOUNDARY           MISC        KINETIC               TOTAL           TEMP      POTENTIAL         TOTAL3        TEMPAVG            PRESSURE      GPRESSURE         VOLUME       PRESSAVG      GPRESSAVG

ENERGY:      40       187.0067       305.1021       690.8068        15.9616         -43989.4964      2560.8333         0.0000         0.0000         0.0000         -40229.7859         0.0000    -40229.7859    -40229.7859         0.0000          13255.7367     -3195.0323    149342.3422     13255.7367     -3195.0323

PRESSURE: 41 12909 212.388 126.64 212.389 12892.3 -72.2227 126.64 -72.2223 13333.8
GPRESSURE: 41 -3539.02 170.605 74.9328 -44.6097 -3675.2 204.124 6.33796 77.768 -3277.12
ENERGY:      41       102.6471       276.9018       689.9223        14.2731         -44090.4683      2545.4689         0.0000         0.0000         0.0000         -40461.2551         0.0000    -40461.2551    -40461.2551         0.0000          13045.0405     -3497.1158    149342.3422     13045.0405     -3497.1158

PRESSURE: 42 12645.3 181.509 259.596 181.509 12488 20.2063 259.594 20.2069 13179.8
GPRESSURE: 42 -3895.48 130.286 219.298 -95.1731 -4194.07 310.044 170.877 191.242 -3505.67
ENERGY:      42       193.8342       282.2896       689.2052        12.9725         -44188.4014      2532.0717         0.0000         0.0000         0.0000         -40478.0281         0.0000    -40478.0281    -40478.0281         0.0000          12771.0541     -3865.0726    149342.3422     12771.0541     -3865.0726

PRESSURE: 43 12331.1 156.594 408.924 156.594 12013.1 117.103 408.924 117.102 12956.1
GPRESSURE: 43 -4304.83 95.4466 381.916 -140.173 -4787.33 421.252 353.238 310.386 -3805.61
ENERGY:      43       463.4343       319.9957       688.6623        12.0992         -44283.2031      2520.6540         0.0000         0.0000         0.0000         -40278.3575         0.0000    -40278.3575    -40278.3575         0.0000          12433.4464     -4299.2580    149342.3422     12433.4464     -4299.2580

LINE MINIMIZER BRACKET: DX 0.000232447 0.000232447 DU -16.773 199.671 DUDX -535597 391107 1.32461e+06 
PRESSURE: 44 12762.8 193.814 201.528 193.817 12667.3 -19.3845 201.528 -19.3847 13253.2
GPRESSURE: 44 -3738.52 146.622 156.187 -74.5027 -3965.87 264.669 99.2988 142.611 -3400.59
ENERGY:      44       133.7405       276.0079       689.4876        13.4720         -44147.3852      2537.4887         0.0000         0.0000         0.0000         -40497.1886         0.0000    -40497.1886    -40497.1886         0.0000          12894.4688     -3701.6597    149342.3422     12894.4688     -3701.6597

LINE MINIMIZER BRACKET: DX 0.000134327 9.81207e-05 DU -35.9335 19.1605 DUDX -535597 -941.847 391107 
LINE MINIMIZER REDUCING GRADIENT FROM 673024 TO 673.024
PRESSURE: 45 12818 251.441 98.4683 251.439 12867.5 -46.7358 98.4698 -46.7336 13314.1
GPRESSURE: 45 -3688.74 209.775 30.4412 -1.49626 -3731.89 221.61 -29.8083 128.327 -3351.43
ENERGY:      45        62.5718       235.6157       687.9946         9.3243         -44240.0091      2516.3236         0.0000         0.0000         0.0000         -40728.1790         0.0000    -40728.1790    -40728.1790         0.0000          12999.8666     -3590.6852    149342.3422     12999.8666     -3590.6852

PRESSURE: 46 12839.9 317.578 5.87429 317.578 13016.6 -71.6424 5.87424 -71.6425 13319
GPRESSURE: 46 -3687.09 276.986 -88.0043 75.483 -3560.1 183.371 -151.29 118.321 -3359.77
ENERGY:      46       101.2415       233.8835       687.5829         7.7977         -44330.2874      2497.0242         0.0000         0.0000         0.0000         -40802.7575         0.0000    -40802.7575    -40802.7575         0.0000          13058.4606     -3535.6560    149342.3422     13058.4606     -3535.6560

PRESSURE: 47 12828.5 391.883 -75.4132 391.885 13115.3 -95.0075 -75.4099 -95.0069 13265.8
GPRESSURE: 47 -3732.49 347.598 -198.015 155.845 -3448.26 149.335 -264.269 112.458 -3428.88
ENERGY:      47       252.0871       269.6478       688.2955         8.6662         -44418.1317      2479.5568         0.0000         0.0000         0.0000         -40719.8784         0.0000    -40719.8784    -40719.8784         0.0000          13069.8742     -3536.5420    149342.3422     13069.8742     -3536.5420

LINE MINIMIZER BRACKET: DX 0.000458929 0.000458929 DU -74.5785 82.8792 DUDX -333412 8194.01 350809 
PRESSURE: 48 12839.2 310.588 14.6397 310.588 13003.9 -69.2332 14.6389 -69.2348 13321.1
GPRESSURE: 48 -3685.06 270.086 -76.4784 67.6302 -3574.49 186.956 -139.514 119.166 -3356.24
ENERGY:      48        92.3471       232.3704       687.5734         7.8392         -44321.3487      2498.8748         0.0000         0.0000         0.0000         -40802.3438         0.0000    -40802.3438    -40802.3438         0.0000          13054.7246     -3538.5993    149342.3422     13054.7246     -3538.5993

LINE MINIMIZER BRACKET: DX 4.58929e-05 0.000458929 DU -0.41376 82.8792 DUDX -26136.1 8194.01 350809 
PRESSURE: 49 12839.7 315.917 7.94556 315.916 13013.6 -71.0606 7.94454 -71.0593 13319.5
GPRESSURE: 49 -3686.52 275.346 -85.2427 73.6279 -3563.43 184.198 -148.503 118.556 -3358.87
ENERGY:      49        99.0059       233.5037       687.5795         7.8054         -44328.1627      2497.4662         0.0000         0.0000         0.0000         -40802.8019         0.0000    -40802.8019    -40802.8019         0.0000          13057.6169     -3536.2740    149342.3422     13057.6169     -3536.2740

LDB: ============= START OF LOAD BALANCING ============== 2.64
LDB: ============== END OF LOAD BALANCING =============== 2.64
LDB: =============== DONE WITH MIGRATION ================ 2.64
LINE MINIMIZER BRACKET: DX 3.49675e-05 1.09254e-05 DU -0.458143 0.0443827 DUDX -26136.1 -59.4445 8194.01 
LINE MINIMIZER REDUCING GRADIENT FROM 401074 TO 401.074
PRESSURE: 50 12710.3 241.063 71.2028 241.063 12948.8 -68.8434 71.2038 -68.8414 13294.1
GPRESSURE: 50 -3880.89 200.723 -24.3861 -4.87592 -3722.1 173.571 -61.7292 137.365 -3446
Info: Initial time: 1 CPUs 0.01184 s/step 0.0685185 days/ns 430.359 MB memory
ETITLE:      TS           BOND          ANGLE          DIHED          IMPRP               ELECT            VDW       BOUNDARY           MISC        KINETIC               TOTAL           TEMP      POTENTIAL         TOTAL3        TEMPAVG            PRESSURE      GPRESSURE         VOLUME       PRESSAVG      GPRESSAVG

ENERGY:      50        63.1762       225.8881       687.6247         8.8675         -44494.7544      2468.3568         0.0000         0.0000         0.0000         -41040.8411         0.0000    -41040.8411    -41040.8411         0.0000          12984.4315     -3682.9946    149342.3422     12984.4315     -3682.9946

PRESSURE: 51 12562 176.872 138.687 176.872 12844.6 -64.2174 138.687 -64.2167 13229.2
GPRESSURE: 51 -4095.82 135.348 41.3521 -73.5161 -3921.02 165.632 29.0477 160.562 -3572.17
ENERGY:      51       123.1529       244.9047       688.4673        11.9274         -44654.9419      2443.4032         0.0000         0.0000         0.0000         -41143.0863         0.0000    -41143.0863    -41143.0863         0.0000          12878.6156     -3863.0049    149342.3422     12878.6156     -3863.0049

PRESSURE: 52 12394.8 123.516 210.033 123.519 12700.5 -57.1097 210.032 -57.1103 13126.9
GPRESSURE: 52 -4331.41 79.3318 111.678 -132.081 -4160.88 160.275 123.42 188.477 -3734.91
ENERGY:      52       275.7827       292.4258       690.1320        17.0684         -44808.6399      2422.6321         0.0000         0.0000         0.0000         -41110.5990         0.0000    -41110.5990    -41110.5990         0.0000          12740.7078     -4075.7319    149342.3422     12740.7078     -4075.7319

LINE MINIMIZER BRACKET: DX 0.000763473 0.000763473 DU -102.245 32.4873 DUDX -222754 -45619.3 130239 
PRESSURE: 53 12520.6 162.026 156.791 162.025 12811.2 -62.6217 156.793 -62.622 13206.2
GPRESSURE: 53 -4154.79 119.946 59.1314 -89.6416 -3979.1 164.021 53.1324 167.287 -3610.88
ENERGY:      53       153.9189       254.3491       688.8180        13.0541         -44695.3003      2437.6247         0.0000         0.0000         0.0000         -41147.5356         0.0000    -41147.5356    -41147.5356         0.0000          12845.9777     -3914.9231    149342.3422     12845.9777     -3914.9231

LINE MINIMIZER BRACKET: DX 0.000197508 0.000565965 DU -4.44932 36.9366 DUDX -45619.3 -18.642 130239 
LINE MINIMIZER REDUCING GRADIENT FROM 667975 TO 667.975
PRESSURE: 54 12413.1 226.992 83.8742 226.989 12631.3 -106.984 83.8738 -106.984 12893
GPRESSURE: 54 -4315.84 183.677 -12.0339 -20.6144 -4243.25 77.5376 -63.7538 117.203 -3998.9
ENERGY:      54        76.5086       251.4738       688.1928        15.7496         -44991.8279      2385.6876         0.0000         0.0000         0.0000         -41574.2155         0.0000    -41574.2155    -41574.2155         0.0000          12645.8259     -4185.9948    149342.3422     12645.8259     -4185.9948

PRESSURE: 55 12278.7 301.301 14.4974 301.299 12428.9 -146.534 14.4984 -146.534 12534.5
GPRESSURE: 55 -4505.96 253.609 -77.7994 55.6151 -4529.23 -2.9241 -176.036 75.3396 -4425.88
ENERGY:      55       140.3247       286.1718       688.6318        20.4620         -45264.2503      2346.3946         0.0000         0.0000         0.0000         -41782.2654         0.0000    -41782.2654    -41782.2654         0.0000          12414.0341     -4487.0245    149342.3422     12414.0341     -4487.0245

PRESSURE: 56 12117 385.078 -50.6363 385.078 12204.4 -182.08 -50.6371 -182.083 12129.2
GPRESSURE: 56 -4724.74 330.572 -137.128 139.762 -4836.46 -77.6114 -282.629 40.9683 -4892.67
ENERGY:      56       347.0918       357.3804       690.0769        27.1289         -45511.6249      2319.6081         0.0000         0.0000         0.0000         -41770.3389         0.0000    -41770.3389    -41770.3389         0.0000          12150.1995     -4817.9562    149342.3422     12150.1995     -4817.9562

LINE MINIMIZER BRACKET: DX 0.000801685 0.000801685 DU -208.05 11.9265 DUDX -396538 -123248 151412 
PRESSURE: 57 12210 337.504 -15.129 337.507 12331.4 -162.851 -15.1274 -162.85 12359.6
GPRESSURE: 57 -4599.93 287.011 -105.126 92.1583 -4663.71 -36.8841 -224.359 59.0297 -4629.1
ENERGY:      57       214.8382       313.4607       689.1560        23.1973         -45377.5848      2332.8898         0.0000         0.0000         0.0000         -41804.0428         0.0000    -41804.0428    -41804.0428         0.0000          12300.3151     -4630.9147    149342.3422     12300.3151     -4630.9147

LINE MINIMIZER BRACKET: DX 0.00035767 0.000444016 DU -21.7774 33.7039 DUDX -123248 -905.666 151412 
PRESSURE: 58 12201 342.107 -18.738 342.107 12319 -164.824 -18.738 -164.823 12337.2
GPRESSURE: 58 -4612.04 291.234 -108.419 96.7782 -4680.74 -41.0356 -230.266 57.1147 -4654.9
ENERGY:      58       226.0799       317.3539       689.2348        23.5639         -45391.3463      2331.3860         0.0000         0.0000         0.0000         -41803.7278         0.0000    -41803.7278    -41803.7278         0.0000          12285.7345     -4649.2230    149342.3422     12285.7345     -4649.2230

LINE MINIMIZER BRACKET: DX 0.00035767 4.44016e-05 DU -21.7774 0.315037 DUDX -123248 -905.666 14309.1 
PRESSURE: 59 12209.1 337.943 -15.4831 337.944 12330.2 -163.052 -15.485 -163.05 12357.3
GPRESSURE: 59 -4601.15 287.408 -105.451 92.6021 -4665.42 -37.3037 -224.95 58.8364 -4631.7
ENERGY:      59       215.9424       313.8449       689.1638        23.2337         -45378.9697      2332.7351         0.0000         0.0000         0.0000         -41804.0499         0.0000    -41804.0499    -41804.0499         0.0000          12298.8472     -4632.7553    149342.3422     12298.8472     -4632.7553

LDB: ============= START OF LOAD BALANCING ============== 2.744
LDB: ============== END OF LOAD BALANCING =============== 2.744
LDB: =============== DONE WITH MIGRATION ================ 2.744
LINE MINIMIZER BRACKET: DX 4.44016e-06 3.99614e-05 DU -0.0070756 0.322113 DUDX -905.666 615.087 14309.1 
LINE MINIMIZER REDUCING GRADIENT FROM 1.22142e+06 TO 1221.42
PRESSURE: 60 11937 238.132 55.0548 238.13 11999 -115.876 55.0565 -115.874 12277.2
GPRESSURE: 60 -5025.1 176.018 -40.1918 -17.3174 -5173.49 -27.2632 -85.0125 126.899 -4874.36
ETITLE:      TS           BOND          ANGLE          DIHED          IMPRP               ELECT            VDW       BOUNDARY           MISC        KINETIC               TOTAL           TEMP      POTENTIAL         TOTAL3        TEMPAVG            PRESSURE      GPRESSURE         VOLUME       PRESSAVG      GPRESSAVG

ENERGY:      60        91.6704       279.8411       688.8239        22.0571         -45689.7291      2300.4687         0.0000         0.0000         0.0000         -42306.8678         0.0000    -42306.8678    -42306.8678         0.0000          12071.1029     -5024.3201    149342.3422     12071.1029     -5024.3201

PRESSURE: 61 11556.8 153.77 126.612 153.767 11567.2 -59.2416 126.613 -59.2402 12106.4
GPRESSURE: 61 -5555.14 78.0251 32.3499 -110.844 -5776.47 -3.72928 60.3892 209.349 -5197.33
ENERGY:      61       341.6240       307.8575       689.5133        22.9965         -45962.3336      2286.4792         0.0000         0.0000         0.0000         -42313.8632         0.0000    -42313.8632    -42313.8632         0.0000          11743.4685     -5509.6446    149342.3422     11743.4685     -5509.6446

PRESSURE: 62 11068.9 84.1844 200.133 84.1843 11038.8 5.35835 200.132 5.36047 11846.2
GPRESSURE: 62 -6190.49 -7.0734 113.085 -188.342 -6470.28 31.8759 211.887 304.645 -5598.55
ENERGY:      62       959.4168       400.7496       691.2581        26.5028         -46195.3929      2291.1229         0.0000         0.0000         0.0000         -41826.3427         0.0000    -41826.3427    -41826.3427         0.0000          11317.9701     -6086.4390    149342.3422     11317.9701     -6086.4390

LINE MINIMIZER BRACKET: DX 0.00061469 0.00061469 DU -6.99536 487.52 DUDX -415220 389550 1.19011e+06 
PRESSURE: 63 11755.2 192.857 91.6068 192.857 11789.3 -87.8518 91.6058 -87.8509 12200.7
GPRESSURE: 63 -5284.02 123.762 -3.96267 -67.3873 -5471.8 -16.6272 -11.033 167.343 -5030.19
ENERGY:      63       173.7601       286.3765       689.0482        22.2531         -45833.9475      2290.9212         0.0000         0.0000         0.0000         -42371.5884         0.0000    -42371.5884    -42371.5884         0.0000          11915.0221     -5262.0021    149342.3422     11915.0221     -5262.0021

LINE MINIMIZER BRACKET: DX 0.000316069 0.000298621 DU -64.7205 57.7252 DUDX -415220 -1575.92 389550 
PRESSURE: 64 11736.5 188.784 95.0936 188.784 11768.1 -85.0872 95.0935 -85.088 12192.2
GPRESSURE: 64 -5309.97 119.02 -0.410059 -71.8996 -5501.28 -15.4641 -3.94671 171.371 -5046.03
ENERGY:      64       186.6098       287.8491       689.0836        22.3022         -45847.1205      2290.2710         0.0000         0.0000         0.0000         -42371.0047         0.0000    -42371.0047    -42371.0047         0.0000          11898.9221     -5285.7607    149342.3422     11898.9221     -5285.7607

LINE MINIMIZER BRACKET: DX 0.000316069 2.98621e-05 DU -64.7205 0.583657 DUDX -415220 -1575.92 37524.2 
PRESSURE: 65 11753.3 192.473 91.952 192.473 11787.1 -87.576 91.955 -87.5752 12199.8
GPRESSURE: 65 -5286.6 123.311 -3.60753 -67.8136 -5474.75 -16.5067 -10.3285 167.751 -5031.77
ENERGY:      65       175.0055       286.5170       689.0516        22.2578         -45835.2581      2290.8493         0.0000         0.0000         0.0000         -42371.5769         0.0000    -42371.5769    -42371.5769         0.0000          11913.4188     -5264.3759    149342.3422     11913.4188     -5264.3759

LINE MINIMIZER BRACKET: DX 0.000316069 2.98621e-06 DU -64.7205 0.0114418 DUDX -415220 -1575.92 2333.6 
PRESSURE: 66 11754.9 192.807 91.659 192.808 11788.9 -87.8152 91.659 -87.8142 12200.5
GPRESSURE: 66 -5284.39 123.701 -3.90831 -67.4411 -5472.22 -16.6081 -10.9272 167.404 -5030.41
ENERGY:      66       173.9408       286.3967       689.0487        22.2539         -45834.1192      2290.9097         0.0000         0.0000         0.0000         -42371.5695         0.0000    -42371.5695    -42371.5695         0.0000          11914.7927     -5262.3434    149342.3422     11914.7927     -5262.3434

LINE MINIMIZER BRACKET: DX 0.000316069 4.35143e-07 DU -64.7205 0.0189162 DUDX -415220 -1575.92 -1006.85 
PRESSURE: 67 11755.2 192.857 91.6098 192.856 11789.3 -87.8528 91.6072 -87.8509 12200.7
GPRESSURE: 67 -5284.02 123.761 -3.96071 -67.3871 -5471.8 -16.6278 -11.0317 167.342 -5030.19
ENERGY:      67       173.7601       286.3765       689.0482        22.2531         -45833.9485      2290.9210         0.0000         0.0000         0.0000         -42371.5895         0.0000    -42371.5895    -42371.5895         0.0000          11915.0226     -5262.0014    149342.3422     11915.0226     -5262.0014

LINE MINIMIZER REDUCING GRADIENT FROM 809828 TO 809.828
PRESSURE: 68 11913.2 189.085 79.6842 189.089 12071.4 -98.8726 79.6868 -98.8734 12279.1
GPRESSURE: 68 -5186.05 137.243 -13.8088 -52.5835 -5228.04 -18.6139 -9.19599 162.423 -5040.41
ENERGY:      68        88.3677       250.5358       687.3434        16.4581         -45980.3472      2275.2877         0.0000         0.0000         0.0000         -42662.3545         0.0000    -42662.3545    -42662.3545         0.0000          12087.9390     -5151.4973    149342.3422     12087.9390     -5151.4973

PRESSURE: 69 12041.5 192.185 78.0298 192.188 12323.8 -116.754 78.0261 -116.754 12317.9
GPRESSURE: 69 -5122.18 154.813 -15.1828 -32.7315 -5016.58 -26.3164 1.02402 152.475 -5088.57
ENERGY:      69       101.5809       245.3624       686.3671        12.9227         -46116.9205      2264.6772         0.0000         0.0000         0.0000         -42806.0102         0.0000    -42806.0102    -42806.0102         0.0000          12227.7587     -5075.7754    149342.3422     12227.7587     -5075.7754

PRESSURE: 70 12140.2 202.095 85.4994 202.095 12546.2 -140.867 85.5021 -140.869 12318.8
GPRESSURE: 70 -5092.36 175.865 -9.24634 -8.43773 -4837.16 -38.8822 18.4895 138.287 -5173.61
ETITLE:      TS           BOND          ANGLE          DIHED          IMPRP               ELECT            VDW       BOUNDARY           MISC        KINETIC               TOTAL           TEMP      POTENTIAL         TOTAL3        TEMPAVG            PRESSURE      GPRESSURE         VOLUME       PRESSAVG      GPRESSAVG

ENERGY:      70       209.0839       273.2663       686.1784        11.4945         -46243.4423      2259.0504         0.0000         0.0000         0.0000         -42804.3689         0.0000    -42804.3689    -42804.3689         0.0000          12335.0554     -5034.3767    149342.3422     12335.0554     -5034.3767

LINE MINIMIZER BRACKET: DX 0.000450566 0.000450566 DU -143.656 1.64129 DUDX -481498 -156712 163630 
PRESSURE: 71 12093.4 196.193 80.5897 196.195 12436.2 -127.812 80.5918 -127.811 12323
GPRESSURE: 71 -5103.36 164.696 -13.148 -21.3759 -4924.93 -31.9246 8.70324 146.026 -5125.6
ENERGY:      71       142.6333       254.6917       686.1716        11.9700         -46179.9830      2261.3055         0.0000         0.0000         0.0000         -42823.2109         0.0000    -42823.2109    -42823.2109         0.0000          12284.2009     -5051.2965    149342.3422     12284.2009     -5051.2965

LINE MINIMIZER BRACKET: DX 0.000220165 0.000230401 DU -17.2007 18.842 DUDX -156712 415.611 163630 
LINE MINIMIZER REDUCING GRADIENT FROM 457671 TO 457.671
PRESSURE: 72 11567.4 134.461 182.914 134.461 11920.9 -18.7481 182.911 -18.7469 12141.7
GPRESSURE: 72 -5844.25 81.6558 151.311 -85.8799 -5643.25 83.4986 133.103 288.229 -5434.62
ENERGY:      72       100.4635       252.1689       685.0988         9.9506         -46393.5915      2253.8766         0.0000         0.0000         0.0000         -43092.0331         0.0000    -43092.0331    -43092.0331         0.0000          11876.6531     -5640.7064    149342.3422     11876.6531     -5640.7064

PRESSURE: 73 10910 82.5998 296.624 82.6039 11297.9 85.7556 296.623 85.7527 11831.6
GPRESSURE: 73 -6722.02 9.52584 335.025 -137.929 -6471.72 205.034 277.694 437.6 -5881.86
ENERGY:      73       433.3348       337.3127       686.8717        14.0919         -46584.1263      2260.6762         0.0000         0.0000         0.0000         -42851.8390         0.0000    -42851.8390    -42851.8390         0.0000          11346.5003     -6358.5308    149342.3422     11346.5003     -6358.5308

LINE MINIMIZER BRACKET: DX 0.00114104 0.00114104 DU -268.822 240.194 DUDX -457671 -13320 432890 
PRESSURE: 74 11507.5 128.848 193.73 128.847 11863.5 -8.09123 193.73 -8.09365 12116.6
GPRESSURE: 74 -5925.81 73.988 168.781 -91.6007 -5721 95.3294 146.645 302.863 -5473
ENERGY:      74       116.7959       256.7610       685.1475        10.0712         -46413.5320      2253.9158         0.0000         0.0000         0.0000         -43090.8405         0.0000    -43090.8405    -43090.8405         0.0000          11829.1935     -5706.6000    149342.3422     11829.1935     -5706.6000

LINE MINIMIZER BRACKET: DX 0.00114104 0.000114104 DU -268.822 1.19257 DUDX -457671 -13320 31125.8 
PRESSURE: 75 11550.7 132.878 185.942 132.872 11904.9 -15.8072 185.94 -15.8095 12134.8
GPRESSURE: 75 -5866.88 79.53 156.183 -87.4494 -5664.84 86.7266 136.901 292.29 -5445.18
ENERGY:      75       104.6567       253.3516       685.1105         9.9782         -46399.0913      2253.8730         0.0000         0.0000         0.0000         -43092.1212         0.0000    -43092.1212    -43092.1212         0.0000          11863.4839     -5658.9688    149342.3422     11863.4839     -5658.9688

LINE MINIMIZER BRACKET: DX 3.19681e-05 8.21361e-05 DU -0.088141 1.28071 DUDX -13320 -950.584 31125.8 
PRESSURE: 76 11546.4 132.46 186.702 132.462 11900.8 -15.0279 186.701 -15.0291 12133
GPRESSURE: 76 -5872.74 78.9633 157.425 -87.8769 -5670.43 87.5945 137.862 293.356 -5447.94
ENERGY:      76       105.7832       253.6721       685.1136         9.9861         -46400.5382      2253.8726         0.0000         0.0000         0.0000         -43092.1107         0.0000    -43092.1107    -43092.1107         0.0000          11860.0812     -5663.7042    149342.3422     11860.0812     -5663.7042

LINE MINIMIZER BRACKET: DX 3.19681e-05 8.21361e-06 DU -0.088141 0.0105728 DUDX -13320 -950.584 2256.78 
PRESSURE: 77 11549.8 132.786 186.106 132.784 11904.1 -15.6306 186.102 -15.6293 12134.5
GPRESSURE: 77 -5868.1 79.4062 156.457 -87.5434 -5666.01 86.9306 137.106 292.523 -5445.73
ENERGY:      77       104.8945       253.4192       685.1111         9.9798         -46399.3741      2253.8746         0.0000         0.0000         0.0000         -43092.0949         0.0000    -43092.0949    -43092.0949         0.0000          11862.7879     -5659.9472    149342.3422     11862.7879     -5659.9472

LINE MINIMIZER BRACKET: DX 3.19681e-05 1.7445e-06 DU -0.088141 0.026347 DUDX -13320 -950.584 -268.997 
PRESSURE: 78 11550.7 132.878 185.942 132.873 11904.9 -15.8073 185.94 -15.8094 12134.8
GPRESSURE: 78 -5866.88 79.5302 156.184 -87.4489 -5664.84 86.7266 136.9 292.29 -5445.18
ENERGY:      78       104.6567       253.3516       685.1105         9.9782         -46399.0914      2253.8730         0.0000         0.0000         0.0000         -43092.1214         0.0000    -43092.1214    -43092.1214         0.0000          11863.4837     -5658.9690    149342.3422     11863.4837     -5658.9690

LINE MINIMIZER REDUCING GRADIENT FROM 400002 TO 400.002
PRESSURE: 79 11778.3 265.611 116.264 265.612 11955.5 -57.9792 116.265 -57.9784 12090
GPRESSURE: 79 -5628.59 235.365 71.5013 67.8674 -5668.94 60.356 68.5689 233.694 -5563.5
ENERGY:      79        85.9991       247.1619       685.9914         8.6797         -46583.7141      2242.5609         0.0000         0.0000         0.0000         -43313.3210         0.0000    -43313.3210    -43313.3210         0.0000          11941.2637     -5620.3406    149342.3422     11941.2637     -5620.3406

PRESSURE: 80 11927.7 398.134 64.0548 398.132 11943.4 -102.732 64.0537 -102.732 11962.7
GPRESSURE: 80 -5472.46 390.666 9.18114 223.167 -5735.98 34.8761 23.2564 176.306 -5766.98
ETITLE:      TS           BOND          ANGLE          DIHED          IMPRP               ELECT            VDW       BOUNDARY           MISC        KINETIC               TOTAL           TEMP      POTENTIAL         TOTAL3        TEMPAVG            PRESSURE      GPRESSURE         VOLUME       PRESSAVG      GPRESSAVG

ENERGY:      80       288.7731       302.3182       688.1286        10.1050         -46753.8764      2240.4380         0.0000         0.0000         0.0000         -43224.1135         0.0000    -43224.1135    -43224.1135         0.0000          11944.6133     -5658.4722    149342.3422     11944.6133     -5658.4722

LINE MINIMIZER BRACKET: DX 0.000939306 0.000939306 DU -221.2 89.2075 DUDX -400002 -70883.7 260360 
PRESSURE: 81 11816.9 293.967 103.603 293.969 11958.2 -67.3202 103.603 -67.3189 12069.7
GPRESSURE: 81 -5588.28 268.632 56.276 101.082 -5677.91 54.8044 56.9124 221.377 -5599.77
ENERGY:      81       110.5431       253.8990       686.3441         8.7623         -46621.2391      2241.3404         0.0000         0.0000         0.0000         -43320.3501         0.0000    -43320.3501    -43320.3501         0.0000          11948.2678     -5621.9894    149342.3422     11948.2678     -5621.9894

LINE MINIMIZER BRACKET: DX 0.000200721 0.000738585 DU -7.02904 96.2366 DUDX -70883.7 -305.145 260360 
LINE MINIMIZER REDUCING GRADIENT FROM 369635 TO 369.635
PRESSURE: 82 11603.9 191.737 163.843 191.739 11956.2 -68.7764 163.842 -68.7755 11986.6
GPRESSURE: 82 -5849.42 120.605 104.686 -14.8515 -5728.89 55.735 126.366 202.877 -5730.38
ENERGY:      82        87.1956       232.4800       686.7314         8.7132         -46813.4211      2236.8794         0.0000         0.0000         0.0000         -43561.4216         0.0000    -43561.4216    -43561.4216         0.0000          11848.8958     -5769.5669    149342.3422     11848.8958     -5769.5669

PRESSURE: 83 11345.4 91.3193 230.674 91.3173 11907.9 -75.5455 230.676 -75.5464 11848.3
GPRESSURE: 83 -6162.32 -28.3052 159.913 -131.761 -5827.09 53.568 203.195 180.69 -5914.68
ENERGY:      83       229.9306       254.3071       688.1973        11.0172         -46989.2797      2241.9504         0.0000         0.0000         0.0000         -43563.8771         0.0000    -43563.8771    -43563.8771         0.0000          11700.5366     -5968.0300    149342.3422     11700.5366     -5968.0300

PRESSURE: 84 11042.1 -7.3038 303.321 -7.30613 11812.8 -86.9999 303.324 -86.9937 11657
GPRESSURE: 84 -6525.82 -177.845 221.219 -249.44 -5972.95 48.8247 286.672 155.188 -6149.64
ENERGY:      84       534.2413       321.9767       690.7605        15.6756         -47148.2437      2256.5127         0.0000         0.0000         0.0000         -43329.0769         0.0000    -43329.0769    -43329.0769         0.0000          11503.9866     -6216.1379    149342.3422     11503.9866     -6216.1379

LINE MINIMIZER BRACKET: DX 0.000976064 0.000976064 DU -2.45548 234.8 DUDX -124718 119001 361037 
PRESSURE: 85 11477.6 140.308 197.109 140.308 11937.5 -71.622 197.109 -71.6214 11922.7
GPRESSURE: 85 -6002.54 44.8103 132.014 -74.3121 -5772.86 54.7434 164.678 192.122 -5817.78
ENERGY:      85       139.5295       238.0485       687.3437         9.5958         -46904.9516      2238.2762         0.0000         0.0000         0.0000         -43592.1580         0.0000    -43592.1580    -43592.1580         0.0000          11779.2789     -5864.3926    149342.3422     11779.2789     -5864.3926

LINE MINIMIZER BRACKET: DX 0.000498135 0.000477928 DU -30.7364 28.2809 DUDX -124718 -289.384 119001 
LINE MINIMIZER REDUCING GRADIENT FROM 481479 TO 481.479
PRESSURE: 86 11416.7 157.187 101.228 157.187 11684.7 -43.516 101.229 -43.5147 11731.1
GPRESSURE: 86 -6140.91 17.7731 59.859 -54.6154 -6168.68 110.025 43.564 166.505 -6102.26
ENERGY:      86        94.8470       249.6221       685.8903        12.8469         -47199.9794      2243.2213         0.0000         0.0000         0.0000         -43913.5519         0.0000    -43913.5519    -43913.5519         0.0000          11610.8205     -6137.2834    149342.3422     11610.8205     -6137.2834

PRESSURE: 87 11271.1 192.374 10.1832 192.378 11351.2 -28.5931 10.1834 -28.5942 11488.2
GPRESSURE: 87 -6364.07 3.13677 -3.34032 -20.125 -6638.29 157.922 -66.1324 134.088 -6426.72
ENERGY:      87       360.4852       324.0858       686.3421        20.5761         -47451.1951      2272.3112         0.0000         0.0000         0.0000         -43787.3948         0.0000    -43787.3948    -43787.3948         0.0000          11370.1895     -6476.3606    149342.3422     11370.1895     -6476.3606

LINE MINIMIZER BRACKET: DX 0.0011288 0.0011288 DU -321.394 126.157 DUDX -481479 -87448.2 310562 
PRESSURE: 88 11392 163.335 80.8117 163.337 11618.4 -39.0944 80.8148 -39.094 11682.2
GPRESSURE: 88 -6182.52 13.5322 45.2021 -48.2473 -6265.41 120.977 18.5267 160.146 -6169.95
ENERGY:      88       126.5043       260.5719       685.8269        14.1505         -47258.7293      2247.5106         0.0000         0.0000         0.0000         -43924.1650         0.0000    -43924.1650    -43924.1650         0.0000          11564.1954     -6205.9614    149342.3422     11564.1954     -6205.9614

LINE MINIMIZER BRACKET: DX 0.000247758 0.000881044 DU -10.6132 136.77 DUDX -87448.2 -537.701 310562 
PRESSURE: 89 11382.2 165.732 73.6474 165.734 11593.8 -37.6576 73.6449 -37.6579 11664.2
GPRESSURE: 89 -6198.37 12.1618 40.1303 -45.8334 -6300.79 124.883 9.76733 157.742 -6194.53
ENERGY:      89       141.3706       265.1993       685.8264        14.6667         -47279.1964      2249.3164         0.0000         0.0000         0.0000         -43922.8168         0.0000    -43922.8168    -43922.8168         0.0000          11546.7445     -6231.2273    149342.3422     11546.7445     -6231.2273

LINE MINIMIZER BRACKET: DX 0.000247758 8.81044e-05 DU -10.6132 1.34817 DUDX -87448.2 -537.701 30472.3 
PRESSURE: 90 11391 163.564 80.1034 163.566 11616 -38.9342 80.1014 -38.9363 11680.4
GPRESSURE: 90 -6184.08 13.386 44.7036 -48.0174 -6268.93 121.381 17.6505 159.914 -6172.38
ETITLE:      TS           BOND          ANGLE          DIHED          IMPRP               ELECT            VDW       BOUNDARY           MISC        KINETIC               TOTAL           TEMP      POTENTIAL         TOTAL3        TEMPAVG            PRESSURE      GPRESSURE         VOLUME       PRESSAVG      GPRESSAVG

ENERGY:      90       127.9055       261.0172       685.8263        14.2009         -47260.7804      2247.6856         0.0000         0.0000         0.0000         -43924.1448         0.0000    -43924.1448    -43924.1448         0.0000          11562.4746     -6208.4632    149342.3422     11562.4746     -6208.4632

LINE MINIMIZER BRACKET: DX 0.000247758 8.81044e-06 DU -10.6132 0.0201819 DUDX -87448.2 -537.701 2561.03 
PRESSURE: 91 11391.9 163.345 80.7506 163.347 11618.1 -39.0994 80.7499 -39.1006 11682
GPRESSURE: 91 -6182.69 13.5105 45.1695 -48.2414 -6265.83 120.996 18.4425 160.103 -6170.2
ENERGY:      91       126.6437       260.6161       685.8269        14.1556         -47258.9628      2247.5239         0.0000         0.0000         0.0000         -43924.1967         0.0000    -43924.1967    -43924.1967         0.0000          11563.9910     -6206.2409    149342.3422     11563.9910     -6206.2409

LINE MINIMIZER BRACKET: DX 8.81044e-07 7.9294e-06 DU -0.0316938 0.0518757 DUDX -537.701 -228.585 2561.03 
LINE MINIMIZER REDUCING GRADIENT FROM 520699 TO 520.699
PRESSURE: 92 11338.5 220.591 142.456 220.593 11825.9 -44.7109 142.455 -44.7137 11646.2
GPRESSURE: 92 -6403.19 69.3923 90.9077 47.8233 -6181.03 109.443 133.339 132.838 -6350.01
ENERGY:      92       106.8710       243.0526       683.9539        13.4240         -47533.6859      2269.0069         0.0000         0.0000         0.0000         -44217.3775         0.0000    -44217.3775    -44217.3775         0.0000          11603.5535     -6311.4096    149342.3422     11603.5535     -6311.4096

PRESSURE: 93 11182.2 302.384 216.563 302.386 11966.8 -71.2628 216.563 -71.2635 11540.4
GPRESSURE: 93 -6724.13 143.911 153.347 165.631 -6149.52 82.7409 266.801 90.4338 -6591.41
ENERGY:      93       414.3243       302.8107       684.4758        16.9241         -47763.1642      2316.0420         0.0000         0.0000         0.0000         -44028.5874         0.0000    -44028.5874    -44028.5874         0.0000          11563.1545     -6488.3530    149342.3422     11563.1545     -6488.3530

LINE MINIMIZER BRACKET: DX 0.00102427 0.00102427 DU -293.181 188.79 DUDX -520699 -51865.5 418678 
PRESSURE: 94 11326.3 228.425 150.01 228.424 11844.6 -46.6179 150.011 -46.6182 11638
GPRESSURE: 94 -6433.54 76.7705 97.0597 59.7749 -6174.9 107.065 147.084 129.06 -6373.5
ENERGY:      94       124.6784       245.7954       683.8907        13.6000         -47560.9667      2272.8942         0.0000         0.0000         0.0000         -44220.1079         0.0000    -44220.1079    -44220.1079         0.0000          11602.9642     -6327.3097    149342.3422     11602.9642     -6327.3097

LINE MINIMIZER BRACKET: DX 0.000112464 0.000911805 DU -2.73037 191.52 DUDX -51865.5 -445.61 418678 
LINE MINIMIZER REDUCING GRADIENT FROM 362468 TO 362.468
PRESSURE: 95 11695.1 143.545 123.98 143.542 11975.6 -84.9814 123.98 -84.98 11901.5
GPRESSURE: 95 -6124.68 -12.9607 91.2531 -28.0688 -6171.65 73.5329 104.214 56.3002 -6205.47
ENERGY:      95        89.9751       237.0281       683.4636        11.1356         -47732.7508      2292.5673         0.0000         0.0000         0.0000         -44418.5811         0.0000    -44418.5811    -44418.5811         0.0000          11857.4245     -6167.2662    149342.3422     11857.4245     -6167.2662

PRESSURE: 96 12006.1 81.1534 113.894 81.1528 12056.2 -131.186 113.895 -131.186 12113.2
GPRESSURE: 96 -5877.9 -83.3197 104.676 -95.6122 -6215.26 35.018 81.9098 -21.4036 -6088.43
ENERGY:      96       237.1388       270.7193       684.3774        11.3997         -47886.6057      2322.4345         0.0000         0.0000         0.0000         -44360.5360         0.0000    -44360.5360    -44360.5360         0.0000          12058.4720     -6060.5269    149342.3422     12058.4720     -6060.5269

LINE MINIMIZER BRACKET: DX 0.000903725 0.000903725 DU -198.473 58.0451 DUDX -362468 -77490.8 204371 
PRESSURE: 97 11785.8 124.258 119.725 124.261 12002.6 -96.857 119.723 -96.858 11964.4
GPRESSURE: 97 -6051.12 -34.1112 93.1034 -48.5293 -6178.96 63.4537 96.1577 35.538 -6168.57
ENERGY:      97       112.4457       241.8752       683.5797        10.9380         -47776.5796      2299.7039         0.0000         0.0000         0.0000         -44428.0370         0.0000    -44428.0370    -44428.0370         0.0000          11917.6113     -6132.8816    149342.3422     11917.6113     -6132.8816

LINE MINIMIZER BRACKET: DX 0.000247074 0.000656651 DU -9.45592 67.501 DUDX -77490.8 -104.361 204371 
LINE MINIMIZER REDUCING GRADIENT FROM 272767 TO 272.767
PRESSURE: 98 11387.4 156.887 173.711 156.886 12010.2 -49.0713 173.71 -49.0693 11766.9
GPRESSURE: 98 -6604.81 -9.55799 120.933 26.0182 -6262.61 111.176 133.438 99.1605 -6506.19
ENERGY:      98       111.2870       265.4629       682.3571         9.8287         -47984.1480      2334.0372         0.0000         0.0000         0.0000         -44581.1751         0.0000    -44581.1751    -44581.1751         0.0000          11721.5074     -6457.8683    149342.3422     11721.5074     -6457.8683

PRESSURE: 99 10865.7 217.135 231.933 217.136 11931.7 -3.08609 231.934 -3.08581 11496.1
GPRESSURE: 99 -7288.75 40.5148 153.65 127.574 -6435.32 158.464 178.494 160.622 -6911.29
ENERGY:      99       417.9442       365.4504       682.9987        13.9975         -48168.6625      2384.7797         0.0000         0.0000         0.0000         -44303.4921         0.0000    -44303.4921    -44303.4921         0.0000          11431.2055     -6878.4546    149342.3422     11431.2055     -6878.4546

LDB: ============= START OF LOAD BALANCING ============== 3.216
LDB: ============== END OF LOAD BALANCING =============== 3.216
LDB: =============== DONE WITH MIGRATION ================ 3.216
LINE MINIMIZER BRACKET: DX 0.00135087 0.00135087 DU -153.138 277.683 DUDX -272767 45971.6 365127 
PRESSURE: 100 11387.4 156.894 173.742 156.895 12010.3 -49.0584 173.743 -49.0591 11766.9
GPRESSURE: 100 -6604.75 -9.54982 120.984 25.9897 -6262.51 111.155 133.456 99.1193 -6506.16
Info: Initial time: 1 CPUs 0.0115 s/step 0.0665509 days/ns 430.809 MB memory
ETITLE:      TS           BOND          ANGLE          DIHED          IMPRP               ELECT            VDW       BOUNDARY           MISC        KINETIC               TOTAL           TEMP      POTENTIAL         TOTAL3        TEMPAVG            PRESSURE      GPRESSURE         VOLUME       PRESSAVG      GPRESSAVG

ENERGY:     100       111.2812       265.4398       682.3594         9.8281         -47984.0119      2334.0324         0.0000         0.0000         0.0000         -44581.0711         0.0000    -44581.0711    -44581.0711         0.0000          11721.5349     -6457.8065    149342.3422     11721.5349     -6457.8065

REINITIALIZING VELOCITIES AT STEP 100 TO 310 KELVIN.
TCL: Running for 2500 steps
PRESSURE: 100 -5151.84 52.8409 133.339 52.844 -4873.8 48.518 133.339 48.5172 -5130.87
GPRESSURE: 100 -5158 52.5522 99.3594 76.7579 -4842.6 60.663 99.3646 56.1049 -5069.7
ENERGY:     100       111.2812       265.4398       682.3594         9.8281         -47984.0119      2334.0324         0.0000         0.0000      8642.8122         -35938.2589       311.5293    -44581.0711    -35953.9907       311.5293          -5052.1724     -5023.4349    149342.3422     -5052.1724     -5023.4349

LDB: ============= START OF LOAD BALANCING ============== 3.866
LDB: ============== END OF LOAD BALANCING =============== 3.866
LDB: =============== DONE WITH MIGRATION ================ 3.866
Info: Initial time: 1 CPUs 0.01332 s/step 0.0770833 days/ns 432.258 MB memory
LDB: ============= START OF LOAD BALANCING ============== 4.505
LDB: ============== END OF LOAD BALANCING =============== 4.505
LDB: =============== DONE WITH MIGRATION ================ 4.505
PRESSURE: 200 371.244 145.755 -103.993 145.757 240.695 316.039 -103.991 316.04 -74.6478
GPRESSURE: 200 339.535 136.596 -117.558 -47.5096 312.868 269.479 -76.8052 261.357 -29.8123
PRESSAVG: 200 -88.3918 29.2713 72.3152 29.2714 84.9579 48.8248 72.3153 48.8247 -44.3422
GPRESSAVG: 200 -90.9224 29.3865 81.0682 34.2852 85.7412 63.7021 67.4078 44.8644 -41.6582
Info: Benchmark time: 1 CPUs 0.01284 s/step 0.0743056 days/ns 432.258 MB memory
ENERGY:     200       205.8354       554.6605       756.9292        40.0758         -48934.2604      4179.0272         0.0000         0.0000      7305.6122         -35892.1201       263.3301    -43197.7323    -35878.5807       246.7403            179.0970       207.5302    139647.4663       -15.9254       -15.6131

Info: Benchmark time: 1 CPUs 0.01282 s/step 0.0741898 days/ns 432.438 MB memory
OPENING COORDINATE DCD FILE
WRITING COORDINATES TO DCD FILE ubq_wb_eq.dcd AT STEP 250
The last position output (seq=250) takes 0.002 seconds, 432.598 MB of memory in use
PRESSURE: 300 56.2601 -343.232 -37.4318 -343.229 -137.608 311.198 -37.4349 311.198 421.432
GPRESSURE: 300 72.6707 -194.854 -269.245 -444.341 -83.6576 342.275 51.9485 270.823 451.916
PRESSAVG: 300 -16.692 -123.952 -216.055 -123.952 -42.7367 205.31 -216.055 205.309 -19.8041
GPRESSAVG: 300 -17.1383 -121.247 -217.463 -129.481 -41.6251 201.681 -213.825 204.843 -20.8187
Info: Benchmark time: 1 CPUs 0.01336 s/step 0.0773148 days/ns 432.598 MB memory
ENERGY:     300       209.1648       582.2311       758.0922        40.7665         -49084.3014      4096.9641         0.0000         0.0000      7554.0543         -35843.0283       272.2852    -43397.0826    -35826.2922       269.5092            113.3614       146.9762    135744.6942       -26.4109       -26.5274

Info: Benchmark time: 1 CPUs 0.0143 s/step 0.0827546 days/ns 432.598 MB memory
PRESSURE: 400 -501.562 -280.68 93.3292 -280.679 -77.5771 -157.101 93.3258 -157.099 -204.344
GPRESSURE: 400 -438.415 -75.8284 46.8888 -311.018 -16.4172 -203.482 0.369015 -139.971 -253.597
PRESSAVG: 400 -41.8993 -217.902 26.7536 -217.903 -24.2043 24.8714 26.7535 24.8715 65.735
GPRESSAVG: 400 -40.9147 -219.447 21.6879 -219.283 -27.8646 30.8565 27.6977 23.1052 67.4538
Info: Benchmark time: 1 CPUs 0.01458 s/step 0.084375 days/ns 432.598 MB memory
ENERGY:     400       211.2690       618.6322       764.0116        38.0556         -48652.5430      3738.5650         0.0000         0.0000      7576.5461         -35705.4635       273.0959    -43282.0095    -35685.6939       273.0497           -261.1611      -236.1432    134839.7919        -0.1229        -0.4418

Info: Benchmark time: 1 CPUs 0.01438 s/step 0.0832176 days/ns 432.598 MB memory
PRESSURE: 500 -130.165 -56.6701 70.9638 -56.6672 -111.352 18.0267 70.9625 18.0255 -125.843
GPRESSURE: 500 -63.5684 6.88813 129.549 -105.55 -126.5 -83.5845 86.4898 147.548 -91.0478
PRESSAVG: 500 -14.0983 -59.6196 -56.2021 -59.6196 118.593 70.3682 -56.202 70.368 -159.589
GPRESSAVG: 500 -11.3483 -53.2677 -57.5504 -62.5013 120.532 63.3545 -55.7752 77.2201 -163.897
ENERGY:     500       233.1977       627.9277       759.2153        39.9006         -48885.0217      3860.6205         0.0000         0.0000      7787.0646         -35577.0952       280.6840    -43364.1598    -35561.4454       277.7501           -122.4530       -93.7054    134428.6802       -18.3646       -18.2378

WRITING EXTENDED SYSTEM TO RESTART FILE AT STEP 500
WRITING COORDINATES TO DCD FILE ubq_wb_eq.dcd AT STEP 500
WRITING COORDINATES TO RESTART FILE AT STEP 500
FINISHED WRITING RESTART COORDINATES
The last position output (seq=500) takes 0.002 seconds, 434.590 MB of memory in use
WRITING VELOCITIES TO RESTART FILE AT STEP 500
FINISHED WRITING RESTART VELOCITIES
The last velocity output (seq=500) takes 0.002 seconds, 434.590 MB of memory in use
PRESSURE: 600 -228.062 165.062 612.185 165.06 120.328 293.08 612.186 293.076 -509.109
GPRESSURE: 600 -376.253 89.7926 541.554 442.903 233.476 296.991 677.512 327.887 -384.542
PRESSAVG: 600 55.0882 76.7187 42.9319 76.7187 -10.7911 -45.601 42.9319 -45.601 -98.0321
GPRESSAVG: 600 56.7631 77.5216 43.2904 88.0665 -12.4895 -53.1495 41.9072 -43.1055 -97.3933
ENERGY:     600       203.3098       599.7286       744.1205        42.6336         -48776.0790      3775.7693         0.0000         0.0000      7895.3583         -35515.1589       284.5874    -43410.5172    -35490.7885       280.5389           -205.6146      -175.7727    134059.9214       -17.9117       -17.7066

PRESSURE: 700 114.75 197.038 -129.633 197.038 -47.4164 146.75 -129.635 146.749 221.249
GPRESSURE: 700 130.268 296.542 -183.65 115.217 -13.6401 215.561 -1.73093 31.1897 265.106
PRESSAVG: 700 -47.9036 7.3677 47.3409 7.36773 62.0676 46.3607 47.3411 46.3607 -19.0293
GPRESSAVG: 700 -51.656 -6.07673 50.8602 7.62465 63.1649 58.8152 46.3611 41.259 -17.2327
ENERGY:     700       235.7960       605.5897       723.3388        35.6854         -48866.1615      3876.2579         0.0000         0.0000      7993.4600         -35396.0337       288.1235    -43389.4936    -35378.8071       284.8236             96.1940       127.2446    133399.6015        -1.6218        -1.9079

WRITING COORDINATES TO DCD FILE ubq_wb_eq.dcd AT STEP 750
The last position output (seq=750) takes 0.001 seconds, 434.590 MB of memory in use
PRESSURE: 800 -767.58 142.5 152.122 142.499 55.1911 230.942 152.122 230.944 -16.9584
GPRESSURE: 800 -645.162 204.531 246.441 80.8366 0.0825172 266.904 98.5839 233.803 8.75057
PRESSAVG: 800 96.2535 167.278 42.7126 167.277 -119.301 104.948 42.7124 104.948 54.5646
GPRESSAVG: 800 96.8486 178.229 42.2955 153.508 -123.451 102.59 41.3403 103.352 55.9623
ENERGY:     800       237.6949       639.3600       731.0439        42.4097         -48711.4727      3720.3650         0.0000         0.0000      8034.7790         -35305.8202       289.6128    -43340.5992    -35283.7154       285.9690           -243.1159      -212.1096    133186.4901        10.5056         9.7868

PRESSURE: 900 -262.534 89.8086 -249.27 89.8091 -320.906 -99.7831 -249.267 -99.784 -7.58119
GPRESSURE: 900 -271.826 106.059 -307.676 29.4596 -371.465 -129.862 -246.278 21.4927 136.092
PRESSAVG: 900 62.8534 101.918 -90.2686 101.918 35.1586 -41.1911 -90.2687 -41.1913 -1.09405
GPRESSAVG: 900 64.4405 91.4748 -91.4599 111.502 34.6402 -43.359 -88.1804 -37.6425 -1.81598
ENERGY:     900       215.2758       651.2521       736.2032        51.7891         -48412.2809      3680.5675         0.0000         0.0000      7916.3428         -35160.8504       285.3438    -43077.1932    -35136.5218       287.8855           -197.0071      -169.0662    133259.3358        32.3060        32.4216

PRESSURE: 1000 84.1684 -119.164 97.6501 -119.164 141.56 84.9414 97.6487 84.9394 -81.7156
GPRESSURE: 1000 100.273 -263.893 172.681 9.25189 166.31 117.789 183.525 149.462 -61.5005
PRESSAVG: 1000 -66.0358 -58.06 -21.0727 -58.06 -53.0314 116.323 -21.0724 116.323 119.113
GPRESSAVG: 1000 -64.2898 -49.1865 -15.0858 -54.5839 -49.1383 109.543 -20.4632 116.571 113.157
ETITLE:      TS           BOND          ANGLE          DIHED          IMPRP               ELECT            VDW       BOUNDARY           MISC        KINETIC               TOTAL           TEMP      POTENTIAL         TOTAL3        TEMPAVG            PRESSURE      GPRESSURE         VOLUME       PRESSAVG      GPRESSAVG

ENERGY:    1000       234.2015       619.6722       745.7533        46.9162         -48585.9867      3654.2811         0.0000         0.0000      8161.5057         -35123.6566       294.1807    -43285.1623    -35098.9753       288.8538             48.0043        68.3608    132666.1318         0.0152        -0.0903

WRITING EXTENDED SYSTEM TO RESTART FILE AT STEP 1000
WRITING COORDINATES TO DCD FILE ubq_wb_eq.dcd AT STEP 1000
WRITING COORDINATES TO RESTART FILE AT STEP 1000
FINISHED WRITING RESTART COORDINATES
The last position output (seq=1000) takes 0.003 seconds, 435.113 MB of memory in use
WRITING VELOCITIES TO RESTART FILE AT STEP 1000
FINISHED WRITING RESTART VELOCITIES
The last velocity output (seq=1000) takes 0.002 seconds, 435.113 MB of memory in use
PRESSURE: 1100 -441.682 -65.8298 -159.75 -65.8313 -214.661 441.662 -159.751 441.664 214.502
GPRESSURE: 1100 -349.489 -110.054 -262.78 22.7435 -188.871 297.125 -127.676 394.331 196.167
PRESSAVG: 1100 -55.022 -43.2917 149.388 -43.2919 -143.715 -86.7157 149.387 -86.7159 123.451
GPRESSAVG: 1100 -55.1882 -47.0868 143.801 -44.646 -147.415 -81.3936 147.372 -87.1598 128.045
ENERGY:    1100       232.1183       626.2665       726.8393        46.3008         -48259.6532      3593.0788         0.0000         0.0000      8045.1523         -34989.8971       289.9867    -43035.0495    -34965.8255       291.5102           -147.2802      -114.0646    132899.8539       -25.0954       -24.8527

PRESSURE: 1200 -305.83 118.65 448.668 118.652 80.3499 259.918 448.669 259.917 -204.8
GPRESSURE: 1200 -201.72 206.109 453.945 74.8059 54.5114 331.319 278.315 206.327 -195.107
PRESSAVG: 1200 -98.3826 66.0219 -36.9262 66.0218 66.3869 -23.5279 -36.9265 -23.5283 5.78591
GPRESSAVG: 1200 -100.04 61.5962 -31.7925 62.7957 73.6726 -20.2648 -36.4519 -30.9916 0.169643
ENERGY:    1200       227.7126       632.9743       741.6036        41.0634         -48127.1223      3533.2244         0.0000         0.0000      8028.9588         -34921.5852       289.4030    -42950.5440    -34897.4088       294.1528           -143.4267      -114.1050    132402.5895        -8.7366        -8.7326

WRITING COORDINATES TO DCD FILE ubq_wb_eq.dcd AT STEP 1250
The last position output (seq=1250) takes 0.001 seconds, 435.113 MB of memory in use
PRESSURE: 1300 -177.856 6.48755 -74.2033 6.48865 -80.2601 22.7526 -74.2068 22.7561 -225.104
GPRESSURE: 1300 -164.433 -75.566 -68.378 166.547 75.6983 23.5693 -59.8877 -203.105 -305.624
PRESSAVG: 1300 -123.909 48.9979 15.0995 48.9978 197.367 -9.42842 15.099 -9.42855 -17.4393
GPRESSAVG: 1300 -121.213 55.5047 11.1233 49.2761 191.272 -15.6096 8.3901 -5.77927 -16.283
ENERGY:    1300       231.2304       655.3746       745.5642        50.3122         -48266.7830      3445.8754         0.0000         0.0000      8284.3113         -34854.1148       298.6072    -43138.4261    -34828.0872       294.4875           -161.0734      -131.4529    132493.1384        18.6728        17.9252

PRESSURE: 1400 1096.11 -22.7732 14.629 -22.7757 357.771 209.053 14.6286 209.055 75.1892
GPRESSURE: 1400 1102.23 33.4859 -90.1371 -103.31 347.63 123.39 213.125 331.594 178.712
PRESSAVG: 1400 -40.8361 130.551 -157.066 130.551 156.711 16.3287 -157.066 16.3285 -80.5585
GPRESSAVG: 1400 -43.1517 133.288 -154.686 125.487 161.14 20.031 -156.787 22.5658 -81.0209
ENERGY:    1400       195.8650       640.4050       744.0805        47.5626         -48519.9646      3732.7626         0.0000         0.0000      8336.1602         -34823.1288       300.4761    -43159.2890    -34796.5859       295.3133            509.6903       542.8573    132367.7658        11.7721        12.3225

PRESSURE: 1500 -85.8995 -93.8023 -44.1747 -93.8022 -472.524 -70.2554 -44.1749 -70.2571 -285.824
GPRESSURE: 1500 -165.659 -27.1133 -51.9649 -31.3119 -287.594 -103.653 -23.9853 -42.0994 -301.854
PRESSAVG: 1500 -9.13155 14.3957 11.4639 14.3953 -30.409 4.95907 11.4642 4.95891 81.3694
GPRESSAVG: 1500 -10.7372 7.81686 8.24467 23.5324 -29.0934 6.19577 20.765 5.6378 82.3387
ENERGY:    1500       200.7596       677.5586       735.3769        40.9748         -48020.6453      3402.3762         0.0000         0.0000      8274.6948         -34688.9045       298.2606    -42963.5993    -34661.3538       297.8908           -281.4158      -251.7026    133164.9651        13.9429        14.1694

WRITING EXTENDED SYSTEM TO RESTART FILE AT STEP 1500
WRITING COORDINATES TO DCD FILE ubq_wb_eq.dcd AT STEP 1500
WRITING COORDINATES TO RESTART FILE AT STEP 1500
FINISHED WRITING RESTART COORDINATES
The last position output (seq=1500) takes 0.003 seconds, 435.113 MB of memory in use
WRITING VELOCITIES TO RESTART FILE AT STEP 1500
FINISHED WRITING RESTART VELOCITIES
The last velocity output (seq=1500) takes 0.002 seconds, 435.113 MB of memory in use
PRESSURE: 1600 -110.985 223.958 -88.8058 223.956 85.6066 157.453 -88.8035 157.454 -119.802
GPRESSURE: 1600 -51.1994 37.8481 73.0584 283.689 110.03 84.7474 40.5768 250.768 -120.522
PRESSAVG: 1600 44.8342 -36.5379 100.501 -36.5382 -37.8079 -11.6682 100.502 -11.6679 -92.6206
GPRESSAVG: 1600 45.7251 -32.6172 105.761 -40.5607 -44.0058 -9.42549 96.1369 -25.2832 -86.1689
ENERGY:    1600       240.0376       627.1542       746.5334        38.8030         -48135.5407      3553.7857         0.0000         0.0000      8264.8462         -34664.3806       297.9056    -42929.2268    -34638.3698       297.6822            -48.3933       -20.5638    132942.8068       -28.5315       -28.1499

PRESSURE: 1700 -148.196 -246.72 16.2132 -246.721 336.151 -367.43 16.2099 -367.429 -11.8446
GPRESSURE: 1700 -62.6711 -305.77 -85.7406 -221.191 322.776 -325.805 250.303 -463.587 3.56992
PRESSAVG: 1700 11.4272 127.568 -25.1587 127.568 31.9943 12.0516 -25.1587 12.0515 64.9465
GPRESSAVG: 1700 10.4565 128.606 -23.5963 125.436 34.7888 5.1386 -32.5383 26.8491 64.0535
ENERGY:    1700       228.0832       649.2535       742.5930        51.6356         -47989.0187      3432.9118         0.0000         0.0000      8270.1611         -34614.3804       298.0972    -42884.5415    -34589.0916       298.9412             58.7037        87.8915    133072.4737        36.1227        36.4329

WRITING COORDINATES TO DCD FILE ubq_wb_eq.dcd AT STEP 1750
The last position output (seq=1750) takes 0.001 seconds, 435.113 MB of memory in use
PRESSURE: 1800 10.3538 -82.4839 236.517 -82.4842 -490.255 103.262 236.519 103.266 174.803
GPRESSURE: 1800 11.808 -156.522 166.866 -72.378 -427.983 326.014 184.125 28.6752 224.815
PRESSAVG: 1800 -124.904 10.1352 142.023 10.1353 -17.2204 77.2681 142.024 77.268 93.5891
GPRESSAVG: 1800 -120.223 11.5443 143.472 10.5176 -19.9696 88.2555 146.914 63.1609 92.3188
ENERGY:    1800       239.1050       662.2764       736.4281        41.6862         -47905.0999      3459.1263         0.0000         0.0000      8291.9129         -34474.5649       298.8812    -42766.4778    -34444.5263       300.3692           -101.6995       -63.7866    133519.0704       -16.1785       -15.9578

PRESSURE: 1900 -497.862 96.3896 62.0654 96.3885 -837.312 51.8426 62.0644 51.8453 -805.932
GPRESSURE: 1900 -512.311 84.735 199.826 -8.12168 -719.742 2.72236 216.361 263.626 -802.309
PRESSAVG: 1900 128.903 -26.965 48.6318 -26.965 -24.2403 -26.9589 48.6316 -26.959 -38.3382
GPRESSAVG: 1900 127.081 -28.154 44.9099 -25.995 -20.2918 -27.9427 56.7756 -25.2262 -38.7876
ENERGY:    1900       237.5625       682.9750       731.9385        44.3207         -47673.3110      3309.3499         0.0000         0.0000      8270.0886         -34397.0758       298.0945    -42667.1644    -34369.0728       300.7611           -713.7019      -678.1207    134069.2793        22.1081        22.6671

PRESSURE: 2000 -162.418 -38.7422 -362.452 -38.7424 157.482 -387.755 -362.45 -387.754 112.963
GPRESSURE: 2000 -109.173 -11.8789 -258.302 -182.523 194.949 -314.71 -417.289 -402.601 84.854
PRESSAVG: 2000 -26.4756 -90.2137 77.0555 -90.2141 -22.4965 -79.604 77.0557 -79.6041 7.21984
GPRESSAVG: 2000 -27.8741 -92.3978 86.5455 -92.5175 -18.4458 -87.9952 68.0318 -78.3188 3.11753
TIMING: 2000  CPU: 27.997, 0.014137/step  Wall: 27.997, 0.014137/step, 0.00235617 hours remaining, 435.113281 MB of memory in use.
ETITLE:      TS           BOND          ANGLE          DIHED          IMPRP               ELECT            VDW       BOUNDARY           MISC        KINETIC               TOTAL           TEMP      POTENTIAL         TOTAL3        TEMPAVG            PRESSURE      GPRESSURE         VOLUME       PRESSAVG      GPRESSAVG

ENERGY:    2000       253.8387       686.3706       748.3655        43.4645         -47976.6946      3422.9206         0.0000         0.0000      8416.3633         -34405.3714       303.3670    -42821.7347    -34380.2863       301.2347             36.0089        56.8765    132721.9573       -13.9174       -14.4008

WRITING EXTENDED SYSTEM TO RESTART FILE AT STEP 2000
WRITING COORDINATES TO DCD FILE ubq_wb_eq.dcd AT STEP 2000
WRITING COORDINATES TO RESTART FILE AT STEP 2000
FINISHED WRITING RESTART COORDINATES
The last position output (seq=2000) takes 0.003 seconds, 435.113 MB of memory in use
WRITING VELOCITIES TO RESTART FILE AT STEP 2000
FINISHED WRITING RESTART VELOCITIES
The last velocity output (seq=2000) takes 0.003 seconds, 435.113 MB of memory in use
PRESSURE: 2100 185.396 126.458 -84.4593 126.456 -363.692 -396.203 -84.4594 -396.205 -223.512
GPRESSURE: 2100 146.034 76.8064 -8.321 10.5348 -307.151 -137.156 -8.57278 -567.194 -153.979
PRESSAVG: 2100 16.2278 25.7836 51.1247 25.7838 66.5205 0.382587 51.1251 0.38249 -119.403
GPRESSAVG: 2100 15.5719 33.74 40.1071 24.0097 62.3799 -0.820186 60.8778 1.69379 -112.902
ENERGY:    2100       227.0842       689.2468       743.6462        54.0014         -47862.1701      3431.6684         0.0000         0.0000      8346.2480         -34370.2750       300.8397    -42716.5230    -34344.3667       302.9957           -133.9358      -105.0319    132798.4826       -12.2182       -11.6502

LDB: ============= START OF LOAD BALANCING ============== 32.147
LDB: ============== END OF LOAD BALANCING =============== 32.147
LDB: =============== DONE WITH MIGRATION ================ 32.147
LDB: ============= START OF LOAD BALANCING ============== 32.833
LDB: ============== END OF LOAD BALANCING =============== 32.833
LDB: =============== DONE WITH MIGRATION ================ 32.833
PRESSURE: 2200 241.033 -51.6175 -418.217 -51.6181 522.671 99.9842 -418.215 99.9862 659.766
GPRESSURE: 2200 258.82 -41.9641 -430.251 -3.55608 512.492 74.4585 -508.859 179.012 751.144
PRESSAVG: 2200 108.039 -90.8021 -172.996 -90.8022 -52.7303 -31.5145 -172.996 -31.5144 -101.095
GPRESSAVG: 2200 109.348 -94.8919 -170.508 -89.3361 -51.0255 -27.8466 -173.893 -29.5569 -105.447
ENERGY:    2200       220.7281       698.6846       731.6728        49.1513         -48201.2311      3685.8666         0.0000         0.0000      8509.2746         -34305.8531       306.7160    -42815.1277    -34276.8831       301.6897            474.4899       507.4855    132288.0773       -15.2621       -15.7082

WRITING COORDINATES TO DCD FILE ubq_wb_eq.dcd AT STEP 2250
The last position output (seq=2250) takes 0.001 seconds, 435.176 MB of memory in use
PRESSURE: 2300 -127.251 244.57 211.759 244.571 -298.637 -1.66223 211.757 -1.66315 -264.125
GPRESSURE: 2300 -42.3499 197.317 181.596 119.677 -258.618 108.439 333.664 1.8947 -285.526
PRESSAVG: 2300 102.562 19.8736 66.1194 19.8733 79.299 122.813 66.1191 122.813 -81.3109
GPRESSAVG: 2300 99.4544 11.0932 61.5569 21.49 76.7095 123.559 55.3279 124.673 -74.5552
ENERGY:    2300       253.6070       696.3911       747.2045        47.1750         -47847.0832      3419.7627         0.0000         0.0000      8389.0047         -34293.9383       302.3809    -42682.9430    -34269.2456       304.0342           -230.0042      -195.4981    132649.7439        33.5169        33.8696

PRESSURE: 2400 5.91656 -206.692 232.781 -206.69 -578.941 -3.83694 232.778 -3.83895 -749.809
GPRESSURE: 2400 86.1454 -168.288 85.8631 -86.5544 -563.028 -5.53155 232.798 159.495 -758.458
PRESSAVG: 2400 30.3149 89.5369 16.1813 89.5372 56.1991 104.668 16.1811 104.668 -57.6068
GPRESSAVG: 2400 39.6077 94.2987 22.6402 89.0538 55.8862 101.481 24.6555 103.424 -65.8316
ENERGY:    2400       252.0474       682.6858       727.9416        48.3942         -47860.9041      3392.7876         0.0000         0.0000      8408.7372         -34348.3103       303.0921    -42757.0475    -34324.1139       301.9347           -440.9444      -411.7800    132989.1309         9.6357         9.8874

PRESSURE: 2500 -88.548 277.421 -123.562 277.421 293.15 42.6881 -123.561 42.6868 -598.337
GPRESSURE: 2500 5.95338 8.94384 -359.025 320.005 331.246 76.5103 -19.571 173.484 -631.543
PRESSAVG: 2500 -1.48043 -8.57936 -10.6307 -8.57946 -7.14153 169.106 -10.6306 169.106 -45.3038
GPRESSAVG: 2500 -1.63862 -2.30798 -13.1133 -13.1265 -11.1607 177.128 -10.0902 165.627 -40.4623
ENERGY:    2500       232.6461       680.2688       726.4188        49.6896         -47857.3741      3400.7882         0.0000         0.0000      8448.1453         -34319.4173       304.5126    -42767.5626    -34293.4130       302.0770           -131.2451       -98.1146    133014.1341       -17.9753       -17.7539

WRITING EXTENDED SYSTEM TO RESTART FILE AT STEP 2500
WRITING COORDINATES TO DCD FILE ubq_wb_eq.dcd AT STEP 2500
WRITING COORDINATES TO RESTART FILE AT STEP 2500
FINISHED WRITING RESTART COORDINATES
The last position output (seq=2500) takes 0.004 seconds, 435.176 MB of memory in use
WRITING VELOCITIES TO RESTART FILE AT STEP 2500
FINISHED WRITING RESTART VELOCITIES
The last velocity output (seq=2500) takes 0.002 seconds, 435.176 MB of memory in use
PRESSURE: 2600 309.899 19.9346 -57.0707 19.9406 175.736 -92.5038 -57.0688 -92.5041 391.655
GPRESSURE: 2600 371.085 226.213 -26.4502 108.83 111.129 -116.635 -33.0768 -69.1099 495.13
PRESSAVG: 2600 164.453 96.8392 -198.169 96.8393 9.02847 -44.4903 -198.17 -44.4903 -151.433
GPRESSAVG: 2600 158.223 89.5697 -188.301 98.0751 14.0851 -52.1284 -204.218 -40.6644 -149.322
ENERGY:    2600       209.9507       687.0159       727.3568        42.9439         -47962.6619      3586.3583         0.0000         0.0000      8440.4761         -34268.5601       304.2361    -42709.0362    -34246.0524       303.2616            292.4297       325.7815    133126.4132         7.3497         7.6620

WRITING EXTENDED SYSTEM TO OUTPUT FILE AT STEP 2600
CLOSING EXTENDED SYSTEM TRAJECTORY FILE
WRITING COORDINATES TO OUTPUT FILE AT STEP 2600
CLOSING COORDINATE DCD FILE ubq_wb_eq.dcd
WRITING VELOCITIES TO OUTPUT FILE AT STEP 2600
====================================================

WallClock: 38.554001  CPUTime: 38.555000  Memory: 435.175781 MB
